[ 2017-03-31T09:49:07+08:00 ] ::1 /OA/index.php/Sign/SignList/showSignList
INFO: [ app_init ] --START--
INFO: Run Behavior\BuildLiteBehavior [ RunTime:0.000000s ]
INFO: [ app_init ] --END-- [ RunTime:0.001000s ]
INFO: [ app_begin ] --START--
INFO: Run Behavior\ReadHtmlCacheBehavior [ RunTime:0.000000s ]
INFO: [ app_begin ] --END-- [ RunTime:0.000000s ]
SQL: SHOW COLUMNS FROM `auth_group_access` [ RunTime:0.0010s ]
SQL: SELECT `uid`,`group_id`,`title`,`rules` FROM auth_group_access a INNER JOIN auth_group g on a.group_id=g.id  WHERE ( a.uid='1' and g.status='1' )  [ RunTime:0.0010s ]
SQL: SHOW COLUMNS FROM `auth_rule` [ RunTime:0.0010s ]
SQL: SELECT `condition`,`name` FROM `auth_rule` WHERE `id` IN ('1','4','5','6','10','12','13','14','15','16','17','19','20','21','22','23','24','26','27','28','30','31','32','33','56','2','3','7','8','9','11','18','25','29','34','35','36','37','38','39','40','41','42','43','44','45','46','47','48','49','50','51','52','53','54','55') AND `type` = 1 AND `status` = 1  [ RunTime:0.0000s ]
SQL: SHOW COLUMNS FROM `sign` [ RunTime:0.0110s ]
SQL: SELECT COUNT(*) AS tp_count FROM `sign` LIMIT 1   [ RunTime:0.0000s ]
SQL: SELECT * FROM `sign` INNER JOIN employee on sign.employee_id = employee.employee_id  LIMIT 0,5   [ RunTime:0.0000s ]
INFO: [ view_parse ] --START--
INFO: [ template_filter ] --START--
INFO: Run Behavior\ContentReplaceBehavior [ RunTime:0.000000s ]
INFO: [ template_filter ] --END-- [ RunTime:0.001000s ]
NOTIC: [8] Undefined variable: sign C:\wamp64\www\OA\Application\Runtime\Cache\Sign\f83bcbc28c86afbbd25c3a880c3edbf9.php 第 398 行.
NOTIC: [8] Undefined variable: sign C:\wamp64\www\OA\Application\Runtime\Cache\Sign\f83bcbc28c86afbbd25c3a880c3edbf9.php 第 399 行.
NOTIC: [8] Undefined variable: sign C:\wamp64\www\OA\Application\Runtime\Cache\Sign\f83bcbc28c86afbbd25c3a880c3edbf9.php 第 400 行.
INFO: Run Behavior\ParseTemplateBehavior [ RunTime:0.018001s ]
INFO: [ view_parse ] --END-- [ RunTime:0.018001s ]
INFO: [ view_filter ] --START--
INFO: Run Behavior\WriteHtmlCacheBehavior [ RunTime:0.000000s ]
INFO: [ view_filter ] --END-- [ RunTime:0.000000s ]
INFO: [ app_end ] --START--
INFO: Run Behavior\ShowPageTraceBehavior [ RunTime:0.000000s ]
INFO: [ app_end ] --END-- [ RunTime:0.001000s ]

[ 2017-03-31T09:49:15+08:00 ] ::1 /OA/index.php/Sign/SignList/showOneSignList
INFO: [ app_init ] --START--
INFO: Run Behavior\BuildLiteBehavior [ RunTime:0.000000s ]
INFO: [ app_init ] --END-- [ RunTime:0.000000s ]
INFO: [ app_begin ] --START--
INFO: Run Behavior\ReadHtmlCacheBehavior [ RunTime:0.001000s ]
INFO: [ app_begin ] --END-- [ RunTime:0.001000s ]
SQL: SHOW COLUMNS FROM `auth_group_access` [ RunTime:0.0000s ]
SQL: SELECT `uid`,`group_id`,`title`,`rules` FROM auth_group_access a INNER JOIN auth_group g on a.group_id=g.id  WHERE ( a.uid='1' and g.status='1' )  [ RunTime:0.0000s ]
SQL: SHOW COLUMNS FROM `auth_rule` [ RunTime:0.0010s ]
SQL: SELECT `condition`,`name` FROM `auth_rule` WHERE `id` IN ('1','4','5','6','10','12','13','14','15','16','17','19','20','21','22','23','24','26','27','28','30','31','32','33','56','2','3','7','8','9','11','18','25','29','34','35','36','37','38','39','40','41','42','43','44','45','46','47','48','49','50','51','52','53','54','55') AND `type` = 1 AND `status` = 1  [ RunTime:0.0000s ]
SQL: SHOW COLUMNS FROM `sign` [ RunTime:0.0000s ]
SQL: SELECT COUNT(*) AS tp_count FROM `sign` WHERE sign.employee_id = 1 LIMIT 1   [ RunTime:0.0000s ]
SQL: SELECT * FROM `sign` INNER JOIN employee on sign.employee_id = employee.employee_id   WHERE sign.employee_id = 1 LIMIT 0,5   [ RunTime:0.0000s ]
INFO: [ view_parse ] --START--
INFO: [ template_filter ] --START--
INFO: Run Behavior\ContentReplaceBehavior [ RunTime:0.000000s ]
INFO: [ template_filter ] --END-- [ RunTime:0.001000s ]
NOTIC: [8] Undefined variable: sign C:\wamp64\www\OA\Application\Runtime\Cache\Sign\2e0d5f9003d7d966194fa6309d89f77f.php 第 396 行.
NOTIC: [8] Undefined variable: sign C:\wamp64\www\OA\Application\Runtime\Cache\Sign\2e0d5f9003d7d966194fa6309d89f77f.php 第 397 行.
INFO: Run Behavior\ParseTemplateBehavior [ RunTime:0.010001s ]
INFO: [ view_parse ] --END-- [ RunTime:0.010001s ]
INFO: [ view_filter ] --START--
INFO: Run Behavior\WriteHtmlCacheBehavior [ RunTime:0.000000s ]
INFO: [ view_filter ] --END-- [ RunTime:0.000000s ]
INFO: [ app_end ] --START--
INFO: Run Behavior\ShowPageTraceBehavior [ RunTime:0.000000s ]
INFO: [ app_end ] --END-- [ RunTime:0.000000s ]

[ 2017-03-31T09:49:19+08:00 ] ::1 /OA/index.php/Sign/LeaveList/showLeaveList
INFO: [ app_init ] --START--
INFO: Run Behavior\BuildLiteBehavior [ RunTime:0.000000s ]
INFO: [ app_init ] --END-- [ RunTime:0.001000s ]
INFO: [ app_begin ] --START--
INFO: Run Behavior\ReadHtmlCacheBehavior [ RunTime:0.001000s ]
INFO: [ app_begin ] --END-- [ RunTime:0.001000s ]
SQL: SHOW COLUMNS FROM `auth_group_access` [ RunTime:0.0000s ]
SQL: SELECT `uid`,`group_id`,`title`,`rules` FROM auth_group_access a INNER JOIN auth_group g on a.group_id=g.id  WHERE ( a.uid='1' and g.status='1' )  [ RunTime:0.0000s ]
SQL: SHOW COLUMNS FROM `auth_rule` [ RunTime:0.0010s ]
SQL: SELECT `condition`,`name` FROM `auth_rule` WHERE `id` IN ('1','4','5','6','10','12','13','14','15','16','17','19','20','21','22','23','24','26','27','28','30','31','32','33','56','2','3','7','8','9','11','18','25','29','34','35','36','37','38','39','40','41','42','43','44','45','46','47','48','49','50','51','52','53','54','55') AND `type` = 1 AND `status` = 1  [ RunTime:0.0000s ]
SQL: SHOW COLUMNS FROM `leave` [ RunTime:0.0000s ]
SQL: SELECT COUNT(*) AS tp_count FROM `leave` LIMIT 1   [ RunTime:0.0000s ]
SQL: SELECT * FROM `leave` LEFT JOIN employee on leave.employee_id = employee.employee_id  LIMIT 0,5   [ RunTime:0.0000s ]
INFO: [ view_parse ] --START--
INFO: [ template_filter ] --START--
INFO: Run Behavior\ContentReplaceBehavior [ RunTime:0.000000s ]
INFO: [ template_filter ] --END-- [ RunTime:0.000000s ]
NOTIC: [8] Undefined variable: leave C:\wamp64\www\OA\Application\Runtime\Cache\Sign\dc89cd00d3362fe55ba8c6e1b7835b46.php 第 396 行.
INFO: Run Behavior\ParseTemplateBehavior [ RunTime:0.012000s ]
INFO: [ view_parse ] --END-- [ RunTime:0.012000s ]
INFO: [ view_filter ] --START--
INFO: Run Behavior\WriteHtmlCacheBehavior [ RunTime:0.000000s ]
INFO: [ view_filter ] --END-- [ RunTime:0.000000s ]
INFO: [ app_end ] --START--
INFO: Run Behavior\ShowPageTraceBehavior [ RunTime:0.001001s ]
INFO: [ app_end ] --END-- [ RunTime:0.001001s ]

[ 2017-03-31T09:49:20+08:00 ] ::1 /OA/index.php/Sign/LeaveList/showOneLeaveList
INFO: [ app_init ] --START--
INFO: Run Behavior\BuildLiteBehavior [ RunTime:0.000000s ]
INFO: [ app_init ] --END-- [ RunTime:0.001000s ]
INFO: [ app_begin ] --START--
INFO: Run Behavior\ReadHtmlCacheBehavior [ RunTime:0.001000s ]
INFO: [ app_begin ] --END-- [ RunTime:0.001000s ]
SQL: SHOW COLUMNS FROM `auth_group_access` [ RunTime:0.0000s ]
SQL: SELECT `uid`,`group_id`,`title`,`rules` FROM auth_group_access a INNER JOIN auth_group g on a.group_id=g.id  WHERE ( a.uid='1' and g.status='1' )  [ RunTime:0.0000s ]
SQL: SHOW COLUMNS FROM `auth_rule` [ RunTime:0.0010s ]
SQL: SELECT `condition`,`name` FROM `auth_rule` WHERE `id` IN ('1','4','5','6','10','12','13','14','15','16','17','19','20','21','22','23','24','26','27','28','30','31','32','33','56','2','3','7','8','9','11','18','25','29','34','35','36','37','38','39','40','41','42','43','44','45','46','47','48','49','50','51','52','53','54','55') AND `type` = 1 AND `status` = 1  [ RunTime:0.0000s ]
SQL: SHOW COLUMNS FROM `leave` [ RunTime:0.0010s ]
SQL: SELECT COUNT(*) AS tp_count FROM `leave` WHERE leave.employee_id = 1 LIMIT 1   [ RunTime:0.0010s ]
SQL: SELECT * FROM `leave` LEFT JOIN employee on leave.employee_id = employee.employee_id  WHERE leave.employee_id = 1 LIMIT 0,5   [ RunTime:0.0000s ]
INFO: [ view_parse ] --START--
INFO: [ template_filter ] --START--
INFO: Run Behavior\ContentReplaceBehavior [ RunTime:0.000000s ]
INFO: [ template_filter ] --END-- [ RunTime:0.000000s ]
NOTIC: [8] Undefined variable: leave C:\wamp64\www\OA\Application\Runtime\Cache\Sign\f6b867b4d84ea8bea595907907d472be.php 第 396 行.
INFO: Run Behavior\ParseTemplateBehavior [ RunTime:0.011001s ]
INFO: [ view_parse ] --END-- [ RunTime:0.011001s ]
INFO: [ view_filter ] --START--
INFO: Run Behavior\WriteHtmlCacheBehavior [ RunTime:0.000000s ]
INFO: [ view_filter ] --END-- [ RunTime:0.000000s ]
INFO: [ app_end ] --START--
INFO: Run Behavior\ShowPageTraceBehavior [ RunTime:0.001000s ]
INFO: [ app_end ] --END-- [ RunTime:0.001000s ]

[ 2017-03-31T09:49:22+08:00 ] ::1 /OA/index.php/Sign/FillLeave/addLeave
INFO: [ app_init ] --START--
INFO: Run Behavior\BuildLiteBehavior [ RunTime:0.000000s ]
INFO: [ app_init ] --END-- [ RunTime:0.001000s ]
INFO: [ app_begin ] --START--
INFO: Run Behavior\ReadHtmlCacheBehavior [ RunTime:0.000000s ]
INFO: [ app_begin ] --END-- [ RunTime:0.001000s ]
SQL: SHOW COLUMNS FROM `auth_group_access` [ RunTime:0.0010s ]
SQL: SELECT `uid`,`group_id`,`title`,`rules` FROM auth_group_access a INNER JOIN auth_group g on a.group_id=g.id  WHERE ( a.uid='1' and g.status='1' )  [ RunTime:0.0010s ]
SQL: SHOW COLUMNS FROM `auth_rule` [ RunTime:0.0010s ]
SQL: SELECT `condition`,`name` FROM `auth_rule` WHERE `id` IN ('1','4','5','6','10','12','13','14','15','16','17','19','20','21','22','23','24','26','27','28','30','31','32','33','56','2','3','7','8','9','11','18','25','29','34','35','36','37','38','39','40','41','42','43','44','45','46','47','48','49','50','51','52','53','54','55') AND `type` = 1 AND `status` = 1  [ RunTime:0.0010s ]
INFO: [ view_parse ] --START--
INFO: [ template_filter ] --START--
INFO: Run Behavior\ContentReplaceBehavior [ RunTime:0.000000s ]
INFO: [ template_filter ] --END-- [ RunTime:0.000000s ]
INFO: Run Behavior\ParseTemplateBehavior [ RunTime:0.008000s ]
INFO: [ view_parse ] --END-- [ RunTime:0.008000s ]
INFO: [ view_filter ] --START--
INFO: Run Behavior\WriteHtmlCacheBehavior [ RunTime:0.000000s ]
INFO: [ view_filter ] --END-- [ RunTime:0.000000s ]

[ 2017-03-31T09:49:23+08:00 ] ::1 /OA/index.php/Sign/SignList/addSign
INFO: [ app_init ] --START--
INFO: Run Behavior\BuildLiteBehavior [ RunTime:0.000000s ]
INFO: [ app_init ] --END-- [ RunTime:0.001000s ]
INFO: [ app_begin ] --START--
INFO: Run Behavior\ReadHtmlCacheBehavior [ RunTime:0.001000s ]
INFO: [ app_begin ] --END-- [ RunTime:0.002000s ]
SQL: SHOW COLUMNS FROM `auth_group_access` [ RunTime:0.0020s ]
SQL: SELECT `uid`,`group_id`,`title`,`rules` FROM auth_group_access a INNER JOIN auth_group g on a.group_id=g.id  WHERE ( a.uid='1' and g.status='1' )  [ RunTime:0.0010s ]
SQL: SHOW COLUMNS FROM `auth_rule` [ RunTime:0.0000s ]
SQL: SELECT `condition`,`name` FROM `auth_rule` WHERE `id` IN ('1','4','5','6','10','12','13','14','15','16','17','19','20','21','22','23','24','26','27','28','30','31','32','33','56','2','3','7','8','9','11','18','25','29','34','35','36','37','38','39','40','41','42','43','44','45','46','47','48','49','50','51','52','53','54','55') AND `type` = 1 AND `status` = 1  [ RunTime:0.0010s ]
INFO: [ view_parse ] --START--
INFO: [ template_filter ] --START--
INFO: Run Behavior\ContentReplaceBehavior [ RunTime:0.001000s ]
INFO: [ template_filter ] --END-- [ RunTime:0.001000s ]
INFO: Run Behavior\ParseTemplateBehavior [ RunTime:0.014001s ]
INFO: [ view_parse ] --END-- [ RunTime:0.014001s ]
INFO: [ view_filter ] --START--
INFO: Run Behavior\WriteHtmlCacheBehavior [ RunTime:0.001000s ]
INFO: [ view_filter ] --END-- [ RunTime:0.001000s ]

[ 2017-03-31T09:49:30+08:00 ] ::1 /OA/index.php/Sign/SignList/showOneSignList
INFO: [ app_init ] --START--
INFO: Run Behavior\BuildLiteBehavior [ RunTime:0.000000s ]
INFO: [ app_init ] --END-- [ RunTime:0.001000s ]
INFO: [ app_begin ] --START--
INFO: Run Behavior\ReadHtmlCacheBehavior [ RunTime:0.001000s ]
INFO: [ app_begin ] --END-- [ RunTime:0.001000s ]
SQL: SHOW COLUMNS FROM `auth_group_access` [ RunTime:0.0000s ]
SQL: SELECT `uid`,`group_id`,`title`,`rules` FROM auth_group_access a INNER JOIN auth_group g on a.group_id=g.id  WHERE ( a.uid='1' and g.status='1' )  [ RunTime:0.0000s ]
SQL: SHOW COLUMNS FROM `auth_rule` [ RunTime:0.0010s ]
SQL: SELECT `condition`,`name` FROM `auth_rule` WHERE `id` IN ('1','4','5','6','10','12','13','14','15','16','17','19','20','21','22','23','24','26','27','28','30','31','32','33','56','2','3','7','8','9','11','18','25','29','34','35','36','37','38','39','40','41','42','43','44','45','46','47','48','49','50','51','52','53','54','55') AND `type` = 1 AND `status` = 1  [ RunTime:0.0000s ]
SQL: SHOW COLUMNS FROM `sign` [ RunTime:0.0010s ]
SQL: SELECT COUNT(*) AS tp_count FROM `sign` WHERE sign.employee_id = 1 LIMIT 1   [ RunTime:0.0000s ]
SQL: SELECT * FROM `sign` INNER JOIN employee on sign.employee_id = employee.employee_id   WHERE sign.employee_id = 1 LIMIT 0,5   [ RunTime:0.0010s ]
INFO: [ view_parse ] --START--
INFO: [ template_filter ] --START--
INFO: Run Behavior\ContentReplaceBehavior [ RunTime:0.000000s ]
INFO: [ template_filter ] --END-- [ RunTime:0.000000s ]
NOTIC: [8] Undefined variable: sign C:\wamp64\www\OA\Application\Runtime\Cache\Sign\2e0d5f9003d7d966194fa6309d89f77f.php 第 396 行.
NOTIC: [8] Undefined variable: sign C:\wamp64\www\OA\Application\Runtime\Cache\Sign\2e0d5f9003d7d966194fa6309d89f77f.php 第 397 行.
INFO: Run Behavior\ParseTemplateBehavior [ RunTime:0.011001s ]
INFO: [ view_parse ] --END-- [ RunTime:0.011001s ]
INFO: [ view_filter ] --START--
INFO: Run Behavior\WriteHtmlCacheBehavior [ RunTime:0.000000s ]
INFO: [ view_filter ] --END-- [ RunTime:0.000000s ]
INFO: [ app_end ] --START--
INFO: Run Behavior\ShowPageTraceBehavior [ RunTime:0.000000s ]
INFO: [ app_end ] --END-- [ RunTime:0.001000s ]

[ 2017-03-31T09:49:31+08:00 ] ::1 /OA/index.php/Sign/SignList/showSignList
INFO: [ app_init ] --START--
INFO: Run Behavior\BuildLiteBehavior [ RunTime:0.000000s ]
INFO: [ app_init ] --END-- [ RunTime:0.001000s ]
INFO: [ app_begin ] --START--
INFO: Run Behavior\ReadHtmlCacheBehavior [ RunTime:0.001000s ]
INFO: [ app_begin ] --END-- [ RunTime:0.001000s ]
SQL: SHOW COLUMNS FROM `auth_group_access` [ RunTime:0.0010s ]
SQL: SELECT `uid`,`group_id`,`title`,`rules` FROM auth_group_access a INNER JOIN auth_group g on a.group_id=g.id  WHERE ( a.uid='1' and g.status='1' )  [ RunTime:0.0010s ]
SQL: SHOW COLUMNS FROM `auth_rule` [ RunTime:0.0000s ]
SQL: SELECT `condition`,`name` FROM `auth_rule` WHERE `id` IN ('1','4','5','6','10','12','13','14','15','16','17','19','20','21','22','23','24','26','27','28','30','31','32','33','56','2','3','7','8','9','11','18','25','29','34','35','36','37','38','39','40','41','42','43','44','45','46','47','48','49','50','51','52','53','54','55') AND `type` = 1 AND `status` = 1  [ RunTime:0.0010s ]
SQL: SHOW COLUMNS FROM `sign` [ RunTime:0.0010s ]
SQL: SELECT COUNT(*) AS tp_count FROM `sign` LIMIT 1   [ RunTime:0.0000s ]
SQL: SELECT * FROM `sign` INNER JOIN employee on sign.employee_id = employee.employee_id  LIMIT 0,5   [ RunTime:0.0000s ]
INFO: [ view_parse ] --START--
INFO: [ template_filter ] --START--
INFO: Run Behavior\ContentReplaceBehavior [ RunTime:0.000000s ]
INFO: [ template_filter ] --END-- [ RunTime:0.001001s ]
NOTIC: [8] Undefined variable: sign C:\wamp64\www\OA\Application\Runtime\Cache\Sign\f83bcbc28c86afbbd25c3a880c3edbf9.php 第 398 行.
NOTIC: [8] Undefined variable: sign C:\wamp64\www\OA\Application\Runtime\Cache\Sign\f83bcbc28c86afbbd25c3a880c3edbf9.php 第 399 行.
NOTIC: [8] Undefined variable: sign C:\wamp64\www\OA\Application\Runtime\Cache\Sign\f83bcbc28c86afbbd25c3a880c3edbf9.php 第 400 行.
INFO: Run Behavior\ParseTemplateBehavior [ RunTime:0.018001s ]
INFO: [ view_parse ] --END-- [ RunTime:0.018001s ]
INFO: [ view_filter ] --START--
INFO: Run Behavior\WriteHtmlCacheBehavior [ RunTime:0.001000s ]
INFO: [ view_filter ] --END-- [ RunTime:0.001000s ]
INFO: [ app_end ] --START--
INFO: Run Behavior\ShowPageTraceBehavior [ RunTime:0.001000s ]
INFO: [ app_end ] --END-- [ RunTime:0.001000s ]

[ 2017-03-31T09:49:32+08:00 ] ::1 /OA/index.php/Sign/SignList/showOneSignList
INFO: [ app_init ] --START--
INFO: Run Behavior\BuildLiteBehavior [ RunTime:0.000000s ]
INFO: [ app_init ] --END-- [ RunTime:0.001000s ]
INFO: [ app_begin ] --START--
INFO: Run Behavior\ReadHtmlCacheBehavior [ RunTime:0.001000s ]
INFO: [ app_begin ] --END-- [ RunTime:0.001000s ]
SQL: SHOW COLUMNS FROM `auth_group_access` [ RunTime:0.0000s ]
SQL: SELECT `uid`,`group_id`,`title`,`rules` FROM auth_group_access a INNER JOIN auth_group g on a.group_id=g.id  WHERE ( a.uid='1' and g.status='1' )  [ RunTime:0.0000s ]
SQL: SHOW COLUMNS FROM `auth_rule` [ RunTime:0.0000s ]
SQL: SELECT `condition`,`name` FROM `auth_rule` WHERE `id` IN ('1','4','5','6','10','12','13','14','15','16','17','19','20','21','22','23','24','26','27','28','30','31','32','33','56','2','3','7','8','9','11','18','25','29','34','35','36','37','38','39','40','41','42','43','44','45','46','47','48','49','50','51','52','53','54','55') AND `type` = 1 AND `status` = 1  [ RunTime:0.0000s ]
SQL: SHOW COLUMNS FROM `sign` [ RunTime:0.0010s ]
SQL: SELECT COUNT(*) AS tp_count FROM `sign` WHERE sign.employee_id = 1 LIMIT 1   [ RunTime:0.0000s ]
SQL: SELECT * FROM `sign` INNER JOIN employee on sign.employee_id = employee.employee_id   WHERE sign.employee_id = 1 LIMIT 0,5   [ RunTime:0.0010s ]
INFO: [ view_parse ] --START--
INFO: [ template_filter ] --START--
INFO: Run Behavior\ContentReplaceBehavior [ RunTime:0.000000s ]
INFO: [ template_filter ] --END-- [ RunTime:0.000000s ]
NOTIC: [8] Undefined variable: sign C:\wamp64\www\OA\Application\Runtime\Cache\Sign\2e0d5f9003d7d966194fa6309d89f77f.php 第 396 行.
NOTIC: [8] Undefined variable: sign C:\wamp64\www\OA\Application\Runtime\Cache\Sign\2e0d5f9003d7d966194fa6309d89f77f.php 第 397 行.
INFO: Run Behavior\ParseTemplateBehavior [ RunTime:0.019001s ]
INFO: [ view_parse ] --END-- [ RunTime:0.019001s ]
INFO: [ view_filter ] --START--
INFO: Run Behavior\WriteHtmlCacheBehavior [ RunTime:0.001000s ]
INFO: [ view_filter ] --END-- [ RunTime:0.001000s ]
INFO: [ app_end ] --START--
INFO: Run Behavior\ShowPageTraceBehavior [ RunTime:0.001000s ]
INFO: [ app_end ] --END-- [ RunTime:0.001000s ]

[ 2017-03-31T09:49:32+08:00 ] ::1 /OA/index.php/Sign/SignList/addSign
INFO: [ app_init ] --START--
INFO: Run Behavior\BuildLiteBehavior [ RunTime:0.000000s ]
INFO: [ app_init ] --END-- [ RunTime:0.001000s ]
INFO: [ app_begin ] --START--
INFO: Run Behavior\ReadHtmlCacheBehavior [ RunTime:0.000000s ]
INFO: [ app_begin ] --END-- [ RunTime:0.000000s ]
SQL: SHOW COLUMNS FROM `auth_group_access` [ RunTime:0.0010s ]
SQL: SELECT `uid`,`group_id`,`title`,`rules` FROM auth_group_access a INNER JOIN auth_group g on a.group_id=g.id  WHERE ( a.uid='1' and g.status='1' )  [ RunTime:0.0010s ]
SQL: SHOW COLUMNS FROM `auth_rule` [ RunTime:0.0010s ]
SQL: SELECT `condition`,`name` FROM `auth_rule` WHERE `id` IN ('1','4','5','6','10','12','13','14','15','16','17','19','20','21','22','23','24','26','27','28','30','31','32','33','56','2','3','7','8','9','11','18','25','29','34','35','36','37','38','39','40','41','42','43','44','45','46','47','48','49','50','51','52','53','54','55') AND `type` = 1 AND `status` = 1  [ RunTime:0.0000s ]
INFO: [ view_parse ] --START--
INFO: [ template_filter ] --START--
INFO: Run Behavior\ContentReplaceBehavior [ RunTime:0.000000s ]
INFO: [ template_filter ] --END-- [ RunTime:0.000000s ]
INFO: Run Behavior\ParseTemplateBehavior [ RunTime:0.012001s ]
INFO: [ view_parse ] --END-- [ RunTime:0.012001s ]
INFO: [ view_filter ] --START--
INFO: Run Behavior\WriteHtmlCacheBehavior [ RunTime:0.000000s ]
INFO: [ view_filter ] --END-- [ RunTime:0.000000s ]

[ 2017-03-31T11:02:25+08:00 ] ::1 /OA/index.php/Sign/SignList/showSignList
INFO: [ app_init ] --START--
INFO: Run Behavior\BuildLiteBehavior [ RunTime:0.000000s ]
INFO: [ app_init ] --END-- [ RunTime:0.001000s ]
INFO: [ app_begin ] --START--
INFO: Run Behavior\ReadHtmlCacheBehavior [ RunTime:0.000000s ]
INFO: [ app_begin ] --END-- [ RunTime:0.001000s ]
SQL: SHOW COLUMNS FROM `auth_group_access` [ RunTime:0.0010s ]
SQL: SELECT `uid`,`group_id`,`title`,`rules` FROM auth_group_access a INNER JOIN auth_group g on a.group_id=g.id  WHERE ( a.uid='1' and g.status='1' )  [ RunTime:0.0010s ]
SQL: SHOW COLUMNS FROM `auth_rule` [ RunTime:0.0010s ]
SQL: SELECT `condition`,`name` FROM `auth_rule` WHERE `id` IN ('1','4','5','6','10','12','13','14','15','16','17','19','20','21','22','23','24','26','27','28','30','31','32','33','56','2','3','7','8','9','11','18','25','29','34','35','36','37','38','39','40','41','42','43','44','45','46','47','48','49','50','51','52','53','54','55') AND `type` = 1 AND `status` = 1  [ RunTime:0.0010s ]
SQL: SHOW COLUMNS FROM `sign` [ RunTime:0.0010s ]
SQL: SELECT COUNT(*) AS tp_count FROM `sign` LIMIT 1   [ RunTime:0.0000s ]
SQL: SELECT * FROM `sign` INNER JOIN employee on sign.employee_id = employee.employee_id  LIMIT 0,5   [ RunTime:0.0000s ]
INFO: [ view_parse ] --START--
INFO: [ template_filter ] --START--
INFO: Run Behavior\ContentReplaceBehavior [ RunTime:0.000000s ]
INFO: [ template_filter ] --END-- [ RunTime:0.000000s ]
NOTIC: [8] Undefined variable: sign C:\wamp64\www\OA\Application\Runtime\Cache\Sign\f83bcbc28c86afbbd25c3a880c3edbf9.php 第 398 行.
NOTIC: [8] Undefined variable: sign C:\wamp64\www\OA\Application\Runtime\Cache\Sign\f83bcbc28c86afbbd25c3a880c3edbf9.php 第 399 行.
NOTIC: [8] Undefined variable: sign C:\wamp64\www\OA\Application\Runtime\Cache\Sign\f83bcbc28c86afbbd25c3a880c3edbf9.php 第 400 行.
INFO: Run Behavior\ParseTemplateBehavior [ RunTime:0.019001s ]
INFO: [ view_parse ] --END-- [ RunTime:0.020001s ]
INFO: [ view_filter ] --START--
INFO: Run Behavior\WriteHtmlCacheBehavior [ RunTime:0.000000s ]
INFO: [ view_filter ] --END-- [ RunTime:0.000000s ]
INFO: [ app_end ] --START--
INFO: Run Behavior\ShowPageTraceBehavior [ RunTime:0.001000s ]
INFO: [ app_end ] --END-- [ RunTime:0.001000s ]

[ 2017-03-31T11:02:27+08:00 ] ::1 /OA/index.php/Sign/LeaveList/showLeaveList
INFO: [ app_init ] --START--
INFO: Run Behavior\BuildLiteBehavior [ RunTime:0.000000s ]
INFO: [ app_init ] --END-- [ RunTime:0.001000s ]
INFO: [ app_begin ] --START--
INFO: Run Behavior\ReadHtmlCacheBehavior [ RunTime:0.001000s ]
INFO: [ app_begin ] --END-- [ RunTime:0.001000s ]
SQL: SHOW COLUMNS FROM `auth_group_access` [ RunTime:0.0010s ]
SQL: SELECT `uid`,`group_id`,`title`,`rules` FROM auth_group_access a INNER JOIN auth_group g on a.group_id=g.id  WHERE ( a.uid='1' and g.status='1' )  [ RunTime:0.0010s ]
SQL: SHOW COLUMNS FROM `auth_rule` [ RunTime:0.0000s ]
SQL: SELECT `condition`,`name` FROM `auth_rule` WHERE `id` IN ('1','4','5','6','10','12','13','14','15','16','17','19','20','21','22','23','24','26','27','28','30','31','32','33','56','2','3','7','8','9','11','18','25','29','34','35','36','37','38','39','40','41','42','43','44','45','46','47','48','49','50','51','52','53','54','55') AND `type` = 1 AND `status` = 1  [ RunTime:0.0010s ]
SQL: SHOW COLUMNS FROM `leave` [ RunTime:0.0000s ]
SQL: SELECT COUNT(*) AS tp_count FROM `leave` LIMIT 1   [ RunTime:0.0000s ]
SQL: SELECT * FROM `leave` LEFT JOIN employee on leave.employee_id = employee.employee_id  LIMIT 0,5   [ RunTime:0.0000s ]
INFO: [ view_parse ] --START--
INFO: [ template_filter ] --START--
INFO: Run Behavior\ContentReplaceBehavior [ RunTime:0.000000s ]
INFO: [ template_filter ] --END-- [ RunTime:0.001000s ]
NOTIC: [8] Undefined variable: leave C:\wamp64\www\OA\Application\Runtime\Cache\Sign\dc89cd00d3362fe55ba8c6e1b7835b46.php 第 396 行.
INFO: Run Behavior\ParseTemplateBehavior [ RunTime:0.013001s ]
INFO: [ view_parse ] --END-- [ RunTime:0.013001s ]
INFO: [ view_filter ] --START--
INFO: Run Behavior\WriteHtmlCacheBehavior [ RunTime:0.001000s ]
INFO: [ view_filter ] --END-- [ RunTime:0.001000s ]
INFO: [ app_end ] --START--
INFO: Run Behavior\ShowPageTraceBehavior [ RunTime:0.000000s ]
INFO: [ app_end ] --END-- [ RunTime:0.001000s ]

[ 2017-03-31T11:02:30+08:00 ] ::1 /OA/index.php/Sign/SignList/showSignList
INFO: [ app_init ] --START--
INFO: Run Behavior\BuildLiteBehavior [ RunTime:0.000000s ]
INFO: [ app_init ] --END-- [ RunTime:0.000000s ]
INFO: [ app_begin ] --START--
INFO: Run Behavior\ReadHtmlCacheBehavior [ RunTime:0.000000s ]
INFO: [ app_begin ] --END-- [ RunTime:0.000000s ]
SQL: SHOW COLUMNS FROM `auth_group_access` [ RunTime:0.0010s ]
SQL: SELECT `uid`,`group_id`,`title`,`rules` FROM auth_group_access a INNER JOIN auth_group g on a.group_id=g.id  WHERE ( a.uid='1' and g.status='1' )  [ RunTime:0.0010s ]
SQL: SHOW COLUMNS FROM `auth_rule` [ RunTime:0.0010s ]
SQL: SELECT `condition`,`name` FROM `auth_rule` WHERE `id` IN ('1','4','5','6','10','12','13','14','15','16','17','19','20','21','22','23','24','26','27','28','30','31','32','33','56','2','3','7','8','9','11','18','25','29','34','35','36','37','38','39','40','41','42','43','44','45','46','47','48','49','50','51','52','53','54','55') AND `type` = 1 AND `status` = 1  [ RunTime:0.0010s ]
SQL: SHOW COLUMNS FROM `sign` [ RunTime:0.0000s ]
SQL: SELECT COUNT(*) AS tp_count FROM `sign` LIMIT 1   [ RunTime:0.0000s ]
SQL: SELECT * FROM `sign` INNER JOIN employee on sign.employee_id = employee.employee_id  LIMIT 0,5   [ RunTime:0.0010s ]
INFO: [ view_parse ] --START--
INFO: [ template_filter ] --START--
INFO: Run Behavior\ContentReplaceBehavior [ RunTime:0.000000s ]
INFO: [ template_filter ] --END-- [ RunTime:0.001001s ]
NOTIC: [8] Undefined variable: sign C:\wamp64\www\OA\Application\Runtime\Cache\Sign\f83bcbc28c86afbbd25c3a880c3edbf9.php 第 398 行.
NOTIC: [8] Undefined variable: sign C:\wamp64\www\OA\Application\Runtime\Cache\Sign\f83bcbc28c86afbbd25c3a880c3edbf9.php 第 399 行.
NOTIC: [8] Undefined variable: sign C:\wamp64\www\OA\Application\Runtime\Cache\Sign\f83bcbc28c86afbbd25c3a880c3edbf9.php 第 400 行.
INFO: Run Behavior\ParseTemplateBehavior [ RunTime:0.016001s ]
INFO: [ view_parse ] --END-- [ RunTime:0.016001s ]
INFO: [ view_filter ] --START--
INFO: Run Behavior\WriteHtmlCacheBehavior [ RunTime:0.001000s ]
INFO: [ view_filter ] --END-- [ RunTime:0.001000s ]
INFO: [ app_end ] --START--
INFO: Run Behavior\ShowPageTraceBehavior [ RunTime:0.001000s ]
INFO: [ app_end ] --END-- [ RunTime:0.001000s ]

[ 2017-03-31T11:30:03+08:00 ] ::1 /OA/index.php/Sign/SignList/showSignList
INFO: [ app_init ] --START--
INFO: Run Behavior\BuildLiteBehavior [ RunTime:0.000000s ]
INFO: [ app_init ] --END-- [ RunTime:0.001000s ]
INFO: [ app_begin ] --START--
INFO: Run Behavior\ReadHtmlCacheBehavior [ RunTime:0.001000s ]
INFO: [ app_begin ] --END-- [ RunTime:0.001000s ]
SQL: SHOW COLUMNS FROM `auth_group_access` [ RunTime:0.0010s ]
SQL: SELECT `uid`,`group_id`,`title`,`rules` FROM auth_group_access a INNER JOIN auth_group g on a.group_id=g.id  WHERE ( a.uid='1' and g.status='1' )  [ RunTime:0.0000s ]
SQL: SHOW COLUMNS FROM `auth_rule` [ RunTime:0.0000s ]
SQL: SELECT `condition`,`name` FROM `auth_rule` WHERE `id` IN ('1','4','5','6','10','12','13','14','15','16','17','19','20','21','22','23','24','26','27','28','30','31','32','33','56','2','3','7','8','9','11','18','25','29','34','35','36','37','38','39','40','41','42','43','44','45','46','47','48','49','50','51','52','53','54','55') AND `type` = 1 AND `status` = 1  [ RunTime:0.0000s ]
SQL: SHOW COLUMNS FROM `sign` [ RunTime:0.0010s ]
SQL: SELECT COUNT(*) AS tp_count FROM `sign` LIMIT 1   [ RunTime:0.0000s ]
SQL: SELECT * FROM `sign` INNER JOIN employee on sign.employee_id = employee.employee_id  LIMIT 0,5   [ RunTime:0.0000s ]
INFO: [ view_parse ] --START--
INFO: [ template_filter ] --START--
INFO: Run Behavior\ContentReplaceBehavior [ RunTime:0.000000s ]
INFO: [ template_filter ] --END-- [ RunTime:0.000000s ]
NOTIC: [8] Undefined variable: sign C:\wamp64\www\OA\Application\Runtime\Cache\Sign\f83bcbc28c86afbbd25c3a880c3edbf9.php 第 398 行.
NOTIC: [8] Undefined variable: sign C:\wamp64\www\OA\Application\Runtime\Cache\Sign\f83bcbc28c86afbbd25c3a880c3edbf9.php 第 399 行.
NOTIC: [8] Undefined variable: sign C:\wamp64\www\OA\Application\Runtime\Cache\Sign\f83bcbc28c86afbbd25c3a880c3edbf9.php 第 400 行.
INFO: Run Behavior\ParseTemplateBehavior [ RunTime:0.013001s ]
INFO: [ view_parse ] --END-- [ RunTime:0.013001s ]
INFO: [ view_filter ] --START--
INFO: Run Behavior\WriteHtmlCacheBehavior [ RunTime:0.000000s ]
INFO: [ view_filter ] --END-- [ RunTime:0.000000s ]
INFO: [ app_end ] --START--
INFO: Run Behavior\ShowPageTraceBehavior [ RunTime:0.001000s ]
INFO: [ app_end ] --END-- [ RunTime:0.001000s ]

[ 2017-03-31T11:30:09+08:00 ] ::1 /OA/index.php/Sign/SignList/showSignList/p/2.html
INFO: [ app_init ] --START--
INFO: Run Behavior\BuildLiteBehavior [ RunTime:0.000000s ]
INFO: [ app_init ] --END-- [ RunTime:0.001000s ]
INFO: [ app_begin ] --START--
INFO: Run Behavior\ReadHtmlCacheBehavior [ RunTime:0.001000s ]
INFO: [ app_begin ] --END-- [ RunTime:0.001000s ]
SQL: SHOW COLUMNS FROM `auth_group_access` [ RunTime:0.0010s ]
SQL: SELECT `uid`,`group_id`,`title`,`rules` FROM auth_group_access a INNER JOIN auth_group g on a.group_id=g.id  WHERE ( a.uid='1' and g.status='1' )  [ RunTime:0.0000s ]
SQL: SHOW COLUMNS FROM `auth_rule` [ RunTime:0.0010s ]
SQL: SELECT `condition`,`name` FROM `auth_rule` WHERE `id` IN ('1','4','5','6','10','12','13','14','15','16','17','19','20','21','22','23','24','26','27','28','30','31','32','33','56','2','3','7','8','9','11','18','25','29','34','35','36','37','38','39','40','41','42','43','44','45','46','47','48','49','50','51','52','53','54','55') AND `type` = 1 AND `status` = 1  [ RunTime:0.0000s ]
SQL: SHOW COLUMNS FROM `sign` [ RunTime:0.0010s ]
SQL: SELECT COUNT(*) AS tp_count FROM `sign` LIMIT 1   [ RunTime:0.0010s ]
SQL: SELECT * FROM `sign` INNER JOIN employee on sign.employee_id = employee.employee_id  LIMIT 5,5   [ RunTime:0.0010s ]
INFO: [ view_parse ] --START--
INFO: [ template_filter ] --START--
INFO: Run Behavior\ContentReplaceBehavior [ RunTime:0.001000s ]
INFO: [ template_filter ] --END-- [ RunTime:0.001000s ]
NOTIC: [8] Undefined variable: sign C:\wamp64\www\OA\Application\Runtime\Cache\Sign\f83bcbc28c86afbbd25c3a880c3edbf9.php 第 398 行.
NOTIC: [8] Undefined variable: sign C:\wamp64\www\OA\Application\Runtime\Cache\Sign\f83bcbc28c86afbbd25c3a880c3edbf9.php 第 399 行.
NOTIC: [8] Undefined variable: sign C:\wamp64\www\OA\Application\Runtime\Cache\Sign\f83bcbc28c86afbbd25c3a880c3edbf9.php 第 400 行.
INFO: Run Behavior\ParseTemplateBehavior [ RunTime:0.028001s ]
INFO: [ view_parse ] --END-- [ RunTime:0.028001s ]
INFO: [ view_filter ] --START--
INFO: Run Behavior\WriteHtmlCacheBehavior [ RunTime:0.001000s ]
INFO: [ view_filter ] --END-- [ RunTime:0.001000s ]
INFO: [ app_end ] --START--
INFO: Run Behavior\ShowPageTraceBehavior [ RunTime:0.001000s ]
INFO: [ app_end ] --END-- [ RunTime:0.001000s ]

[ 2017-03-31T11:30:10+08:00 ] ::1 /OA/index.php/Sign/SignList/showSignList/p/3.html
INFO: [ app_init ] --START--
INFO: Run Behavior\BuildLiteBehavior [ RunTime:0.000000s ]
INFO: [ app_init ] --END-- [ RunTime:0.001000s ]
INFO: [ app_begin ] --START--
INFO: Run Behavior\ReadHtmlCacheBehavior [ RunTime:0.000000s ]
INFO: [ app_begin ] --END-- [ RunTime:0.000000s ]
SQL: SHOW COLUMNS FROM `auth_group_access` [ RunTime:0.0000s ]
SQL: SELECT `uid`,`group_id`,`title`,`rules` FROM auth_group_access a INNER JOIN auth_group g on a.group_id=g.id  WHERE ( a.uid='1' and g.status='1' )  [ RunTime:0.0000s ]
SQL: SHOW COLUMNS FROM `auth_rule` [ RunTime:0.0000s ]
SQL: SELECT `condition`,`name` FROM `auth_rule` WHERE `id` IN ('1','4','5','6','10','12','13','14','15','16','17','19','20','21','22','23','24','26','27','28','30','31','32','33','56','2','3','7','8','9','11','18','25','29','34','35','36','37','38','39','40','41','42','43','44','45','46','47','48','49','50','51','52','53','54','55') AND `type` = 1 AND `status` = 1  [ RunTime:0.0010s ]
SQL: SHOW COLUMNS FROM `sign` [ RunTime:0.0010s ]
SQL: SELECT COUNT(*) AS tp_count FROM `sign` LIMIT 1   [ RunTime:0.0000s ]
SQL: SELECT * FROM `sign` INNER JOIN employee on sign.employee_id = employee.employee_id  LIMIT 10,5   [ RunTime:0.0000s ]
INFO: [ view_parse ] --START--
INFO: [ template_filter ] --START--
INFO: Run Behavior\ContentReplaceBehavior [ RunTime:0.000000s ]
INFO: [ template_filter ] --END-- [ RunTime:0.000000s ]
NOTIC: [8] Undefined variable: sign C:\wamp64\www\OA\Application\Runtime\Cache\Sign\f83bcbc28c86afbbd25c3a880c3edbf9.php 第 398 行.
NOTIC: [8] Undefined variable: sign C:\wamp64\www\OA\Application\Runtime\Cache\Sign\f83bcbc28c86afbbd25c3a880c3edbf9.php 第 399 行.
NOTIC: [8] Undefined variable: sign C:\wamp64\www\OA\Application\Runtime\Cache\Sign\f83bcbc28c86afbbd25c3a880c3edbf9.php 第 400 行.
INFO: Run Behavior\ParseTemplateBehavior [ RunTime:0.013001s ]
INFO: [ view_parse ] --END-- [ RunTime:0.014001s ]
INFO: [ view_filter ] --START--
INFO: Run Behavior\WriteHtmlCacheBehavior [ RunTime:0.000000s ]
INFO: [ view_filter ] --END-- [ RunTime:0.000000s ]
INFO: [ app_end ] --START--
INFO: Run Behavior\ShowPageTraceBehavior [ RunTime:0.001000s ]
INFO: [ app_end ] --END-- [ RunTime:0.001000s ]

[ 2017-03-31T11:30:11+08:00 ] ::1 /OA/index.php/Sign/SignList/showSignList/p/2.html
INFO: [ app_init ] --START--
INFO: Run Behavior\BuildLiteBehavior [ RunTime:0.000000s ]
INFO: [ app_init ] --END-- [ RunTime:0.000000s ]
INFO: [ app_begin ] --START--
INFO: Run Behavior\ReadHtmlCacheBehavior [ RunTime:0.000000s ]
INFO: [ app_begin ] --END-- [ RunTime:0.000000s ]
SQL: SHOW COLUMNS FROM `auth_group_access` [ RunTime:0.0010s ]
SQL: SELECT `uid`,`group_id`,`title`,`rules` FROM auth_group_access a INNER JOIN auth_group g on a.group_id=g.id  WHERE ( a.uid='1' and g.status='1' )  [ RunTime:0.0010s ]
SQL: SHOW COLUMNS FROM `auth_rule` [ RunTime:0.0010s ]
SQL: SELECT `condition`,`name` FROM `auth_rule` WHERE `id` IN ('1','4','5','6','10','12','13','14','15','16','17','19','20','21','22','23','24','26','27','28','30','31','32','33','56','2','3','7','8','9','11','18','25','29','34','35','36','37','38','39','40','41','42','43','44','45','46','47','48','49','50','51','52','53','54','55') AND `type` = 1 AND `status` = 1  [ RunTime:0.0010s ]
SQL: SHOW COLUMNS FROM `sign` [ RunTime:0.0010s ]
SQL: SELECT COUNT(*) AS tp_count FROM `sign` LIMIT 1   [ RunTime:0.0000s ]
SQL: SELECT * FROM `sign` INNER JOIN employee on sign.employee_id = employee.employee_id  LIMIT 5,5   [ RunTime:0.0000s ]
INFO: [ view_parse ] --START--
INFO: [ template_filter ] --START--
INFO: Run Behavior\ContentReplaceBehavior [ RunTime:0.000000s ]
INFO: [ template_filter ] --END-- [ RunTime:0.001000s ]
NOTIC: [8] Undefined variable: sign C:\wamp64\www\OA\Application\Runtime\Cache\Sign\f83bcbc28c86afbbd25c3a880c3edbf9.php 第 398 行.
NOTIC: [8] Undefined variable: sign C:\wamp64\www\OA\Application\Runtime\Cache\Sign\f83bcbc28c86afbbd25c3a880c3edbf9.php 第 399 行.
NOTIC: [8] Undefined variable: sign C:\wamp64\www\OA\Application\Runtime\Cache\Sign\f83bcbc28c86afbbd25c3a880c3edbf9.php 第 400 行.
INFO: Run Behavior\ParseTemplateBehavior [ RunTime:0.022002s ]
INFO: [ view_parse ] --END-- [ RunTime:0.022002s ]
INFO: [ view_filter ] --START--
INFO: Run Behavior\WriteHtmlCacheBehavior [ RunTime:0.001000s ]
INFO: [ view_filter ] --END-- [ RunTime:0.001000s ]
INFO: [ app_end ] --START--
INFO: Run Behavior\ShowPageTraceBehavior [ RunTime:0.001000s ]
INFO: [ app_end ] --END-- [ RunTime:0.001000s ]

[ 2017-03-31T11:30:12+08:00 ] ::1 /OA/index.php/Sign/SignList/showSignList/p/1.html
INFO: [ app_init ] --START--
INFO: Run Behavior\BuildLiteBehavior [ RunTime:0.000000s ]
INFO: [ app_init ] --END-- [ RunTime:0.000000s ]
INFO: [ app_begin ] --START--
INFO: Run Behavior\ReadHtmlCacheBehavior [ RunTime:0.001000s ]
INFO: [ app_begin ] --END-- [ RunTime:0.001000s ]
SQL: SHOW COLUMNS FROM `auth_group_access` [ RunTime:0.0010s ]
SQL: SELECT `uid`,`group_id`,`title`,`rules` FROM auth_group_access a INNER JOIN auth_group g on a.group_id=g.id  WHERE ( a.uid='1' and g.status='1' )  [ RunTime:0.0010s ]
SQL: SHOW COLUMNS FROM `auth_rule` [ RunTime:0.0010s ]
SQL: SELECT `condition`,`name` FROM `auth_rule` WHERE `id` IN ('1','4','5','6','10','12','13','14','15','16','17','19','20','21','22','23','24','26','27','28','30','31','32','33','56','2','3','7','8','9','11','18','25','29','34','35','36','37','38','39','40','41','42','43','44','45','46','47','48','49','50','51','52','53','54','55') AND `type` = 1 AND `status` = 1  [ RunTime:0.0010s ]
SQL: SHOW COLUMNS FROM `sign` [ RunTime:0.0000s ]
SQL: SELECT COUNT(*) AS tp_count FROM `sign` LIMIT 1   [ RunTime:0.0000s ]
SQL: SELECT * FROM `sign` INNER JOIN employee on sign.employee_id = employee.employee_id  LIMIT 0,5   [ RunTime:0.0000s ]
INFO: [ view_parse ] --START--
INFO: [ template_filter ] --START--
INFO: Run Behavior\ContentReplaceBehavior [ RunTime:0.000000s ]
INFO: [ template_filter ] --END-- [ RunTime:0.001000s ]
NOTIC: [8] Undefined variable: sign C:\wamp64\www\OA\Application\Runtime\Cache\Sign\f83bcbc28c86afbbd25c3a880c3edbf9.php 第 398 行.
NOTIC: [8] Undefined variable: sign C:\wamp64\www\OA\Application\Runtime\Cache\Sign\f83bcbc28c86afbbd25c3a880c3edbf9.php 第 399 行.
NOTIC: [8] Undefined variable: sign C:\wamp64\www\OA\Application\Runtime\Cache\Sign\f83bcbc28c86afbbd25c3a880c3edbf9.php 第 400 行.
INFO: Run Behavior\ParseTemplateBehavior [ RunTime:0.012001s ]
INFO: [ view_parse ] --END-- [ RunTime:0.012001s ]
INFO: [ view_filter ] --START--
INFO: Run Behavior\WriteHtmlCacheBehavior [ RunTime:0.001000s ]
INFO: [ view_filter ] --END-- [ RunTime:0.001000s ]
INFO: [ app_end ] --START--
INFO: Run Behavior\ShowPageTraceBehavior [ RunTime:0.001000s ]
INFO: [ app_end ] --END-- [ RunTime:0.001000s ]

[ 2017-03-31T11:30:15+08:00 ] ::1 /OA/index.php/Sign/LeaveList/showLeaveList
INFO: [ app_init ] --START--
INFO: Run Behavior\BuildLiteBehavior [ RunTime:0.000000s ]
INFO: [ app_init ] --END-- [ RunTime:0.002000s ]
INFO: [ app_begin ] --START--
INFO: Run Behavior\ReadHtmlCacheBehavior [ RunTime:0.002000s ]
INFO: [ app_begin ] --END-- [ RunTime:0.002000s ]
SQL: SHOW COLUMNS FROM `auth_group_access` [ RunTime:0.0010s ]
SQL: SELECT `uid`,`group_id`,`title`,`rules` FROM auth_group_access a INNER JOIN auth_group g on a.group_id=g.id  WHERE ( a.uid='1' and g.status='1' )  [ RunTime:0.0000s ]
SQL: SHOW COLUMNS FROM `auth_rule` [ RunTime:0.0000s ]
SQL: SELECT `condition`,`name` FROM `auth_rule` WHERE `id` IN ('1','4','5','6','10','12','13','14','15','16','17','19','20','21','22','23','24','26','27','28','30','31','32','33','56','2','3','7','8','9','11','18','25','29','34','35','36','37','38','39','40','41','42','43','44','45','46','47','48','49','50','51','52','53','54','55') AND `type` = 1 AND `status` = 1  [ RunTime:0.0000s ]
SQL: SHOW COLUMNS FROM `leave` [ RunTime:0.0010s ]
SQL: SELECT COUNT(*) AS tp_count FROM `leave` LIMIT 1   [ RunTime:0.0010s ]
SQL: SELECT * FROM `leave` LEFT JOIN employee on leave.employee_id = employee.employee_id  LIMIT 0,5   [ RunTime:0.0000s ]
INFO: [ view_parse ] --START--
INFO: [ template_filter ] --START--
INFO: Run Behavior\ContentReplaceBehavior [ RunTime:0.000000s ]
INFO: [ template_filter ] --END-- [ RunTime:0.000000s ]
NOTIC: [8] Undefined variable: leave C:\wamp64\www\OA\Application\Runtime\Cache\Sign\dc89cd00d3362fe55ba8c6e1b7835b46.php 第 396 行.
INFO: Run Behavior\ParseTemplateBehavior [ RunTime:0.026001s ]
INFO: [ view_parse ] --END-- [ RunTime:0.027001s ]
INFO: [ view_filter ] --START--
INFO: Run Behavior\WriteHtmlCacheBehavior [ RunTime:0.000000s ]
INFO: [ view_filter ] --END-- [ RunTime:0.000000s ]
INFO: [ app_end ] --START--
INFO: Run Behavior\ShowPageTraceBehavior [ RunTime:0.000000s ]
INFO: [ app_end ] --END-- [ RunTime:0.000000s ]

[ 2017-03-31T11:30:17+08:00 ] ::1 /OA/index.php/Sign/LeaveList/showLeaveList/p/2.html
INFO: [ app_init ] --START--
INFO: Run Behavior\BuildLiteBehavior [ RunTime:0.000000s ]
INFO: [ app_init ] --END-- [ RunTime:0.001000s ]
INFO: [ app_begin ] --START--
INFO: Run Behavior\ReadHtmlCacheBehavior [ RunTime:0.001000s ]
INFO: [ app_begin ] --END-- [ RunTime:0.001000s ]
SQL: SHOW COLUMNS FROM `auth_group_access` [ RunTime:0.0010s ]
SQL: SELECT `uid`,`group_id`,`title`,`rules` FROM auth_group_access a INNER JOIN auth_group g on a.group_id=g.id  WHERE ( a.uid='1' and g.status='1' )  [ RunTime:0.0000s ]
SQL: SHOW COLUMNS FROM `auth_rule` [ RunTime:0.0000s ]
SQL: SELECT `condition`,`name` FROM `auth_rule` WHERE `id` IN ('1','4','5','6','10','12','13','14','15','16','17','19','20','21','22','23','24','26','27','28','30','31','32','33','56','2','3','7','8','9','11','18','25','29','34','35','36','37','38','39','40','41','42','43','44','45','46','47','48','49','50','51','52','53','54','55') AND `type` = 1 AND `status` = 1  [ RunTime:0.0000s ]
SQL: SHOW COLUMNS FROM `leave` [ RunTime:0.0010s ]
SQL: SELECT COUNT(*) AS tp_count FROM `leave` LIMIT 1   [ RunTime:0.0010s ]
SQL: SELECT * FROM `leave` LEFT JOIN employee on leave.employee_id = employee.employee_id  LIMIT 5,5   [ RunTime:0.0000s ]
INFO: [ view_parse ] --START--
INFO: [ template_filter ] --START--
INFO: Run Behavior\ContentReplaceBehavior [ RunTime:0.001000s ]
INFO: [ template_filter ] --END-- [ RunTime:0.001000s ]
NOTIC: [8] Undefined variable: leave C:\wamp64\www\OA\Application\Runtime\Cache\Sign\dc89cd00d3362fe55ba8c6e1b7835b46.php 第 396 行.
INFO: Run Behavior\ParseTemplateBehavior [ RunTime:0.017001s ]
INFO: [ view_parse ] --END-- [ RunTime:0.017001s ]
INFO: [ view_filter ] --START--
INFO: Run Behavior\WriteHtmlCacheBehavior [ RunTime:0.001000s ]
INFO: [ view_filter ] --END-- [ RunTime:0.001000s ]
INFO: [ app_end ] --START--
INFO: Run Behavior\ShowPageTraceBehavior [ RunTime:0.001000s ]
INFO: [ app_end ] --END-- [ RunTime:0.001000s ]

[ 2017-03-31T11:30:19+08:00 ] ::1 /OA/index.php/Sign/LeaveList/showLeaveList/p/3.html
INFO: [ app_init ] --START--
INFO: Run Behavior\BuildLiteBehavior [ RunTime:0.000000s ]
INFO: [ app_init ] --END-- [ RunTime:0.001000s ]
INFO: [ app_begin ] --START--
INFO: Run Behavior\ReadHtmlCacheBehavior [ RunTime:0.000000s ]
INFO: [ app_begin ] --END-- [ RunTime:0.002000s ]
SQL: SHOW COLUMNS FROM `auth_group_access` [ RunTime:0.0010s ]
SQL: SELECT `uid`,`group_id`,`title`,`rules` FROM auth_group_access a INNER JOIN auth_group g on a.group_id=g.id  WHERE ( a.uid='1' and g.status='1' )  [ RunTime:0.0000s ]
SQL: SHOW COLUMNS FROM `auth_rule` [ RunTime:0.0010s ]
SQL: SELECT `condition`,`name` FROM `auth_rule` WHERE `id` IN ('1','4','5','6','10','12','13','14','15','16','17','19','20','21','22','23','24','26','27','28','30','31','32','33','56','2','3','7','8','9','11','18','25','29','34','35','36','37','38','39','40','41','42','43','44','45','46','47','48','49','50','51','52','53','54','55') AND `type` = 1 AND `status` = 1  [ RunTime:0.0010s ]
SQL: SHOW COLUMNS FROM `leave` [ RunTime:0.0010s ]
SQL: SELECT COUNT(*) AS tp_count FROM `leave` LIMIT 1   [ RunTime:0.0010s ]
SQL: SELECT * FROM `leave` LEFT JOIN employee on leave.employee_id = employee.employee_id  LIMIT 10,5   [ RunTime:0.0010s ]
INFO: [ view_parse ] --START--
INFO: [ template_filter ] --START--
INFO: Run Behavior\ContentReplaceBehavior [ RunTime:0.001001s ]
INFO: [ template_filter ] --END-- [ RunTime:0.001001s ]
NOTIC: [8] Undefined variable: leave C:\wamp64\www\OA\Application\Runtime\Cache\Sign\dc89cd00d3362fe55ba8c6e1b7835b46.php 第 396 行.
INFO: Run Behavior\ParseTemplateBehavior [ RunTime:0.030002s ]
INFO: [ view_parse ] --END-- [ RunTime:0.030002s ]
INFO: [ view_filter ] --START--
INFO: Run Behavior\WriteHtmlCacheBehavior [ RunTime:0.000000s ]
INFO: [ view_filter ] --END-- [ RunTime:0.001000s ]
INFO: [ app_end ] --START--
INFO: Run Behavior\ShowPageTraceBehavior [ RunTime:0.001000s ]
INFO: [ app_end ] --END-- [ RunTime:0.001000s ]

[ 2017-03-31T11:30:20+08:00 ] ::1 /OA/index.php/Sign/LeaveList/showLeaveList/p/1.html
INFO: [ app_init ] --START--
INFO: Run Behavior\BuildLiteBehavior [ RunTime:0.000000s ]
INFO: [ app_init ] --END-- [ RunTime:0.001000s ]
INFO: [ app_begin ] --START--
INFO: Run Behavior\ReadHtmlCacheBehavior [ RunTime:0.001000s ]
INFO: [ app_begin ] --END-- [ RunTime:0.001000s ]
SQL: SHOW COLUMNS FROM `auth_group_access` [ RunTime:0.0010s ]
SQL: SELECT `uid`,`group_id`,`title`,`rules` FROM auth_group_access a INNER JOIN auth_group g on a.group_id=g.id  WHERE ( a.uid='1' and g.status='1' )  [ RunTime:0.0010s ]
SQL: SHOW COLUMNS FROM `auth_rule` [ RunTime:0.0010s ]
SQL: SELECT `condition`,`name` FROM `auth_rule` WHERE `id` IN ('1','4','5','6','10','12','13','14','15','16','17','19','20','21','22','23','24','26','27','28','30','31','32','33','56','2','3','7','8','9','11','18','25','29','34','35','36','37','38','39','40','41','42','43','44','45','46','47','48','49','50','51','52','53','54','55') AND `type` = 1 AND `status` = 1  [ RunTime:0.0010s ]
SQL: SHOW COLUMNS FROM `leave` [ RunTime:0.0010s ]
SQL: SELECT COUNT(*) AS tp_count FROM `leave` LIMIT 1   [ RunTime:0.0000s ]
SQL: SELECT * FROM `leave` LEFT JOIN employee on leave.employee_id = employee.employee_id  LIMIT 0,5   [ RunTime:0.0000s ]
INFO: [ view_parse ] --START--
INFO: [ template_filter ] --START--
INFO: Run Behavior\ContentReplaceBehavior [ RunTime:0.001000s ]
INFO: [ template_filter ] --END-- [ RunTime:0.001000s ]
NOTIC: [8] Undefined variable: leave C:\wamp64\www\OA\Application\Runtime\Cache\Sign\dc89cd00d3362fe55ba8c6e1b7835b46.php 第 396 行.
INFO: Run Behavior\ParseTemplateBehavior [ RunTime:0.022001s ]
INFO: [ view_parse ] --END-- [ RunTime:0.022001s ]
INFO: [ view_filter ] --START--
INFO: Run Behavior\WriteHtmlCacheBehavior [ RunTime:0.001000s ]
INFO: [ view_filter ] --END-- [ RunTime:0.001000s ]
INFO: [ app_end ] --START--
INFO: Run Behavior\ShowPageTraceBehavior [ RunTime:0.001000s ]
INFO: [ app_end ] --END-- [ RunTime:0.001000s ]

[ 2017-03-31T11:30:29+08:00 ] ::1 /OA/index.php/Sign/LeaveList/showOneLeaveList
INFO: [ app_init ] --START--
INFO: Run Behavior\BuildLiteBehavior [ RunTime:0.000000s ]
INFO: [ app_init ] --END-- [ RunTime:0.001000s ]
INFO: [ app_begin ] --START--
INFO: Run Behavior\ReadHtmlCacheBehavior [ RunTime:0.001000s ]
INFO: [ app_begin ] --END-- [ RunTime:0.001000s ]
SQL: SHOW COLUMNS FROM `auth_group_access` [ RunTime:0.0010s ]
SQL: SELECT `uid`,`group_id`,`title`,`rules` FROM auth_group_access a INNER JOIN auth_group g on a.group_id=g.id  WHERE ( a.uid='1' and g.status='1' )  [ RunTime:0.0010s ]
SQL: SHOW COLUMNS FROM `auth_rule` [ RunTime:0.0010s ]
SQL: SELECT `condition`,`name` FROM `auth_rule` WHERE `id` IN ('1','4','5','6','10','12','13','14','15','16','17','19','20','21','22','23','24','26','27','28','30','31','32','33','56','2','3','7','8','9','11','18','25','29','34','35','36','37','38','39','40','41','42','43','44','45','46','47','48','49','50','51','52','53','54','55') AND `type` = 1 AND `status` = 1  [ RunTime:0.0010s ]
SQL: SHOW COLUMNS FROM `leave` [ RunTime:0.0010s ]
SQL: SELECT COUNT(*) AS tp_count FROM `leave` WHERE leave.employee_id = 1 LIMIT 1   [ RunTime:0.0000s ]
SQL: SELECT * FROM `leave` LEFT JOIN employee on leave.employee_id = employee.employee_id  WHERE leave.employee_id = 1 LIMIT 0,5   [ RunTime:0.0000s ]
INFO: [ view_parse ] --START--
INFO: [ template_filter ] --START--
INFO: Run Behavior\ContentReplaceBehavior [ RunTime:0.000000s ]
INFO: [ template_filter ] --END-- [ RunTime:0.000000s ]
NOTIC: [8] Undefined variable: leave C:\wamp64\www\OA\Application\Runtime\Cache\Sign\f6b867b4d84ea8bea595907907d472be.php 第 396 行.
INFO: Run Behavior\ParseTemplateBehavior [ RunTime:0.018001s ]
INFO: [ view_parse ] --END-- [ RunTime:0.018001s ]
INFO: [ view_filter ] --START--
INFO: Run Behavior\WriteHtmlCacheBehavior [ RunTime:0.001000s ]
INFO: [ view_filter ] --END-- [ RunTime:0.001000s ]
INFO: [ app_end ] --START--
INFO: Run Behavior\ShowPageTraceBehavior [ RunTime:0.001000s ]
INFO: [ app_end ] --END-- [ RunTime:0.001000s ]

[ 2017-03-31T11:30:33+08:00 ] ::1 /OA/index.php/Sign/FillLeave/addLeave
INFO: [ app_init ] --START--
INFO: Run Behavior\BuildLiteBehavior [ RunTime:0.000000s ]
INFO: [ app_init ] --END-- [ RunTime:0.001000s ]
INFO: [ app_begin ] --START--
INFO: Run Behavior\ReadHtmlCacheBehavior [ RunTime:0.001000s ]
INFO: [ app_begin ] --END-- [ RunTime:0.001000s ]
SQL: SHOW COLUMNS FROM `auth_group_access` [ RunTime:0.0010s ]
SQL: SELECT `uid`,`group_id`,`title`,`rules` FROM auth_group_access a INNER JOIN auth_group g on a.group_id=g.id  WHERE ( a.uid='1' and g.status='1' )  [ RunTime:0.0000s ]
SQL: SHOW COLUMNS FROM `auth_rule` [ RunTime:0.0010s ]
SQL: SELECT `condition`,`name` FROM `auth_rule` WHERE `id` IN ('1','4','5','6','10','12','13','14','15','16','17','19','20','21','22','23','24','26','27','28','30','31','32','33','56','2','3','7','8','9','11','18','25','29','34','35','36','37','38','39','40','41','42','43','44','45','46','47','48','49','50','51','52','53','54','55') AND `type` = 1 AND `status` = 1  [ RunTime:0.0000s ]
INFO: [ view_parse ] --START--
INFO: [ template_filter ] --START--
INFO: Run Behavior\ContentReplaceBehavior [ RunTime:0.001000s ]
INFO: [ template_filter ] --END-- [ RunTime:0.001000s ]
INFO: Run Behavior\ParseTemplateBehavior [ RunTime:0.022001s ]
INFO: [ view_parse ] --END-- [ RunTime:0.023001s ]
INFO: [ view_filter ] --START--
INFO: Run Behavior\WriteHtmlCacheBehavior [ RunTime:0.001000s ]
INFO: [ view_filter ] --END-- [ RunTime:0.001000s ]

[ 2017-03-31T11:32:14+08:00 ] ::1 /OA/index.php/Sign/SignList/addSign
INFO: [ app_init ] --START--
INFO: Run Behavior\BuildLiteBehavior [ RunTime:0.000000s ]
INFO: [ app_init ] --END-- [ RunTime:0.001000s ]
INFO: [ app_begin ] --START--
INFO: Run Behavior\ReadHtmlCacheBehavior [ RunTime:0.001000s ]
INFO: [ app_begin ] --END-- [ RunTime:0.001000s ]
SQL: SHOW COLUMNS FROM `auth_group_access` [ RunTime:0.0010s ]
SQL: SELECT `uid`,`group_id`,`title`,`rules` FROM auth_group_access a INNER JOIN auth_group g on a.group_id=g.id  WHERE ( a.uid='1' and g.status='1' )  [ RunTime:0.0010s ]
SQL: SHOW COLUMNS FROM `auth_rule` [ RunTime:0.0010s ]
SQL: SELECT `condition`,`name` FROM `auth_rule` WHERE `id` IN ('1','4','5','6','10','12','13','14','15','16','17','19','20','21','22','23','24','26','27','28','30','31','32','33','56','2','3','7','8','9','11','18','25','29','34','35','36','37','38','39','40','41','42','43','44','45','46','47','48','49','50','51','52','53','54','55') AND `type` = 1 AND `status` = 1  [ RunTime:0.0010s ]
INFO: [ view_parse ] --START--
INFO: [ template_filter ] --START--
INFO: Run Behavior\ContentReplaceBehavior [ RunTime:0.001000s ]
INFO: [ template_filter ] --END-- [ RunTime:0.001000s ]
INFO: Run Behavior\ParseTemplateBehavior [ RunTime:0.021001s ]
INFO: [ view_parse ] --END-- [ RunTime:0.021001s ]
INFO: [ view_filter ] --START--
INFO: Run Behavior\WriteHtmlCacheBehavior [ RunTime:0.000000s ]
INFO: [ view_filter ] --END-- [ RunTime:0.001000s ]

[ 2017-03-31T11:34:25+08:00 ] ::1 /OA/index.php/Sign/SignList/addSign
INFO: [ app_init ] --START--
INFO: Run Behavior\BuildLiteBehavior [ RunTime:0.000000s ]
INFO: [ app_init ] --END-- [ RunTime:0.001000s ]
INFO: [ app_begin ] --START--
INFO: Run Behavior\ReadHtmlCacheBehavior [ RunTime:0.001000s ]
INFO: [ app_begin ] --END-- [ RunTime:0.001000s ]
SQL: SHOW COLUMNS FROM `auth_group_access` [ RunTime:0.0010s ]
SQL: SELECT `uid`,`group_id`,`title`,`rules` FROM auth_group_access a INNER JOIN auth_group g on a.group_id=g.id  WHERE ( a.uid='1' and g.status='1' )  [ RunTime:0.0010s ]
SQL: SHOW COLUMNS FROM `auth_rule` [ RunTime:0.0010s ]
SQL: SELECT `condition`,`name` FROM `auth_rule` WHERE `id` IN ('1','4','5','6','10','12','13','14','15','16','17','19','20','21','22','23','24','26','27','28','30','31','32','33','56','2','3','7','8','9','11','18','25','29','34','35','36','37','38','39','40','41','42','43','44','45','46','47','48','49','50','51','52','53','54','55') AND `type` = 1 AND `status` = 1  [ RunTime:0.0010s ]
INFO: [ view_parse ] --START--
INFO: [ template_filter ] --START--
INFO: Run Behavior\ContentReplaceBehavior [ RunTime:0.001000s ]
INFO: [ template_filter ] --END-- [ RunTime:0.001000s ]
INFO: Run Behavior\ParseTemplateBehavior [ RunTime:0.013001s ]
INFO: [ view_parse ] --END-- [ RunTime:0.013001s ]
INFO: [ view_filter ] --START--
INFO: Run Behavior\WriteHtmlCacheBehavior [ RunTime:0.001000s ]
INFO: [ view_filter ] --END-- [ RunTime:0.001000s ]

[ 2017-03-31T11:37:07+08:00 ] ::1 /OA/index.php/Sign/SignList/addSign
INFO: [ app_init ] --START--
INFO: Run Behavior\BuildLiteBehavior [ RunTime:0.000000s ]
INFO: [ app_init ] --END-- [ RunTime:0.001000s ]
INFO: [ app_begin ] --START--
INFO: Run Behavior\ReadHtmlCacheBehavior [ RunTime:0.001000s ]
INFO: [ app_begin ] --END-- [ RunTime:0.001000s ]
SQL: SHOW COLUMNS FROM `auth_group_access` [ RunTime:0.0010s ]
SQL: SELECT `uid`,`group_id`,`title`,`rules` FROM auth_group_access a INNER JOIN auth_group g on a.group_id=g.id  WHERE ( a.uid='1' and g.status='1' )  [ RunTime:0.0010s ]
SQL: SHOW COLUMNS FROM `auth_rule` [ RunTime:0.0010s ]
SQL: SELECT `condition`,`name` FROM `auth_rule` WHERE `id` IN ('1','4','5','6','10','12','13','14','15','16','17','19','20','21','22','23','24','26','27','28','30','31','32','33','56','2','3','7','8','9','11','18','25','29','34','35','36','37','38','39','40','41','42','43','44','45','46','47','48','49','50','51','52','53','54','55') AND `type` = 1 AND `status` = 1  [ RunTime:0.0000s ]
SQL: SHOW COLUMNS FROM `sign` [ RunTime:0.0000s ]
SQL: SELECT * FROM `sign` WHERE `employee_id` = 1  [ RunTime:0.0000s ]
SQL: INSERT INTO `sign` (`employee_id`,`start_time`) VALUES ('1','2017-03-31 11:37:6') [ RunTime:0.0010s ]
INFO: [ view_parse ] --START--
INFO: [ template_filter ] --START--
INFO: Run Behavior\ContentReplaceBehavior [ RunTime:0.000000s ]
INFO: [ template_filter ] --END-- [ RunTime:0.000000s ]
INFO: Run Behavior\ParseTemplateBehavior [ RunTime:0.007000s ]
INFO: [ view_parse ] --END-- [ RunTime:0.007000s ]
INFO: [ view_filter ] --START--
INFO: Run Behavior\WriteHtmlCacheBehavior [ RunTime:0.001000s ]
INFO: [ view_filter ] --END-- [ RunTime:0.001000s ]
INFO: [ app_end ] --START--
INFO: Run Behavior\ShowPageTraceBehavior [ RunTime:0.001000s ]
INFO: [ app_end ] --END-- [ RunTime:0.001000s ]

[ 2017-03-31T11:37:08+08:00 ] ::1 /OA/index.php/Sign/SignList/showOneSignList.html
INFO: [ app_init ] --START--
INFO: Run Behavior\BuildLiteBehavior [ RunTime:0.000000s ]
INFO: [ app_init ] --END-- [ RunTime:0.001001s ]
INFO: [ app_begin ] --START--
INFO: Run Behavior\ReadHtmlCacheBehavior [ RunTime:0.001000s ]
INFO: [ app_begin ] --END-- [ RunTime:0.001000s ]
SQL: SHOW COLUMNS FROM `auth_group_access` [ RunTime:0.0010s ]
SQL: SELECT `uid`,`group_id`,`title`,`rules` FROM auth_group_access a INNER JOIN auth_group g on a.group_id=g.id  WHERE ( a.uid='1' and g.status='1' )  [ RunTime:0.0010s ]
SQL: SHOW COLUMNS FROM `auth_rule` [ RunTime:0.0010s ]
SQL: SELECT `condition`,`name` FROM `auth_rule` WHERE `id` IN ('1','4','5','6','10','12','13','14','15','16','17','19','20','21','22','23','24','26','27','28','30','31','32','33','56','2','3','7','8','9','11','18','25','29','34','35','36','37','38','39','40','41','42','43','44','45','46','47','48','49','50','51','52','53','54','55') AND `type` = 1 AND `status` = 1  [ RunTime:0.0010s ]
SQL: SHOW COLUMNS FROM `sign` [ RunTime:0.0010s ]
SQL: SELECT COUNT(*) AS tp_count FROM `sign` WHERE sign.employee_id = 1 LIMIT 1   [ RunTime:0.0000s ]
SQL: SELECT * FROM `sign` INNER JOIN employee on sign.employee_id = employee.employee_id   WHERE sign.employee_id = 1 LIMIT 0,5   [ RunTime:0.0010s ]
INFO: [ view_parse ] --START--
INFO: [ template_filter ] --START--
INFO: Run Behavior\ContentReplaceBehavior [ RunTime:0.000000s ]
INFO: [ template_filter ] --END-- [ RunTime:0.000000s ]
NOTIC: [8] Undefined variable: sign C:\wamp64\www\OA\Application\Runtime\Cache\Sign\2e0d5f9003d7d966194fa6309d89f77f.php 第 396 行.
NOTIC: [8] Undefined variable: sign C:\wamp64\www\OA\Application\Runtime\Cache\Sign\2e0d5f9003d7d966194fa6309d89f77f.php 第 397 行.
INFO: Run Behavior\ParseTemplateBehavior [ RunTime:0.015001s ]
INFO: [ view_parse ] --END-- [ RunTime:0.015001s ]
INFO: [ view_filter ] --START--
INFO: Run Behavior\WriteHtmlCacheBehavior [ RunTime:0.000000s ]
INFO: [ view_filter ] --END-- [ RunTime:0.000000s ]
INFO: [ app_end ] --START--
INFO: Run Behavior\ShowPageTraceBehavior [ RunTime:0.000000s ]
INFO: [ app_end ] --END-- [ RunTime:0.000000s ]

[ 2017-03-31T11:37:10+08:00 ] ::1 /OA/index.php/Sign/SignList/showOneSignList/p/2.html
INFO: [ app_init ] --START--
INFO: Run Behavior\BuildLiteBehavior [ RunTime:0.000000s ]
INFO: [ app_init ] --END-- [ RunTime:0.000000s ]
INFO: [ app_begin ] --START--
INFO: Run Behavior\ReadHtmlCacheBehavior [ RunTime:0.000000s ]
INFO: [ app_begin ] --END-- [ RunTime:0.001000s ]
SQL: SHOW COLUMNS FROM `auth_group_access` [ RunTime:0.0010s ]
SQL: SELECT `uid`,`group_id`,`title`,`rules` FROM auth_group_access a INNER JOIN auth_group g on a.group_id=g.id  WHERE ( a.uid='1' and g.status='1' )  [ RunTime:0.0000s ]
SQL: SHOW COLUMNS FROM `auth_rule` [ RunTime:0.0000s ]
SQL: SELECT `condition`,`name` FROM `auth_rule` WHERE `id` IN ('1','4','5','6','10','12','13','14','15','16','17','19','20','21','22','23','24','26','27','28','30','31','32','33','56','2','3','7','8','9','11','18','25','29','34','35','36','37','38','39','40','41','42','43','44','45','46','47','48','49','50','51','52','53','54','55') AND `type` = 1 AND `status` = 1  [ RunTime:0.0010s ]
SQL: SHOW COLUMNS FROM `sign` [ RunTime:0.0000s ]
SQL: SELECT COUNT(*) AS tp_count FROM `sign` WHERE sign.employee_id = 1 LIMIT 1   [ RunTime:0.0000s ]
SQL: SELECT * FROM `sign` INNER JOIN employee on sign.employee_id = employee.employee_id   WHERE sign.employee_id = 1 LIMIT 5,5   [ RunTime:0.0010s ]
INFO: [ view_parse ] --START--
INFO: [ template_filter ] --START--
INFO: Run Behavior\ContentReplaceBehavior [ RunTime:0.000000s ]
INFO: [ template_filter ] --END-- [ RunTime:0.000000s ]
NOTIC: [8] Undefined variable: sign C:\wamp64\www\OA\Application\Runtime\Cache\Sign\2e0d5f9003d7d966194fa6309d89f77f.php 第 396 行.
NOTIC: [8] Undefined variable: sign C:\wamp64\www\OA\Application\Runtime\Cache\Sign\2e0d5f9003d7d966194fa6309d89f77f.php 第 397 行.
INFO: Run Behavior\ParseTemplateBehavior [ RunTime:0.019002s ]
INFO: [ view_parse ] --END-- [ RunTime:0.020002s ]
INFO: [ view_filter ] --START--
INFO: Run Behavior\WriteHtmlCacheBehavior [ RunTime:0.001000s ]
INFO: [ view_filter ] --END-- [ RunTime:0.001000s ]
INFO: [ app_end ] --START--
INFO: Run Behavior\ShowPageTraceBehavior [ RunTime:0.001000s ]
INFO: [ app_end ] --END-- [ RunTime:0.001000s ]

[ 2017-03-31T11:37:13+08:00 ] ::1 /OA/index.php/Sign/SignList/showOneSignList/p/1.html
INFO: [ app_init ] --START--
INFO: Run Behavior\BuildLiteBehavior [ RunTime:0.000000s ]
INFO: [ app_init ] --END-- [ RunTime:0.001000s ]
INFO: [ app_begin ] --START--
INFO: Run Behavior\ReadHtmlCacheBehavior [ RunTime:0.000000s ]
INFO: [ app_begin ] --END-- [ RunTime:0.001000s ]
SQL: SHOW COLUMNS FROM `auth_group_access` [ RunTime:0.0000s ]
SQL: SELECT `uid`,`group_id`,`title`,`rules` FROM auth_group_access a INNER JOIN auth_group g on a.group_id=g.id  WHERE ( a.uid='1' and g.status='1' )  [ RunTime:0.0000s ]
SQL: SHOW COLUMNS FROM `auth_rule` [ RunTime:0.0010s ]
SQL: SELECT `condition`,`name` FROM `auth_rule` WHERE `id` IN ('1','4','5','6','10','12','13','14','15','16','17','19','20','21','22','23','24','26','27','28','30','31','32','33','56','2','3','7','8','9','11','18','25','29','34','35','36','37','38','39','40','41','42','43','44','45','46','47','48','49','50','51','52','53','54','55') AND `type` = 1 AND `status` = 1  [ RunTime:0.0000s ]
SQL: SHOW COLUMNS FROM `sign` [ RunTime:0.0010s ]
SQL: SELECT COUNT(*) AS tp_count FROM `sign` WHERE sign.employee_id = 1 LIMIT 1   [ RunTime:0.0000s ]
SQL: SELECT * FROM `sign` INNER JOIN employee on sign.employee_id = employee.employee_id   WHERE sign.employee_id = 1 LIMIT 0,5   [ RunTime:0.0000s ]
INFO: [ view_parse ] --START--
INFO: [ template_filter ] --START--
INFO: Run Behavior\ContentReplaceBehavior [ RunTime:0.000000s ]
INFO: [ template_filter ] --END-- [ RunTime:0.001000s ]
NOTIC: [8] Undefined variable: sign C:\wamp64\www\OA\Application\Runtime\Cache\Sign\2e0d5f9003d7d966194fa6309d89f77f.php 第 396 行.
NOTIC: [8] Undefined variable: sign C:\wamp64\www\OA\Application\Runtime\Cache\Sign\2e0d5f9003d7d966194fa6309d89f77f.php 第 397 行.
INFO: Run Behavior\ParseTemplateBehavior [ RunTime:0.011001s ]
INFO: [ view_parse ] --END-- [ RunTime:0.011001s ]
INFO: [ view_filter ] --START--
INFO: Run Behavior\WriteHtmlCacheBehavior [ RunTime:0.001000s ]
INFO: [ view_filter ] --END-- [ RunTime:0.001000s ]
INFO: [ app_end ] --START--
INFO: Run Behavior\ShowPageTraceBehavior [ RunTime:0.001000s ]
INFO: [ app_end ] --END-- [ RunTime:0.001000s ]

[ 2017-03-31T11:37:29+08:00 ] ::1 /OA/index.php/Sign/SignList/addSign
INFO: [ app_init ] --START--
INFO: Run Behavior\BuildLiteBehavior [ RunTime:0.000000s ]
INFO: [ app_init ] --END-- [ RunTime:0.001000s ]
INFO: [ app_begin ] --START--
INFO: Run Behavior\ReadHtmlCacheBehavior [ RunTime:0.001000s ]
INFO: [ app_begin ] --END-- [ RunTime:0.001000s ]
SQL: SHOW COLUMNS FROM `auth_group_access` [ RunTime:0.0010s ]
SQL: SELECT `uid`,`group_id`,`title`,`rules` FROM auth_group_access a INNER JOIN auth_group g on a.group_id=g.id  WHERE ( a.uid='1' and g.status='1' )  [ RunTime:0.0000s ]
SQL: SHOW COLUMNS FROM `auth_rule` [ RunTime:0.0000s ]
SQL: SELECT `condition`,`name` FROM `auth_rule` WHERE `id` IN ('1','4','5','6','10','12','13','14','15','16','17','19','20','21','22','23','24','26','27','28','30','31','32','33','56','2','3','7','8','9','11','18','25','29','34','35','36','37','38','39','40','41','42','43','44','45','46','47','48','49','50','51','52','53','54','55') AND `type` = 1 AND `status` = 1  [ RunTime:0.0000s ]
INFO: [ view_parse ] --START--
INFO: [ template_filter ] --START--
INFO: Run Behavior\ContentReplaceBehavior [ RunTime:0.000000s ]
INFO: [ template_filter ] --END-- [ RunTime:0.001000s ]
INFO: Run Behavior\ParseTemplateBehavior [ RunTime:0.009000s ]
INFO: [ view_parse ] --END-- [ RunTime:0.009000s ]
INFO: [ view_filter ] --START--
INFO: Run Behavior\WriteHtmlCacheBehavior [ RunTime:0.000000s ]
INFO: [ view_filter ] --END-- [ RunTime:0.001000s ]

[ 2017-03-31T11:37:30+08:00 ] ::1 /OA/index.php/Sign/SignList/addSign
INFO: [ app_init ] --START--
INFO: Run Behavior\BuildLiteBehavior [ RunTime:0.000000s ]
INFO: [ app_init ] --END-- [ RunTime:0.000000s ]
INFO: [ app_begin ] --START--
INFO: Run Behavior\ReadHtmlCacheBehavior [ RunTime:0.001000s ]
INFO: [ app_begin ] --END-- [ RunTime:0.001000s ]
SQL: SHOW COLUMNS FROM `auth_group_access` [ RunTime:0.0000s ]
SQL: SELECT `uid`,`group_id`,`title`,`rules` FROM auth_group_access a INNER JOIN auth_group g on a.group_id=g.id  WHERE ( a.uid='1' and g.status='1' )  [ RunTime:0.0000s ]
SQL: SHOW COLUMNS FROM `auth_rule` [ RunTime:0.0010s ]
SQL: SELECT `condition`,`name` FROM `auth_rule` WHERE `id` IN ('1','4','5','6','10','12','13','14','15','16','17','19','20','21','22','23','24','26','27','28','30','31','32','33','56','2','3','7','8','9','11','18','25','29','34','35','36','37','38','39','40','41','42','43','44','45','46','47','48','49','50','51','52','53','54','55') AND `type` = 1 AND `status` = 1  [ RunTime:0.0000s ]
SQL: SHOW COLUMNS FROM `sign` [ RunTime:0.0010s ]
SQL: SELECT * FROM `sign` WHERE `employee_id` = 1  [ RunTime:0.0000s ]
INFO: [ view_parse ] --START--
INFO: [ template_filter ] --START--
INFO: Run Behavior\ContentReplaceBehavior [ RunTime:0.000000s ]
INFO: [ template_filter ] --END-- [ RunTime:0.000000s ]
INFO: Run Behavior\ParseTemplateBehavior [ RunTime:0.006000s ]
INFO: [ view_parse ] --END-- [ RunTime:0.007000s ]
INFO: [ view_filter ] --START--
INFO: Run Behavior\WriteHtmlCacheBehavior [ RunTime:0.000000s ]
INFO: [ view_filter ] --END-- [ RunTime:0.000000s ]

[ 2017-03-31T11:37:32+08:00 ] ::1 /OA/index.php/Sign/SignList/addSign
INFO: [ app_init ] --START--
INFO: Run Behavior\BuildLiteBehavior [ RunTime:0.000000s ]
INFO: [ app_init ] --END-- [ RunTime:0.001000s ]
INFO: [ app_begin ] --START--
INFO: Run Behavior\ReadHtmlCacheBehavior [ RunTime:0.000000s ]
INFO: [ app_begin ] --END-- [ RunTime:0.000000s ]
SQL: SHOW COLUMNS FROM `auth_group_access` [ RunTime:0.0000s ]
SQL: SELECT `uid`,`group_id`,`title`,`rules` FROM auth_group_access a INNER JOIN auth_group g on a.group_id=g.id  WHERE ( a.uid='1' and g.status='1' )  [ RunTime:0.0000s ]
SQL: SHOW COLUMNS FROM `auth_rule` [ RunTime:0.0000s ]
SQL: SELECT `condition`,`name` FROM `auth_rule` WHERE `id` IN ('1','4','5','6','10','12','13','14','15','16','17','19','20','21','22','23','24','26','27','28','30','31','32','33','56','2','3','7','8','9','11','18','25','29','34','35','36','37','38','39','40','41','42','43','44','45','46','47','48','49','50','51','52','53','54','55') AND `type` = 1 AND `status` = 1  [ RunTime:0.0000s ]
INFO: [ view_parse ] --START--
INFO: [ template_filter ] --START--
INFO: Run Behavior\ContentReplaceBehavior [ RunTime:0.001000s ]
INFO: [ template_filter ] --END-- [ RunTime:0.001000s ]
INFO: Run Behavior\ParseTemplateBehavior [ RunTime:0.012001s ]
INFO: [ view_parse ] --END-- [ RunTime:0.012001s ]
INFO: [ view_filter ] --START--
INFO: Run Behavior\WriteHtmlCacheBehavior [ RunTime:0.000000s ]
INFO: [ view_filter ] --END-- [ RunTime:0.001000s ]

[ 2017-03-31T11:37:44+08:00 ] ::1 /OA/index.php/Sign/SignList/addSign
INFO: [ app_init ] --START--
INFO: Run Behavior\BuildLiteBehavior [ RunTime:0.000000s ]
INFO: [ app_init ] --END-- [ RunTime:0.002000s ]
INFO: [ app_begin ] --START--
INFO: Run Behavior\ReadHtmlCacheBehavior [ RunTime:0.001000s ]
INFO: [ app_begin ] --END-- [ RunTime:0.002000s ]
SQL: SHOW COLUMNS FROM `auth_group_access` [ RunTime:0.0010s ]
SQL: SELECT `uid`,`group_id`,`title`,`rules` FROM auth_group_access a INNER JOIN auth_group g on a.group_id=g.id  WHERE ( a.uid='1' and g.status='1' )  [ RunTime:0.0010s ]
SQL: SHOW COLUMNS FROM `auth_rule` [ RunTime:0.0010s ]
SQL: SELECT `condition`,`name` FROM `auth_rule` WHERE `id` IN ('1','4','5','6','10','12','13','14','15','16','17','19','20','21','22','23','24','26','27','28','30','31','32','33','56','2','3','7','8','9','11','18','25','29','34','35','36','37','38','39','40','41','42','43','44','45','46','47','48','49','50','51','52','53','54','55') AND `type` = 1 AND `status` = 1  [ RunTime:0.0010s ]
INFO: [ view_parse ] --START--
INFO: [ template_filter ] --START--
INFO: Run Behavior\ContentReplaceBehavior [ RunTime:0.000000s ]
INFO: [ template_filter ] --END-- [ RunTime:0.000000s ]
INFO: Run Behavior\ParseTemplateBehavior [ RunTime:0.010001s ]
INFO: [ view_parse ] --END-- [ RunTime:0.010001s ]
INFO: [ view_filter ] --START--
INFO: Run Behavior\WriteHtmlCacheBehavior [ RunTime:0.001000s ]
INFO: [ view_filter ] --END-- [ RunTime:0.001000s ]

