[ 2017-03-20T10:08:23+08:00 ] ::1 /OA/index.php/Department/DepartmentList/showDepartmentList
INFO: [ app_init ] --START--
INFO: Run Behavior\BuildLiteBehavior [ RunTime:0.000000s ]
INFO: [ app_init ] --END-- [ RunTime:0.000000s ]
INFO: [ app_begin ] --START--
INFO: Run Behavior\ReadHtmlCacheBehavior [ RunTime:0.001000s ]
INFO: [ app_begin ] --END-- [ RunTime:0.001000s ]
SQL: SHOW COLUMNS FROM `department` [ RunTime:0.0090s ]
SQL: SELECT * FROM `department`  [ RunTime:0.0000s ]
INFO: [ view_parse ] --START--
INFO: [ template_filter ] --START--
INFO: Run Behavior\ContentReplaceBehavior [ RunTime:0.000000s ]
INFO: [ template_filter ] --END-- [ RunTime:0.001000s ]
NOTIC: [8] Undefined index: department C:\wamp64\www\OA\Application\Runtime\Cache\Department\55d0a788e1c01b1525bc4e1a679c0e45.php 第 310 行.
NOTIC: [8] Undefined index: department C:\wamp64\www\OA\Application\Runtime\Cache\Department\55d0a788e1c01b1525bc4e1a679c0e45.php 第 310 行.
NOTIC: [8] Undefined index: department C:\wamp64\www\OA\Application\Runtime\Cache\Department\55d0a788e1c01b1525bc4e1a679c0e45.php 第 310 行.
NOTIC: [8] Undefined index: department C:\wamp64\www\OA\Application\Runtime\Cache\Department\55d0a788e1c01b1525bc4e1a679c0e45.php 第 310 行.
NOTIC: [8] Undefined index: department C:\wamp64\www\OA\Application\Runtime\Cache\Department\55d0a788e1c01b1525bc4e1a679c0e45.php 第 310 行.
NOTIC: [8] Undefined index: department C:\wamp64\www\OA\Application\Runtime\Cache\Department\55d0a788e1c01b1525bc4e1a679c0e45.php 第 310 行.
NOTIC: [8] Undefined index: department C:\wamp64\www\OA\Application\Runtime\Cache\Department\55d0a788e1c01b1525bc4e1a679c0e45.php 第 310 行.
NOTIC: [8] Undefined index: department C:\wamp64\www\OA\Application\Runtime\Cache\Department\55d0a788e1c01b1525bc4e1a679c0e45.php 第 310 行.
NOTIC: [8] Undefined index: department C:\wamp64\www\OA\Application\Runtime\Cache\Department\55d0a788e1c01b1525bc4e1a679c0e45.php 第 310 行.
NOTIC: [8] Undefined index: department C:\wamp64\www\OA\Application\Runtime\Cache\Department\55d0a788e1c01b1525bc4e1a679c0e45.php 第 310 行.
NOTIC: [8] Undefined index: department C:\wamp64\www\OA\Application\Runtime\Cache\Department\55d0a788e1c01b1525bc4e1a679c0e45.php 第 310 行.
NOTIC: [8] Undefined index: department C:\wamp64\www\OA\Application\Runtime\Cache\Department\55d0a788e1c01b1525bc4e1a679c0e45.php 第 310 行.
INFO: Run Behavior\ParseTemplateBehavior [ RunTime:0.032001s ]
INFO: [ view_parse ] --END-- [ RunTime:0.033001s ]
INFO: [ view_filter ] --START--
INFO: Run Behavior\WriteHtmlCacheBehavior [ RunTime:0.000000s ]
INFO: [ view_filter ] --END-- [ RunTime:0.000000s ]
INFO: [ app_end ] --START--
INFO: Run Behavior\ShowPageTraceBehavior [ RunTime:0.001001s ]
INFO: [ app_end ] --END-- [ RunTime:0.001001s ]

[ 2017-03-20T10:08:24+08:00 ] ::1 /OA/index.php/Department/FillDepartment/addDepartment
INFO: [ app_init ] --START--
INFO: Run Behavior\BuildLiteBehavior [ RunTime:0.000000s ]
INFO: [ app_init ] --END-- [ RunTime:0.001000s ]
INFO: [ app_begin ] --START--
INFO: Run Behavior\ReadHtmlCacheBehavior [ RunTime:0.000000s ]
INFO: [ app_begin ] --END-- [ RunTime:0.002001s ]
INFO: [ view_parse ] --START--
INFO: [ template_filter ] --START--
INFO: Run Behavior\ContentReplaceBehavior [ RunTime:0.001000s ]
INFO: [ template_filter ] --END-- [ RunTime:0.001000s ]
INFO: Run Behavior\ParseTemplateBehavior [ RunTime:0.023001s ]
INFO: [ view_parse ] --END-- [ RunTime:0.024002s ]
INFO: [ view_filter ] --START--
INFO: Run Behavior\WriteHtmlCacheBehavior [ RunTime:0.001000s ]
INFO: [ view_filter ] --END-- [ RunTime:0.001000s ]

[ 2017-03-20T10:08:24+08:00 ] ::1 /OA/index.php/Department/FillDepartment/OA/Public/assets/js/bootstrap-datetimepicker/css/bootstrap-datetimepicker.min.css
INFO: [ app_init ] --START--
INFO: Run Behavior\BuildLiteBehavior [ RunTime:0.000000s ]
INFO: [ app_init ] --END-- [ RunTime:0.000000s ]
INFO: [ app_begin ] --START--
INFO: Run Behavior\ReadHtmlCacheBehavior [ RunTime:0.000000s ]
INFO: [ app_begin ] --END-- [ RunTime:0.000000s ]
ERR: 非法操作:OA

[ 2017-03-20T10:08:24+08:00 ] ::1 /OA/index.php/Department/FillDepartment/OA/Public/assets/js/bootstrap-datetimepicker/css/bootstrap-datetimepicker.min.css
INFO: [ app_init ] --START--
INFO: Run Behavior\BuildLiteBehavior [ RunTime:0.000000s ]
INFO: [ app_init ] --END-- [ RunTime:0.000000s ]
INFO: [ app_begin ] --START--
INFO: Run Behavior\ReadHtmlCacheBehavior [ RunTime:0.000000s ]
INFO: [ app_begin ] --END-- [ RunTime:0.000000s ]
ERR: 非法操作:OA

[ 2017-03-20T10:08:26+08:00 ] ::1 /OA/index.php/Department/DepartmentList/showDepartmentList
INFO: [ app_init ] --START--
INFO: Run Behavior\BuildLiteBehavior [ RunTime:0.001000s ]
INFO: [ app_init ] --END-- [ RunTime:0.001000s ]
INFO: [ app_begin ] --START--
INFO: Run Behavior\ReadHtmlCacheBehavior [ RunTime:0.001001s ]
INFO: [ app_begin ] --END-- [ RunTime:0.002001s ]
SQL: SHOW COLUMNS FROM `department` [ RunTime:0.0020s ]
SQL: SELECT * FROM `department`  [ RunTime:0.0000s ]
INFO: [ view_parse ] --START--
INFO: [ template_filter ] --START--
INFO: Run Behavior\ContentReplaceBehavior [ RunTime:0.001000s ]
INFO: [ template_filter ] --END-- [ RunTime:0.001000s ]
NOTIC: [8] Undefined index: department C:\wamp64\www\OA\Application\Runtime\Cache\Department\55d0a788e1c01b1525bc4e1a679c0e45.php 第 310 行.
NOTIC: [8] Undefined index: department C:\wamp64\www\OA\Application\Runtime\Cache\Department\55d0a788e1c01b1525bc4e1a679c0e45.php 第 310 行.
NOTIC: [8] Undefined index: department C:\wamp64\www\OA\Application\Runtime\Cache\Department\55d0a788e1c01b1525bc4e1a679c0e45.php 第 310 行.
NOTIC: [8] Undefined index: department C:\wamp64\www\OA\Application\Runtime\Cache\Department\55d0a788e1c01b1525bc4e1a679c0e45.php 第 310 行.
NOTIC: [8] Undefined index: department C:\wamp64\www\OA\Application\Runtime\Cache\Department\55d0a788e1c01b1525bc4e1a679c0e45.php 第 310 行.
NOTIC: [8] Undefined index: department C:\wamp64\www\OA\Application\Runtime\Cache\Department\55d0a788e1c01b1525bc4e1a679c0e45.php 第 310 行.
NOTIC: [8] Undefined index: department C:\wamp64\www\OA\Application\Runtime\Cache\Department\55d0a788e1c01b1525bc4e1a679c0e45.php 第 310 行.
NOTIC: [8] Undefined index: department C:\wamp64\www\OA\Application\Runtime\Cache\Department\55d0a788e1c01b1525bc4e1a679c0e45.php 第 310 行.
NOTIC: [8] Undefined index: department C:\wamp64\www\OA\Application\Runtime\Cache\Department\55d0a788e1c01b1525bc4e1a679c0e45.php 第 310 行.
NOTIC: [8] Undefined index: department C:\wamp64\www\OA\Application\Runtime\Cache\Department\55d0a788e1c01b1525bc4e1a679c0e45.php 第 310 行.
NOTIC: [8] Undefined index: department C:\wamp64\www\OA\Application\Runtime\Cache\Department\55d0a788e1c01b1525bc4e1a679c0e45.php 第 310 行.
NOTIC: [8] Undefined index: department C:\wamp64\www\OA\Application\Runtime\Cache\Department\55d0a788e1c01b1525bc4e1a679c0e45.php 第 310 行.
INFO: Run Behavior\ParseTemplateBehavior [ RunTime:0.019002s ]
INFO: [ view_parse ] --END-- [ RunTime:0.019002s ]
INFO: [ view_filter ] --START--
INFO: Run Behavior\WriteHtmlCacheBehavior [ RunTime:0.000000s ]
INFO: [ view_filter ] --END-- [ RunTime:0.000000s ]
INFO: [ app_end ] --START--
INFO: Run Behavior\ShowPageTraceBehavior [ RunTime:0.001000s ]
INFO: [ app_end ] --END-- [ RunTime:0.001000s ]

[ 2017-03-20T10:08:31+08:00 ] ::1 /OA/index.php/Department/DepartmentList/editDepartment?department_id=1
INFO: [ app_init ] --START--
INFO: Run Behavior\BuildLiteBehavior [ RunTime:0.000000s ]
INFO: [ app_init ] --END-- [ RunTime:0.001000s ]
INFO: [ app_begin ] --START--
INFO: Run Behavior\ReadHtmlCacheBehavior [ RunTime:0.002000s ]
INFO: [ app_begin ] --END-- [ RunTime:0.002000s ]
INFO: [ view_parse ] --START--
INFO: [ template_filter ] --START--
INFO: Run Behavior\ContentReplaceBehavior [ RunTime:0.000000s ]
INFO: [ template_filter ] --END-- [ RunTime:0.000000s ]
INFO: Run Behavior\ParseTemplateBehavior [ RunTime:0.026001s ]
INFO: [ view_parse ] --END-- [ RunTime:0.026001s ]
INFO: [ view_filter ] --START--
INFO: Run Behavior\WriteHtmlCacheBehavior [ RunTime:0.000000s ]
INFO: [ view_filter ] --END-- [ RunTime:0.001000s ]

[ 2017-03-20T10:08:31+08:00 ] ::1 /OA/index.php/Department/DepartmentList/OA/Public/assets/js/bootstrap-datetimepicker/css/bootstrap-datetimepicker.min.css
INFO: [ app_init ] --START--
INFO: Run Behavior\BuildLiteBehavior [ RunTime:0.000000s ]
INFO: [ app_init ] --END-- [ RunTime:0.001000s ]
INFO: [ app_begin ] --START--
INFO: Run Behavior\ReadHtmlCacheBehavior [ RunTime:0.000000s ]
INFO: [ app_begin ] --END-- [ RunTime:0.000000s ]
ERR: 非法操作:OA

[ 2017-03-20T10:08:31+08:00 ] ::1 /OA/index.php/Department/DepartmentList/OA/Public/assets/js/bootstrap-datetimepicker/css/bootstrap-datetimepicker.min.css
INFO: [ app_init ] --START--
INFO: Run Behavior\BuildLiteBehavior [ RunTime:0.000000s ]
INFO: [ app_init ] --END-- [ RunTime:0.000000s ]
INFO: [ app_begin ] --START--
INFO: Run Behavior\ReadHtmlCacheBehavior [ RunTime:0.000000s ]
INFO: [ app_begin ] --END-- [ RunTime:0.000000s ]
ERR: 非法操作:OA

[ 2017-03-20T10:08:42+08:00 ] ::1 /OA/index.php/Department/DepartmentList/editDepartment?department_id=16
INFO: [ app_init ] --START--
INFO: Run Behavior\BuildLiteBehavior [ RunTime:0.000000s ]
INFO: [ app_init ] --END-- [ RunTime:0.001000s ]
INFO: [ app_begin ] --START--
INFO: Run Behavior\ReadHtmlCacheBehavior [ RunTime:0.000000s ]
INFO: [ app_begin ] --END-- [ RunTime:0.002000s ]
INFO: [ view_parse ] --START--
INFO: [ template_filter ] --START--
INFO: Run Behavior\ContentReplaceBehavior [ RunTime:0.000000s ]
INFO: [ template_filter ] --END-- [ RunTime:0.000000s ]
INFO: Run Behavior\ParseTemplateBehavior [ RunTime:0.014001s ]
INFO: [ view_parse ] --END-- [ RunTime:0.014001s ]
INFO: [ view_filter ] --START--
INFO: Run Behavior\WriteHtmlCacheBehavior [ RunTime:0.001000s ]
INFO: [ view_filter ] --END-- [ RunTime:0.001000s ]

[ 2017-03-20T10:08:42+08:00 ] ::1 /OA/index.php/Department/DepartmentList/OA/Public/assets/js/bootstrap-datetimepicker/css/bootstrap-datetimepicker.min.css
INFO: [ app_init ] --START--
INFO: Run Behavior\BuildLiteBehavior [ RunTime:0.000000s ]
INFO: [ app_init ] --END-- [ RunTime:0.001000s ]
INFO: [ app_begin ] --START--
INFO: Run Behavior\ReadHtmlCacheBehavior [ RunTime:0.001000s ]
INFO: [ app_begin ] --END-- [ RunTime:0.001000s ]
ERR: 非法操作:OA

[ 2017-03-20T10:08:42+08:00 ] ::1 /OA/index.php/Department/DepartmentList/OA/Public/assets/js/bootstrap-datetimepicker/css/bootstrap-datetimepicker.min.css
INFO: [ app_init ] --START--
INFO: Run Behavior\BuildLiteBehavior [ RunTime:0.000000s ]
INFO: [ app_init ] --END-- [ RunTime:0.000000s ]
INFO: [ app_begin ] --START--
INFO: Run Behavior\ReadHtmlCacheBehavior [ RunTime:0.000000s ]
INFO: [ app_begin ] --END-- [ RunTime:0.000000s ]
ERR: 非法操作:OA

[ 2017-03-20T10:08:53+08:00 ] ::1 /OA/index.php/Department/DepartmentList/editDepartment
INFO: [ app_init ] --START--
INFO: Run Behavior\BuildLiteBehavior [ RunTime:0.000000s ]
INFO: [ app_init ] --END-- [ RunTime:0.001000s ]
INFO: [ app_begin ] --START--
INFO: Run Behavior\ReadHtmlCacheBehavior [ RunTime:0.001000s ]
INFO: [ app_begin ] --END-- [ RunTime:0.001000s ]
SQL: SHOW COLUMNS FROM `department` [ RunTime:0.0000s ]
SQL: UPDATE `department` SET `dept_name`='第十六个部门' WHERE `department_id` = 16 [ RunTime:0.0000s ]
INFO: [ view_parse ] --START--
INFO: [ template_filter ] --START--
INFO: Run Behavior\ContentReplaceBehavior [ RunTime:0.000000s ]
INFO: [ template_filter ] --END-- [ RunTime:0.000000s ]
INFO: Run Behavior\ParseTemplateBehavior [ RunTime:0.006000s ]
INFO: [ view_parse ] --END-- [ RunTime:0.006000s ]
INFO: [ view_filter ] --START--
INFO: Run Behavior\WriteHtmlCacheBehavior [ RunTime:0.001000s ]
INFO: [ view_filter ] --END-- [ RunTime:0.001000s ]
INFO: [ app_end ] --START--
INFO: Run Behavior\ShowPageTraceBehavior [ RunTime:0.001000s ]
INFO: [ app_end ] --END-- [ RunTime:0.001000s ]

[ 2017-03-20T10:08:54+08:00 ] ::1 /OA/index.php/Department/DepartmentList/showDepartmentList.html
INFO: [ app_init ] --START--
INFO: Run Behavior\BuildLiteBehavior [ RunTime:0.000000s ]
INFO: [ app_init ] --END-- [ RunTime:0.001000s ]
INFO: [ app_begin ] --START--
INFO: Run Behavior\ReadHtmlCacheBehavior [ RunTime:0.000000s ]
INFO: [ app_begin ] --END-- [ RunTime:0.000000s ]
SQL: SHOW COLUMNS FROM `department` [ RunTime:0.0010s ]
SQL: SELECT * FROM `department`  [ RunTime:0.0010s ]
INFO: [ view_parse ] --START--
INFO: [ template_filter ] --START--
INFO: Run Behavior\ContentReplaceBehavior [ RunTime:0.000000s ]
INFO: [ template_filter ] --END-- [ RunTime:0.000000s ]
NOTIC: [8] Undefined index: department C:\wamp64\www\OA\Application\Runtime\Cache\Department\55d0a788e1c01b1525bc4e1a679c0e45.php 第 310 行.
NOTIC: [8] Undefined index: department C:\wamp64\www\OA\Application\Runtime\Cache\Department\55d0a788e1c01b1525bc4e1a679c0e45.php 第 310 行.
NOTIC: [8] Undefined index: department C:\wamp64\www\OA\Application\Runtime\Cache\Department\55d0a788e1c01b1525bc4e1a679c0e45.php 第 310 行.
NOTIC: [8] Undefined index: department C:\wamp64\www\OA\Application\Runtime\Cache\Department\55d0a788e1c01b1525bc4e1a679c0e45.php 第 310 行.
NOTIC: [8] Undefined index: department C:\wamp64\www\OA\Application\Runtime\Cache\Department\55d0a788e1c01b1525bc4e1a679c0e45.php 第 310 行.
NOTIC: [8] Undefined index: department C:\wamp64\www\OA\Application\Runtime\Cache\Department\55d0a788e1c01b1525bc4e1a679c0e45.php 第 310 行.
NOTIC: [8] Undefined index: department C:\wamp64\www\OA\Application\Runtime\Cache\Department\55d0a788e1c01b1525bc4e1a679c0e45.php 第 310 行.
NOTIC: [8] Undefined index: department C:\wamp64\www\OA\Application\Runtime\Cache\Department\55d0a788e1c01b1525bc4e1a679c0e45.php 第 310 行.
NOTIC: [8] Undefined index: department C:\wamp64\www\OA\Application\Runtime\Cache\Department\55d0a788e1c01b1525bc4e1a679c0e45.php 第 310 行.
NOTIC: [8] Undefined index: department C:\wamp64\www\OA\Application\Runtime\Cache\Department\55d0a788e1c01b1525bc4e1a679c0e45.php 第 310 行.
NOTIC: [8] Undefined index: department C:\wamp64\www\OA\Application\Runtime\Cache\Department\55d0a788e1c01b1525bc4e1a679c0e45.php 第 310 行.
NOTIC: [8] Undefined index: department C:\wamp64\www\OA\Application\Runtime\Cache\Department\55d0a788e1c01b1525bc4e1a679c0e45.php 第 310 行.
INFO: Run Behavior\ParseTemplateBehavior [ RunTime:0.017001s ]
INFO: [ view_parse ] --END-- [ RunTime:0.017001s ]
INFO: [ view_filter ] --START--
INFO: Run Behavior\WriteHtmlCacheBehavior [ RunTime:0.001000s ]
INFO: [ view_filter ] --END-- [ RunTime:0.001000s ]
INFO: [ app_end ] --START--
INFO: Run Behavior\ShowPageTraceBehavior [ RunTime:0.001000s ]
INFO: [ app_end ] --END-- [ RunTime:0.001000s ]

[ 2017-03-20T10:09:00+08:00 ] ::1 /OA/index.php/Department/DepartmentList/deleteDepartment?department_id=15
INFO: [ app_init ] --START--
INFO: Run Behavior\BuildLiteBehavior [ RunTime:0.000000s ]
INFO: [ app_init ] --END-- [ RunTime:0.001000s ]
INFO: [ app_begin ] --START--
INFO: Run Behavior\ReadHtmlCacheBehavior [ RunTime:0.001000s ]
INFO: [ app_begin ] --END-- [ RunTime:0.001000s ]
SQL: SHOW COLUMNS FROM `department` [ RunTime:0.0010s ]
SQL: DELETE FROM `department` WHERE `department_id` = 15 [ RunTime:0.0000s ]
INFO: [ view_parse ] --START--
INFO: [ template_filter ] --START--
INFO: Run Behavior\ContentReplaceBehavior [ RunTime:0.000000s ]
INFO: [ template_filter ] --END-- [ RunTime:0.000000s ]
INFO: Run Behavior\ParseTemplateBehavior [ RunTime:0.005001s ]
INFO: [ view_parse ] --END-- [ RunTime:0.005001s ]
INFO: [ view_filter ] --START--
INFO: Run Behavior\WriteHtmlCacheBehavior [ RunTime:0.000000s ]
INFO: [ view_filter ] --END-- [ RunTime:0.000000s ]
INFO: [ app_end ] --START--
INFO: Run Behavior\ShowPageTraceBehavior [ RunTime:0.000000s ]
INFO: [ app_end ] --END-- [ RunTime:0.000000s ]

[ 2017-03-20T10:09:01+08:00 ] ::1 /OA/index.php/Department/DepartmentList/showDepartmentList.html
INFO: [ app_init ] --START--
INFO: Run Behavior\BuildLiteBehavior [ RunTime:0.000000s ]
INFO: [ app_init ] --END-- [ RunTime:0.001001s ]
INFO: [ app_begin ] --START--
INFO: Run Behavior\ReadHtmlCacheBehavior [ RunTime:0.000000s ]
INFO: [ app_begin ] --END-- [ RunTime:0.000000s ]
SQL: SHOW COLUMNS FROM `department` [ RunTime:0.0000s ]
SQL: SELECT * FROM `department`  [ RunTime:0.0000s ]
INFO: [ view_parse ] --START--
INFO: [ template_filter ] --START--
INFO: Run Behavior\ContentReplaceBehavior [ RunTime:0.000000s ]
INFO: [ template_filter ] --END-- [ RunTime:0.001000s ]
NOTIC: [8] Undefined index: department C:\wamp64\www\OA\Application\Runtime\Cache\Department\55d0a788e1c01b1525bc4e1a679c0e45.php 第 310 行.
NOTIC: [8] Undefined index: department C:\wamp64\www\OA\Application\Runtime\Cache\Department\55d0a788e1c01b1525bc4e1a679c0e45.php 第 310 行.
NOTIC: [8] Undefined index: department C:\wamp64\www\OA\Application\Runtime\Cache\Department\55d0a788e1c01b1525bc4e1a679c0e45.php 第 310 行.
NOTIC: [8] Undefined index: department C:\wamp64\www\OA\Application\Runtime\Cache\Department\55d0a788e1c01b1525bc4e1a679c0e45.php 第 310 行.
NOTIC: [8] Undefined index: department C:\wamp64\www\OA\Application\Runtime\Cache\Department\55d0a788e1c01b1525bc4e1a679c0e45.php 第 310 行.
NOTIC: [8] Undefined index: department C:\wamp64\www\OA\Application\Runtime\Cache\Department\55d0a788e1c01b1525bc4e1a679c0e45.php 第 310 行.
NOTIC: [8] Undefined index: department C:\wamp64\www\OA\Application\Runtime\Cache\Department\55d0a788e1c01b1525bc4e1a679c0e45.php 第 310 行.
NOTIC: [8] Undefined index: department C:\wamp64\www\OA\Application\Runtime\Cache\Department\55d0a788e1c01b1525bc4e1a679c0e45.php 第 310 行.
NOTIC: [8] Undefined index: department C:\wamp64\www\OA\Application\Runtime\Cache\Department\55d0a788e1c01b1525bc4e1a679c0e45.php 第 310 行.
NOTIC: [8] Undefined index: department C:\wamp64\www\OA\Application\Runtime\Cache\Department\55d0a788e1c01b1525bc4e1a679c0e45.php 第 310 行.
NOTIC: [8] Undefined index: department C:\wamp64\www\OA\Application\Runtime\Cache\Department\55d0a788e1c01b1525bc4e1a679c0e45.php 第 310 行.
INFO: Run Behavior\ParseTemplateBehavior [ RunTime:0.011000s ]
INFO: [ view_parse ] --END-- [ RunTime:0.011000s ]
INFO: [ view_filter ] --START--
INFO: Run Behavior\WriteHtmlCacheBehavior [ RunTime:0.000000s ]
INFO: [ view_filter ] --END-- [ RunTime:0.000000s ]
INFO: [ app_end ] --START--
INFO: Run Behavior\ShowPageTraceBehavior [ RunTime:0.001000s ]
INFO: [ app_end ] --END-- [ RunTime:0.001000s ]

[ 2017-03-20T10:09:14+08:00 ] ::1 /OA/index.php/Department/FillDepartment/addDepartment
INFO: [ app_init ] --START--
INFO: Run Behavior\BuildLiteBehavior [ RunTime:0.000000s ]
INFO: [ app_init ] --END-- [ RunTime:0.001000s ]
INFO: [ app_begin ] --START--
INFO: Run Behavior\ReadHtmlCacheBehavior [ RunTime:0.002000s ]
INFO: [ app_begin ] --END-- [ RunTime:0.002000s ]
INFO: [ view_parse ] --START--
INFO: [ template_filter ] --START--
INFO: Run Behavior\ContentReplaceBehavior [ RunTime:0.000000s ]
INFO: [ template_filter ] --END-- [ RunTime:0.000000s ]
INFO: Run Behavior\ParseTemplateBehavior [ RunTime:0.013001s ]
INFO: [ view_parse ] --END-- [ RunTime:0.014001s ]
INFO: [ view_filter ] --START--
INFO: Run Behavior\WriteHtmlCacheBehavior [ RunTime:0.000000s ]
INFO: [ view_filter ] --END-- [ RunTime:0.000000s ]

[ 2017-03-20T10:09:14+08:00 ] ::1 /OA/index.php/Department/FillDepartment/OA/Public/assets/js/bootstrap-datetimepicker/css/bootstrap-datetimepicker.min.css
INFO: [ app_init ] --START--
INFO: Run Behavior\BuildLiteBehavior [ RunTime:0.000000s ]
INFO: [ app_init ] --END-- [ RunTime:0.001000s ]
INFO: [ app_begin ] --START--
INFO: Run Behavior\ReadHtmlCacheBehavior [ RunTime:0.001000s ]
INFO: [ app_begin ] --END-- [ RunTime:0.001000s ]
ERR: 非法操作:OA

[ 2017-03-20T10:09:14+08:00 ] ::1 /OA/index.php/Department/FillDepartment/OA/Public/assets/js/bootstrap-datetimepicker/css/bootstrap-datetimepicker.min.css
INFO: [ app_init ] --START--
INFO: Run Behavior\BuildLiteBehavior [ RunTime:0.001000s ]
INFO: [ app_init ] --END-- [ RunTime:0.001000s ]
INFO: [ app_begin ] --START--
INFO: Run Behavior\ReadHtmlCacheBehavior [ RunTime:0.001000s ]
INFO: [ app_begin ] --END-- [ RunTime:0.001000s ]
ERR: 非法操作:OA

[ 2017-03-20T10:09:18+08:00 ] ::1 /OA/index.php/Department/FillDepartment/OA/Public/assets/js/bootstrap-datetimepicker/css/bootstrap-datetimepicker.min.css
INFO: [ app_init ] --START--
INFO: Run Behavior\BuildLiteBehavior [ RunTime:0.000000s ]
INFO: [ app_init ] --END-- [ RunTime:0.000000s ]
INFO: [ app_begin ] --START--
INFO: Run Behavior\ReadHtmlCacheBehavior [ RunTime:0.000000s ]
INFO: [ app_begin ] --END-- [ RunTime:0.001000s ]
ERR: 非法操作:OA

[ 2017-03-20T10:09:18+08:00 ] ::1 /OA/index.php/Department/FillDepartment/OA/Public/assets/js/bootstrap-datetimepicker/css/bootstrap-datetimepicker.min.css
INFO: [ app_init ] --START--
INFO: Run Behavior\BuildLiteBehavior [ RunTime:0.000000s ]
INFO: [ app_init ] --END-- [ RunTime:0.000000s ]
INFO: [ app_begin ] --START--
INFO: Run Behavior\ReadHtmlCacheBehavior [ RunTime:0.001001s ]
INFO: [ app_begin ] --END-- [ RunTime:0.001001s ]
ERR: 非法操作:OA

[ 2017-03-20T10:59:10+08:00 ] ::1 /OA/index.php/Department/DepartmentList/showDepartmentList
INFO: [ app_init ] --START--
INFO: Run Behavior\BuildLiteBehavior [ RunTime:0.000000s ]
INFO: [ app_init ] --END-- [ RunTime:0.001000s ]
INFO: [ app_begin ] --START--
INFO: Run Behavior\ReadHtmlCacheBehavior [ RunTime:0.001000s ]
INFO: [ app_begin ] --END-- [ RunTime:0.001000s ]
SQL: SHOW COLUMNS FROM `department` [ RunTime:0.0000s ]
SQL: SELECT * FROM `department`  [ RunTime:0.0000s ]
INFO: [ view_parse ] --START--
INFO: [ template_filter ] --START--
INFO: Run Behavior\ContentReplaceBehavior [ RunTime:0.000000s ]
INFO: [ template_filter ] --END-- [ RunTime:0.000000s ]
NOTIC: [8] Undefined index: department C:\wamp64\www\OA\Application\Runtime\Cache\Department\55d0a788e1c01b1525bc4e1a679c0e45.php 第 370 行.
NOTIC: [8] Undefined index: department C:\wamp64\www\OA\Application\Runtime\Cache\Department\55d0a788e1c01b1525bc4e1a679c0e45.php 第 370 行.
NOTIC: [8] Undefined index: department C:\wamp64\www\OA\Application\Runtime\Cache\Department\55d0a788e1c01b1525bc4e1a679c0e45.php 第 370 行.
NOTIC: [8] Undefined index: department C:\wamp64\www\OA\Application\Runtime\Cache\Department\55d0a788e1c01b1525bc4e1a679c0e45.php 第 370 行.
NOTIC: [8] Undefined index: department C:\wamp64\www\OA\Application\Runtime\Cache\Department\55d0a788e1c01b1525bc4e1a679c0e45.php 第 370 行.
NOTIC: [8] Undefined index: department C:\wamp64\www\OA\Application\Runtime\Cache\Department\55d0a788e1c01b1525bc4e1a679c0e45.php 第 370 行.
NOTIC: [8] Undefined index: department C:\wamp64\www\OA\Application\Runtime\Cache\Department\55d0a788e1c01b1525bc4e1a679c0e45.php 第 370 行.
NOTIC: [8] Undefined index: department C:\wamp64\www\OA\Application\Runtime\Cache\Department\55d0a788e1c01b1525bc4e1a679c0e45.php 第 370 行.
NOTIC: [8] Undefined index: department C:\wamp64\www\OA\Application\Runtime\Cache\Department\55d0a788e1c01b1525bc4e1a679c0e45.php 第 370 行.
NOTIC: [8] Undefined index: department C:\wamp64\www\OA\Application\Runtime\Cache\Department\55d0a788e1c01b1525bc4e1a679c0e45.php 第 370 行.
NOTIC: [8] Undefined index: department C:\wamp64\www\OA\Application\Runtime\Cache\Department\55d0a788e1c01b1525bc4e1a679c0e45.php 第 370 行.
INFO: Run Behavior\ParseTemplateBehavior [ RunTime:0.013000s ]
INFO: [ view_parse ] --END-- [ RunTime:0.013000s ]
INFO: [ view_filter ] --START--
INFO: Run Behavior\WriteHtmlCacheBehavior [ RunTime:0.000000s ]
INFO: [ view_filter ] --END-- [ RunTime:0.000000s ]
INFO: [ app_end ] --START--
INFO: Run Behavior\ShowPageTraceBehavior [ RunTime:0.001000s ]
INFO: [ app_end ] --END-- [ RunTime:0.001000s ]

[ 2017-03-20T10:59:11+08:00 ] ::1 /OA/index.php/Department/FillDepartment/addDepartment
INFO: [ app_init ] --START--
INFO: Run Behavior\BuildLiteBehavior [ RunTime:0.001000s ]
INFO: [ app_init ] --END-- [ RunTime:0.002000s ]
INFO: [ app_begin ] --START--
INFO: Run Behavior\ReadHtmlCacheBehavior [ RunTime:0.001000s ]
INFO: [ app_begin ] --END-- [ RunTime:0.002000s ]
INFO: [ view_parse ] --START--
INFO: [ template_filter ] --START--
INFO: Run Behavior\ContentReplaceBehavior [ RunTime:0.000000s ]
INFO: [ template_filter ] --END-- [ RunTime:0.001000s ]
INFO: Run Behavior\ParseTemplateBehavior [ RunTime:0.017001s ]
INFO: [ view_parse ] --END-- [ RunTime:0.017001s ]
INFO: [ view_filter ] --START--
INFO: Run Behavior\WriteHtmlCacheBehavior [ RunTime:0.001000s ]
INFO: [ view_filter ] --END-- [ RunTime:0.001000s ]

[ 2017-03-20T10:59:11+08:00 ] ::1 /OA/index.php/Department/FillDepartment/OA/Public/assets/js/bootstrap-datetimepicker/css/bootstrap-datetimepicker.min.css
INFO: [ app_init ] --START--
INFO: Run Behavior\BuildLiteBehavior [ RunTime:0.000000s ]
INFO: [ app_init ] --END-- [ RunTime:0.009000s ]
INFO: [ app_begin ] --START--
INFO: Run Behavior\ReadHtmlCacheBehavior [ RunTime:0.000000s ]
INFO: [ app_begin ] --END-- [ RunTime:0.000000s ]
ERR: 非法操作:OA

[ 2017-03-20T10:59:11+08:00 ] ::1 /OA/index.php/Department/FillDepartment/OA/Public/assets/js/bootstrap-datetimepicker/css/bootstrap-datetimepicker.min.css
INFO: [ app_init ] --START--
INFO: Run Behavior\BuildLiteBehavior [ RunTime:0.000000s ]
INFO: [ app_init ] --END-- [ RunTime:0.000000s ]
INFO: [ app_begin ] --START--
INFO: Run Behavior\ReadHtmlCacheBehavior [ RunTime:0.000000s ]
INFO: [ app_begin ] --END-- [ RunTime:0.000000s ]
ERR: 非法操作:OA

[ 2017-03-20T11:01:19+08:00 ] ::1 /OA/index.php/Department/FillDepartment/addDepartment
INFO: [ app_init ] --START--
INFO: Run Behavior\BuildLiteBehavior [ RunTime:0.000000s ]
INFO: [ app_init ] --END-- [ RunTime:0.001000s ]
INFO: [ app_begin ] --START--
INFO: Run Behavior\ReadHtmlCacheBehavior [ RunTime:0.001000s ]
INFO: [ app_begin ] --END-- [ RunTime:0.001000s ]
INFO: [ view_parse ] --START--
INFO: [ template_filter ] --START--
INFO: Run Behavior\ContentReplaceBehavior [ RunTime:0.001000s ]
INFO: [ template_filter ] --END-- [ RunTime:0.001000s ]
INFO: Run Behavior\ParseTemplateBehavior [ RunTime:0.015000s ]
INFO: [ view_parse ] --END-- [ RunTime:0.015000s ]
INFO: [ view_filter ] --START--
INFO: Run Behavior\WriteHtmlCacheBehavior [ RunTime:0.000000s ]
INFO: [ view_filter ] --END-- [ RunTime:0.001001s ]

[ 2017-03-20T11:01:19+08:00 ] ::1 /OA/index.php/Department/FillDepartment/OA/Public/assets/js/bootstrap-datetimepicker/css/bootstrap-datetimepicker.min.css
INFO: [ app_init ] --START--
INFO: Run Behavior\BuildLiteBehavior [ RunTime:0.000000s ]
INFO: [ app_init ] --END-- [ RunTime:0.000000s ]
INFO: [ app_begin ] --START--
INFO: Run Behavior\ReadHtmlCacheBehavior [ RunTime:0.001000s ]
INFO: [ app_begin ] --END-- [ RunTime:0.001000s ]
ERR: 非法操作:OA

[ 2017-03-20T11:01:19+08:00 ] ::1 /OA/index.php/Department/FillDepartment/OA/Public/assets/js/bootstrap-datetimepicker/css/bootstrap-datetimepicker.min.css
INFO: [ app_init ] --START--
INFO: Run Behavior\BuildLiteBehavior [ RunTime:0.000000s ]
INFO: [ app_init ] --END-- [ RunTime:0.000000s ]
INFO: [ app_begin ] --START--
INFO: Run Behavior\ReadHtmlCacheBehavior [ RunTime:0.000000s ]
INFO: [ app_begin ] --END-- [ RunTime:0.000000s ]
ERR: 非法操作:OA

[ 2017-03-20T11:01:23+08:00 ] ::1 /OA/index.php/Department/DepartmentList/showDepartmentList
INFO: [ app_init ] --START--
INFO: Run Behavior\BuildLiteBehavior [ RunTime:0.000000s ]
INFO: [ app_init ] --END-- [ RunTime:0.000000s ]
INFO: [ app_begin ] --START--
INFO: Run Behavior\ReadHtmlCacheBehavior [ RunTime:0.000000s ]
INFO: [ app_begin ] --END-- [ RunTime:0.001000s ]
SQL: SHOW COLUMNS FROM `department` [ RunTime:0.0010s ]
SQL: SELECT * FROM `department`  [ RunTime:0.0010s ]
INFO: [ view_parse ] --START--
INFO: [ template_filter ] --START--
INFO: Run Behavior\ContentReplaceBehavior [ RunTime:0.000000s ]
INFO: [ template_filter ] --END-- [ RunTime:0.000000s ]
NOTIC: [8] Undefined index: department C:\wamp64\www\OA\Application\Runtime\Cache\Department\55d0a788e1c01b1525bc4e1a679c0e45.php 第 370 行.
NOTIC: [8] Undefined index: department C:\wamp64\www\OA\Application\Runtime\Cache\Department\55d0a788e1c01b1525bc4e1a679c0e45.php 第 370 行.
NOTIC: [8] Undefined index: department C:\wamp64\www\OA\Application\Runtime\Cache\Department\55d0a788e1c01b1525bc4e1a679c0e45.php 第 370 行.
NOTIC: [8] Undefined index: department C:\wamp64\www\OA\Application\Runtime\Cache\Department\55d0a788e1c01b1525bc4e1a679c0e45.php 第 370 行.
NOTIC: [8] Undefined index: department C:\wamp64\www\OA\Application\Runtime\Cache\Department\55d0a788e1c01b1525bc4e1a679c0e45.php 第 370 行.
NOTIC: [8] Undefined index: department C:\wamp64\www\OA\Application\Runtime\Cache\Department\55d0a788e1c01b1525bc4e1a679c0e45.php 第 370 行.
NOTIC: [8] Undefined index: department C:\wamp64\www\OA\Application\Runtime\Cache\Department\55d0a788e1c01b1525bc4e1a679c0e45.php 第 370 行.
NOTIC: [8] Undefined index: department C:\wamp64\www\OA\Application\Runtime\Cache\Department\55d0a788e1c01b1525bc4e1a679c0e45.php 第 370 行.
NOTIC: [8] Undefined index: department C:\wamp64\www\OA\Application\Runtime\Cache\Department\55d0a788e1c01b1525bc4e1a679c0e45.php 第 370 行.
NOTIC: [8] Undefined index: department C:\wamp64\www\OA\Application\Runtime\Cache\Department\55d0a788e1c01b1525bc4e1a679c0e45.php 第 370 行.
NOTIC: [8] Undefined index: department C:\wamp64\www\OA\Application\Runtime\Cache\Department\55d0a788e1c01b1525bc4e1a679c0e45.php 第 370 行.
INFO: Run Behavior\ParseTemplateBehavior [ RunTime:0.021001s ]
INFO: [ view_parse ] --END-- [ RunTime:0.021001s ]
INFO: [ view_filter ] --START--
INFO: Run Behavior\WriteHtmlCacheBehavior [ RunTime:0.000000s ]
INFO: [ view_filter ] --END-- [ RunTime:0.001000s ]
INFO: [ app_end ] --START--
INFO: Run Behavior\ShowPageTraceBehavior [ RunTime:0.001000s ]
INFO: [ app_end ] --END-- [ RunTime:0.001000s ]

[ 2017-03-20T11:01:25+08:00 ] ::1 /OA/index.php/Department/FillDepartment/addDepartment
INFO: [ app_init ] --START--
INFO: Run Behavior\BuildLiteBehavior [ RunTime:0.000000s ]
INFO: [ app_init ] --END-- [ RunTime:0.002000s ]
INFO: [ app_begin ] --START--
INFO: Run Behavior\ReadHtmlCacheBehavior [ RunTime:0.001000s ]
INFO: [ app_begin ] --END-- [ RunTime:0.002000s ]
INFO: [ view_parse ] --START--
INFO: [ template_filter ] --START--
INFO: Run Behavior\ContentReplaceBehavior [ RunTime:0.001000s ]
INFO: [ template_filter ] --END-- [ RunTime:0.001000s ]
INFO: Run Behavior\ParseTemplateBehavior [ RunTime:0.032001s ]
INFO: [ view_parse ] --END-- [ RunTime:0.032001s ]
INFO: [ view_filter ] --START--
INFO: Run Behavior\WriteHtmlCacheBehavior [ RunTime:0.001000s ]
INFO: [ view_filter ] --END-- [ RunTime:0.001000s ]

[ 2017-03-20T11:01:25+08:00 ] ::1 /OA/index.php/Department/FillDepartment/OA/Public/assets/js/bootstrap-datetimepicker/css/bootstrap-datetimepicker.min.css
INFO: [ app_init ] --START--
INFO: Run Behavior\BuildLiteBehavior [ RunTime:0.002000s ]
INFO: [ app_init ] --END-- [ RunTime:0.010001s ]
INFO: [ app_begin ] --START--
INFO: Run Behavior\ReadHtmlCacheBehavior [ RunTime:0.000000s ]
INFO: [ app_begin ] --END-- [ RunTime:0.002000s ]
ERR: 非法操作:OA

[ 2017-03-20T11:01:25+08:00 ] ::1 /OA/index.php/Department/FillDepartment/OA/Public/assets/js/bootstrap-datetimepicker/css/bootstrap-datetimepicker.min.css
INFO: [ app_init ] --START--
INFO: Run Behavior\BuildLiteBehavior [ RunTime:0.000000s ]
INFO: [ app_init ] --END-- [ RunTime:0.001001s ]
INFO: [ app_begin ] --START--
INFO: Run Behavior\ReadHtmlCacheBehavior [ RunTime:0.000000s ]
INFO: [ app_begin ] --END-- [ RunTime:0.001000s ]
ERR: 非法操作:OA

[ 2017-03-20T11:01:49+08:00 ] ::1 /OA/index.php/Department/DepartmentList/showDepartmentList
INFO: [ app_init ] --START--
INFO: Run Behavior\BuildLiteBehavior [ RunTime:0.000000s ]
INFO: [ app_init ] --END-- [ RunTime:0.001000s ]
INFO: [ app_begin ] --START--
INFO: Run Behavior\ReadHtmlCacheBehavior [ RunTime:0.001000s ]
INFO: [ app_begin ] --END-- [ RunTime:0.001000s ]
SQL: SHOW COLUMNS FROM `department` [ RunTime:0.0010s ]
SQL: SELECT * FROM `department`  [ RunTime:0.0010s ]
INFO: [ view_parse ] --START--
INFO: [ template_filter ] --START--
INFO: Run Behavior\ContentReplaceBehavior [ RunTime:0.000000s ]
INFO: [ template_filter ] --END-- [ RunTime:0.001000s ]
NOTIC: [8] Undefined index: department C:\wamp64\www\OA\Application\Runtime\Cache\Department\55d0a788e1c01b1525bc4e1a679c0e45.php 第 370 行.
NOTIC: [8] Undefined index: department C:\wamp64\www\OA\Application\Runtime\Cache\Department\55d0a788e1c01b1525bc4e1a679c0e45.php 第 370 行.
NOTIC: [8] Undefined index: department C:\wamp64\www\OA\Application\Runtime\Cache\Department\55d0a788e1c01b1525bc4e1a679c0e45.php 第 370 行.
NOTIC: [8] Undefined index: department C:\wamp64\www\OA\Application\Runtime\Cache\Department\55d0a788e1c01b1525bc4e1a679c0e45.php 第 370 行.
NOTIC: [8] Undefined index: department C:\wamp64\www\OA\Application\Runtime\Cache\Department\55d0a788e1c01b1525bc4e1a679c0e45.php 第 370 行.
NOTIC: [8] Undefined index: department C:\wamp64\www\OA\Application\Runtime\Cache\Department\55d0a788e1c01b1525bc4e1a679c0e45.php 第 370 行.
NOTIC: [8] Undefined index: department C:\wamp64\www\OA\Application\Runtime\Cache\Department\55d0a788e1c01b1525bc4e1a679c0e45.php 第 370 行.
NOTIC: [8] Undefined index: department C:\wamp64\www\OA\Application\Runtime\Cache\Department\55d0a788e1c01b1525bc4e1a679c0e45.php 第 370 行.
NOTIC: [8] Undefined index: department C:\wamp64\www\OA\Application\Runtime\Cache\Department\55d0a788e1c01b1525bc4e1a679c0e45.php 第 370 行.
NOTIC: [8] Undefined index: department C:\wamp64\www\OA\Application\Runtime\Cache\Department\55d0a788e1c01b1525bc4e1a679c0e45.php 第 370 行.
NOTIC: [8] Undefined index: department C:\wamp64\www\OA\Application\Runtime\Cache\Department\55d0a788e1c01b1525bc4e1a679c0e45.php 第 370 行.
INFO: Run Behavior\ParseTemplateBehavior [ RunTime:0.020001s ]
INFO: [ view_parse ] --END-- [ RunTime:0.021001s ]
INFO: [ view_filter ] --START--
INFO: Run Behavior\WriteHtmlCacheBehavior [ RunTime:0.000000s ]
INFO: [ view_filter ] --END-- [ RunTime:0.000000s ]
INFO: [ app_end ] --START--
INFO: Run Behavior\ShowPageTraceBehavior [ RunTime:0.001000s ]
INFO: [ app_end ] --END-- [ RunTime:0.001000s ]

[ 2017-03-20T11:01:50+08:00 ] ::1 /OA/index.php/Department/FillDepartment/addDepartment
INFO: [ app_init ] --START--
INFO: Run Behavior\BuildLiteBehavior [ RunTime:0.000000s ]
INFO: [ app_init ] --END-- [ RunTime:0.000000s ]
INFO: [ app_begin ] --START--
INFO: Run Behavior\ReadHtmlCacheBehavior [ RunTime:0.000000s ]
INFO: [ app_begin ] --END-- [ RunTime:0.001001s ]
INFO: [ view_parse ] --START--
INFO: [ template_filter ] --START--
INFO: Run Behavior\ContentReplaceBehavior [ RunTime:0.000000s ]
INFO: [ template_filter ] --END-- [ RunTime:0.000000s ]
INFO: Run Behavior\ParseTemplateBehavior [ RunTime:0.014001s ]
INFO: [ view_parse ] --END-- [ RunTime:0.014001s ]
INFO: [ view_filter ] --START--
INFO: Run Behavior\WriteHtmlCacheBehavior [ RunTime:0.000000s ]
INFO: [ view_filter ] --END-- [ RunTime:0.001000s ]

[ 2017-03-20T11:01:50+08:00 ] ::1 /OA/index.php/Department/FillDepartment/OA/Public/assets/js/bootstrap-datetimepicker/css/bootstrap-datetimepicker.min.css
INFO: [ app_init ] --START--
INFO: Run Behavior\BuildLiteBehavior [ RunTime:0.000000s ]
INFO: [ app_init ] --END-- [ RunTime:0.001000s ]
INFO: [ app_begin ] --START--
INFO: Run Behavior\ReadHtmlCacheBehavior [ RunTime:0.001000s ]
INFO: [ app_begin ] --END-- [ RunTime:0.001000s ]
ERR: 非法操作:OA

[ 2017-03-20T11:01:50+08:00 ] ::1 /OA/index.php/Department/FillDepartment/OA/Public/assets/js/bootstrap-datetimepicker/css/bootstrap-datetimepicker.min.css
INFO: [ app_init ] --START--
INFO: Run Behavior\BuildLiteBehavior [ RunTime:0.000000s ]
INFO: [ app_init ] --END-- [ RunTime:0.000000s ]
INFO: [ app_begin ] --START--
INFO: Run Behavior\ReadHtmlCacheBehavior [ RunTime:0.001000s ]
INFO: [ app_begin ] --END-- [ RunTime:0.001000s ]
ERR: 非法操作:OA

[ 2017-03-20T11:01:51+08:00 ] ::1 /OA/index.php/Department/DepartmentList/showDepartmentList
INFO: [ app_init ] --START--
INFO: Run Behavior\BuildLiteBehavior [ RunTime:0.001000s ]
INFO: [ app_init ] --END-- [ RunTime:0.001000s ]
INFO: [ app_begin ] --START--
INFO: Run Behavior\ReadHtmlCacheBehavior [ RunTime:0.001000s ]
INFO: [ app_begin ] --END-- [ RunTime:0.001000s ]
SQL: SHOW COLUMNS FROM `department` [ RunTime:0.0000s ]
SQL: SELECT * FROM `department`  [ RunTime:0.0000s ]
INFO: [ view_parse ] --START--
INFO: [ template_filter ] --START--
INFO: Run Behavior\ContentReplaceBehavior [ RunTime:0.001000s ]
INFO: [ template_filter ] --END-- [ RunTime:0.001000s ]
NOTIC: [8] Undefined index: department C:\wamp64\www\OA\Application\Runtime\Cache\Department\55d0a788e1c01b1525bc4e1a679c0e45.php 第 370 行.
NOTIC: [8] Undefined index: department C:\wamp64\www\OA\Application\Runtime\Cache\Department\55d0a788e1c01b1525bc4e1a679c0e45.php 第 370 行.
NOTIC: [8] Undefined index: department C:\wamp64\www\OA\Application\Runtime\Cache\Department\55d0a788e1c01b1525bc4e1a679c0e45.php 第 370 行.
NOTIC: [8] Undefined index: department C:\wamp64\www\OA\Application\Runtime\Cache\Department\55d0a788e1c01b1525bc4e1a679c0e45.php 第 370 行.
NOTIC: [8] Undefined index: department C:\wamp64\www\OA\Application\Runtime\Cache\Department\55d0a788e1c01b1525bc4e1a679c0e45.php 第 370 行.
NOTIC: [8] Undefined index: department C:\wamp64\www\OA\Application\Runtime\Cache\Department\55d0a788e1c01b1525bc4e1a679c0e45.php 第 370 行.
NOTIC: [8] Undefined index: department C:\wamp64\www\OA\Application\Runtime\Cache\Department\55d0a788e1c01b1525bc4e1a679c0e45.php 第 370 行.
NOTIC: [8] Undefined index: department C:\wamp64\www\OA\Application\Runtime\Cache\Department\55d0a788e1c01b1525bc4e1a679c0e45.php 第 370 行.
NOTIC: [8] Undefined index: department C:\wamp64\www\OA\Application\Runtime\Cache\Department\55d0a788e1c01b1525bc4e1a679c0e45.php 第 370 行.
NOTIC: [8] Undefined index: department C:\wamp64\www\OA\Application\Runtime\Cache\Department\55d0a788e1c01b1525bc4e1a679c0e45.php 第 370 行.
NOTIC: [8] Undefined index: department C:\wamp64\www\OA\Application\Runtime\Cache\Department\55d0a788e1c01b1525bc4e1a679c0e45.php 第 370 行.
INFO: Run Behavior\ParseTemplateBehavior [ RunTime:0.013001s ]
INFO: [ view_parse ] --END-- [ RunTime:0.014001s ]
INFO: [ view_filter ] --START--
INFO: Run Behavior\WriteHtmlCacheBehavior [ RunTime:0.001000s ]
INFO: [ view_filter ] --END-- [ RunTime:0.001000s ]
INFO: [ app_end ] --START--
INFO: Run Behavior\ShowPageTraceBehavior [ RunTime:0.001000s ]
INFO: [ app_end ] --END-- [ RunTime:0.001000s ]

