[ 2017-03-21T10:10:39+08:00 ] ::1 /OA/index.php/Department/DepartmentList/showDepartmentList
INFO: [ app_init ] --START--
INFO: Run Behavior\BuildLiteBehavior [ RunTime:0.000000s ]
INFO: [ app_init ] --END-- [ RunTime:0.001000s ]
INFO: [ app_begin ] --START--
INFO: Run Behavior\ReadHtmlCacheBehavior [ RunTime:0.001000s ]
INFO: [ app_begin ] --END-- [ RunTime:0.001000s ]
SQL: SHOW COLUMNS FROM `department` [ RunTime:0.0010s ]
SQL: SELECT * FROM `department`  [ RunTime:0.0010s ]
INFO: [ view_parse ] --START--
INFO: [ template_filter ] --START--
INFO: Run Behavior\ContentReplaceBehavior [ RunTime:0.000000s ]
INFO: [ template_filter ] --END-- [ RunTime:0.001000s ]
NOTIC: [8] Undefined index: department C:\wamp64\www\OA\Application\Runtime\Cache\Department\55d0a788e1c01b1525bc4e1a679c0e45.php 第 377 行.
NOTIC: [8] Undefined index: department C:\wamp64\www\OA\Application\Runtime\Cache\Department\55d0a788e1c01b1525bc4e1a679c0e45.php 第 377 行.
NOTIC: [8] Undefined index: department C:\wamp64\www\OA\Application\Runtime\Cache\Department\55d0a788e1c01b1525bc4e1a679c0e45.php 第 377 行.
NOTIC: [8] Undefined index: department C:\wamp64\www\OA\Application\Runtime\Cache\Department\55d0a788e1c01b1525bc4e1a679c0e45.php 第 377 行.
NOTIC: [8] Undefined index: department C:\wamp64\www\OA\Application\Runtime\Cache\Department\55d0a788e1c01b1525bc4e1a679c0e45.php 第 377 行.
NOTIC: [8] Undefined index: department C:\wamp64\www\OA\Application\Runtime\Cache\Department\55d0a788e1c01b1525bc4e1a679c0e45.php 第 377 行.
NOTIC: [8] Undefined index: department C:\wamp64\www\OA\Application\Runtime\Cache\Department\55d0a788e1c01b1525bc4e1a679c0e45.php 第 377 行.
NOTIC: [8] Undefined index: department C:\wamp64\www\OA\Application\Runtime\Cache\Department\55d0a788e1c01b1525bc4e1a679c0e45.php 第 377 行.
NOTIC: [8] Undefined index: department C:\wamp64\www\OA\Application\Runtime\Cache\Department\55d0a788e1c01b1525bc4e1a679c0e45.php 第 377 行.
NOTIC: [8] Undefined index: department C:\wamp64\www\OA\Application\Runtime\Cache\Department\55d0a788e1c01b1525bc4e1a679c0e45.php 第 377 行.
NOTIC: [8] Undefined index: department C:\wamp64\www\OA\Application\Runtime\Cache\Department\55d0a788e1c01b1525bc4e1a679c0e45.php 第 377 行.
INFO: Run Behavior\ParseTemplateBehavior [ RunTime:0.031001s ]
INFO: [ view_parse ] --END-- [ RunTime:0.031001s ]
INFO: [ view_filter ] --START--
INFO: Run Behavior\WriteHtmlCacheBehavior [ RunTime:0.000000s ]
INFO: [ view_filter ] --END-- [ RunTime:0.000000s ]
INFO: [ app_end ] --START--
INFO: Run Behavior\ShowPageTraceBehavior [ RunTime:0.001001s ]
INFO: [ app_end ] --END-- [ RunTime:0.001001s ]

[ 2017-03-21T10:10:41+08:00 ] ::1 /OA/index.php/Department/FillDepartment/addDepartment
INFO: [ app_init ] --START--
INFO: Run Behavior\BuildLiteBehavior [ RunTime:0.000000s ]
INFO: [ app_init ] --END-- [ RunTime:0.000000s ]
INFO: [ app_begin ] --START--
INFO: Run Behavior\ReadHtmlCacheBehavior [ RunTime:0.001000s ]
INFO: [ app_begin ] --END-- [ RunTime:0.001000s ]
INFO: [ view_parse ] --START--
INFO: [ template_filter ] --START--
INFO: Run Behavior\ContentReplaceBehavior [ RunTime:0.000000s ]
INFO: [ template_filter ] --END-- [ RunTime:0.001000s ]
INFO: Run Behavior\ParseTemplateBehavior [ RunTime:0.014001s ]
INFO: [ view_parse ] --END-- [ RunTime:0.014001s ]
INFO: [ view_filter ] --START--
INFO: Run Behavior\WriteHtmlCacheBehavior [ RunTime:0.001000s ]
INFO: [ view_filter ] --END-- [ RunTime:0.001000s ]

[ 2017-03-21T10:10:41+08:00 ] ::1 /OA/index.php/Department/FillDepartment/OA/Public/assets/js/bootstrap-datetimepicker/css/bootstrap-datetimepicker.min.css
INFO: [ app_init ] --START--
INFO: Run Behavior\BuildLiteBehavior [ RunTime:0.000000s ]
INFO: [ app_init ] --END-- [ RunTime:0.000000s ]
INFO: [ app_begin ] --START--
INFO: Run Behavior\ReadHtmlCacheBehavior [ RunTime:0.000000s ]
INFO: [ app_begin ] --END-- [ RunTime:0.000000s ]
ERR: 非法操作:OA

[ 2017-03-21T10:10:41+08:00 ] ::1 /OA/index.php/Department/FillDepartment/OA/Public/assets/js/bootstrap-datetimepicker/css/bootstrap-datetimepicker.min.css
INFO: [ app_init ] --START--
INFO: Run Behavior\BuildLiteBehavior [ RunTime:0.000000s ]
INFO: [ app_init ] --END-- [ RunTime:0.001000s ]
INFO: [ app_begin ] --START--
INFO: Run Behavior\ReadHtmlCacheBehavior [ RunTime:0.001000s ]
INFO: [ app_begin ] --END-- [ RunTime:0.001000s ]
ERR: 非法操作:OA

[ 2017-03-21T10:10:46+08:00 ] ::1 /OA/index.php/Department/DepartmentList/showDepartmentList
INFO: [ app_init ] --START--
INFO: Run Behavior\BuildLiteBehavior [ RunTime:0.000000s ]
INFO: [ app_init ] --END-- [ RunTime:0.001000s ]
INFO: [ app_begin ] --START--
INFO: Run Behavior\ReadHtmlCacheBehavior [ RunTime:0.001000s ]
INFO: [ app_begin ] --END-- [ RunTime:0.001000s ]
SQL: SHOW COLUMNS FROM `department` [ RunTime:0.0000s ]
SQL: SELECT * FROM `department`  [ RunTime:0.0000s ]
INFO: [ view_parse ] --START--
INFO: [ template_filter ] --START--
INFO: Run Behavior\ContentReplaceBehavior [ RunTime:0.000000s ]
INFO: [ template_filter ] --END-- [ RunTime:0.001000s ]
NOTIC: [8] Undefined index: department C:\wamp64\www\OA\Application\Runtime\Cache\Department\55d0a788e1c01b1525bc4e1a679c0e45.php 第 377 行.
NOTIC: [8] Undefined index: department C:\wamp64\www\OA\Application\Runtime\Cache\Department\55d0a788e1c01b1525bc4e1a679c0e45.php 第 377 行.
NOTIC: [8] Undefined index: department C:\wamp64\www\OA\Application\Runtime\Cache\Department\55d0a788e1c01b1525bc4e1a679c0e45.php 第 377 行.
NOTIC: [8] Undefined index: department C:\wamp64\www\OA\Application\Runtime\Cache\Department\55d0a788e1c01b1525bc4e1a679c0e45.php 第 377 行.
NOTIC: [8] Undefined index: department C:\wamp64\www\OA\Application\Runtime\Cache\Department\55d0a788e1c01b1525bc4e1a679c0e45.php 第 377 行.
NOTIC: [8] Undefined index: department C:\wamp64\www\OA\Application\Runtime\Cache\Department\55d0a788e1c01b1525bc4e1a679c0e45.php 第 377 行.
NOTIC: [8] Undefined index: department C:\wamp64\www\OA\Application\Runtime\Cache\Department\55d0a788e1c01b1525bc4e1a679c0e45.php 第 377 行.
NOTIC: [8] Undefined index: department C:\wamp64\www\OA\Application\Runtime\Cache\Department\55d0a788e1c01b1525bc4e1a679c0e45.php 第 377 行.
NOTIC: [8] Undefined index: department C:\wamp64\www\OA\Application\Runtime\Cache\Department\55d0a788e1c01b1525bc4e1a679c0e45.php 第 377 行.
NOTIC: [8] Undefined index: department C:\wamp64\www\OA\Application\Runtime\Cache\Department\55d0a788e1c01b1525bc4e1a679c0e45.php 第 377 行.
NOTIC: [8] Undefined index: department C:\wamp64\www\OA\Application\Runtime\Cache\Department\55d0a788e1c01b1525bc4e1a679c0e45.php 第 377 行.
INFO: Run Behavior\ParseTemplateBehavior [ RunTime:0.012001s ]
INFO: [ view_parse ] --END-- [ RunTime:0.012001s ]
INFO: [ view_filter ] --START--
INFO: Run Behavior\WriteHtmlCacheBehavior [ RunTime:0.001000s ]
INFO: [ view_filter ] --END-- [ RunTime:0.001000s ]
INFO: [ app_end ] --START--
INFO: Run Behavior\ShowPageTraceBehavior [ RunTime:0.001000s ]
INFO: [ app_end ] --END-- [ RunTime:0.001000s ]

[ 2017-03-21T10:10:47+08:00 ] ::1 /OA/index.php/Department/FillDepartment/addDepartment
INFO: [ app_init ] --START--
INFO: Run Behavior\BuildLiteBehavior [ RunTime:0.000000s ]
INFO: [ app_init ] --END-- [ RunTime:0.000000s ]
INFO: [ app_begin ] --START--
INFO: Run Behavior\ReadHtmlCacheBehavior [ RunTime:0.001000s ]
INFO: [ app_begin ] --END-- [ RunTime:0.001000s ]
INFO: [ view_parse ] --START--
INFO: [ template_filter ] --START--
INFO: Run Behavior\ContentReplaceBehavior [ RunTime:0.000000s ]
INFO: [ template_filter ] --END-- [ RunTime:0.000000s ]
INFO: Run Behavior\ParseTemplateBehavior [ RunTime:0.014001s ]
INFO: [ view_parse ] --END-- [ RunTime:0.015001s ]
INFO: [ view_filter ] --START--
INFO: Run Behavior\WriteHtmlCacheBehavior [ RunTime:0.000000s ]
INFO: [ view_filter ] --END-- [ RunTime:0.001000s ]

[ 2017-03-21T10:10:47+08:00 ] ::1 /OA/index.php/Department/FillDepartment/OA/Public/assets/js/bootstrap-datetimepicker/css/bootstrap-datetimepicker.min.css
INFO: [ app_init ] --START--
INFO: Run Behavior\BuildLiteBehavior [ RunTime:0.000000s ]
INFO: [ app_init ] --END-- [ RunTime:0.000000s ]
INFO: [ app_begin ] --START--
INFO: Run Behavior\ReadHtmlCacheBehavior [ RunTime:0.000000s ]
INFO: [ app_begin ] --END-- [ RunTime:0.000000s ]
ERR: 非法操作:OA

[ 2017-03-21T10:10:47+08:00 ] ::1 /OA/index.php/Department/FillDepartment/OA/Public/assets/js/bootstrap-datetimepicker/css/bootstrap-datetimepicker.min.css
INFO: [ app_init ] --START--
INFO: Run Behavior\BuildLiteBehavior [ RunTime:0.000000s ]
INFO: [ app_init ] --END-- [ RunTime:0.000000s ]
INFO: [ app_begin ] --START--
INFO: Run Behavior\ReadHtmlCacheBehavior [ RunTime:0.000000s ]
INFO: [ app_begin ] --END-- [ RunTime:0.000000s ]
ERR: 非法操作:OA

[ 2017-03-21T13:40:42+08:00 ] ::1 /OA/index.php/Department/DepartmentList/showDepartmentList
INFO: [ app_init ] --START--
INFO: Run Behavior\BuildLiteBehavior [ RunTime:0.001000s ]
INFO: [ app_init ] --END-- [ RunTime:0.001000s ]
INFO: [ app_begin ] --START--
INFO: Run Behavior\ReadHtmlCacheBehavior [ RunTime:0.001001s ]
INFO: [ app_begin ] --END-- [ RunTime:0.001001s ]
SQL: SHOW COLUMNS FROM `department` [ RunTime:0.0000s ]
SQL: SELECT * FROM `department`  [ RunTime:0.0000s ]
INFO: [ view_parse ] --START--
INFO: [ template_filter ] --START--
INFO: Run Behavior\ContentReplaceBehavior [ RunTime:0.000000s ]
INFO: [ template_filter ] --END-- [ RunTime:0.000000s ]
NOTIC: [8] Undefined index: department C:\wamp64\www\OA\Application\Runtime\Cache\Department\55d0a788e1c01b1525bc4e1a679c0e45.php 第 377 行.
NOTIC: [8] Undefined index: department C:\wamp64\www\OA\Application\Runtime\Cache\Department\55d0a788e1c01b1525bc4e1a679c0e45.php 第 377 行.
NOTIC: [8] Undefined index: department C:\wamp64\www\OA\Application\Runtime\Cache\Department\55d0a788e1c01b1525bc4e1a679c0e45.php 第 377 行.
NOTIC: [8] Undefined index: department C:\wamp64\www\OA\Application\Runtime\Cache\Department\55d0a788e1c01b1525bc4e1a679c0e45.php 第 377 行.
NOTIC: [8] Undefined index: department C:\wamp64\www\OA\Application\Runtime\Cache\Department\55d0a788e1c01b1525bc4e1a679c0e45.php 第 377 行.
NOTIC: [8] Undefined index: department C:\wamp64\www\OA\Application\Runtime\Cache\Department\55d0a788e1c01b1525bc4e1a679c0e45.php 第 377 行.
NOTIC: [8] Undefined index: department C:\wamp64\www\OA\Application\Runtime\Cache\Department\55d0a788e1c01b1525bc4e1a679c0e45.php 第 377 行.
NOTIC: [8] Undefined index: department C:\wamp64\www\OA\Application\Runtime\Cache\Department\55d0a788e1c01b1525bc4e1a679c0e45.php 第 377 行.
NOTIC: [8] Undefined index: department C:\wamp64\www\OA\Application\Runtime\Cache\Department\55d0a788e1c01b1525bc4e1a679c0e45.php 第 377 行.
NOTIC: [8] Undefined index: department C:\wamp64\www\OA\Application\Runtime\Cache\Department\55d0a788e1c01b1525bc4e1a679c0e45.php 第 377 行.
NOTIC: [8] Undefined index: department C:\wamp64\www\OA\Application\Runtime\Cache\Department\55d0a788e1c01b1525bc4e1a679c0e45.php 第 377 行.
INFO: Run Behavior\ParseTemplateBehavior [ RunTime:0.025002s ]
INFO: [ view_parse ] --END-- [ RunTime:0.025002s ]
INFO: [ view_filter ] --START--
INFO: Run Behavior\WriteHtmlCacheBehavior [ RunTime:0.000000s ]
INFO: [ view_filter ] --END-- [ RunTime:0.000000s ]
INFO: [ app_end ] --START--
INFO: Run Behavior\ShowPageTraceBehavior [ RunTime:0.000000s ]
INFO: [ app_end ] --END-- [ RunTime:0.000000s ]

[ 2017-03-21T13:40:43+08:00 ] ::1 /OA/index.php/Department/FillDepartment/addDepartment
INFO: [ app_init ] --START--
INFO: Run Behavior\BuildLiteBehavior [ RunTime:0.000000s ]
INFO: [ app_init ] --END-- [ RunTime:0.001000s ]
INFO: [ app_begin ] --START--
INFO: Run Behavior\ReadHtmlCacheBehavior [ RunTime:0.001000s ]
INFO: [ app_begin ] --END-- [ RunTime:0.001000s ]
INFO: [ view_parse ] --START--
INFO: [ template_filter ] --START--
INFO: Run Behavior\ContentReplaceBehavior [ RunTime:0.000000s ]
INFO: [ template_filter ] --END-- [ RunTime:0.000000s ]
INFO: Run Behavior\ParseTemplateBehavior [ RunTime:0.011001s ]
INFO: [ view_parse ] --END-- [ RunTime:0.011001s ]
INFO: [ view_filter ] --START--
INFO: Run Behavior\WriteHtmlCacheBehavior [ RunTime:0.000000s ]
INFO: [ view_filter ] --END-- [ RunTime:0.000000s ]

[ 2017-03-21T13:40:43+08:00 ] ::1 /OA/index.php/Department/FillDepartment/OA/Public/assets/js/bootstrap-datetimepicker/css/bootstrap-datetimepicker.min.css
INFO: [ app_init ] --START--
INFO: Run Behavior\BuildLiteBehavior [ RunTime:0.000000s ]
INFO: [ app_init ] --END-- [ RunTime:0.001000s ]
INFO: [ app_begin ] --START--
INFO: Run Behavior\ReadHtmlCacheBehavior [ RunTime:0.000000s ]
INFO: [ app_begin ] --END-- [ RunTime:0.002001s ]
ERR: 非法操作:OA

[ 2017-03-21T13:40:44+08:00 ] ::1 /OA/index.php/Department/FillDepartment/OA/Public/assets/js/bootstrap-datetimepicker/css/bootstrap-datetimepicker.min.css
INFO: [ app_init ] --START--
INFO: Run Behavior\BuildLiteBehavior [ RunTime:0.000000s ]
INFO: [ app_init ] --END-- [ RunTime:0.001000s ]
INFO: [ app_begin ] --START--
INFO: Run Behavior\ReadHtmlCacheBehavior [ RunTime:0.001000s ]
INFO: [ app_begin ] --END-- [ RunTime:0.001000s ]
ERR: 非法操作:OA

[ 2017-03-21T13:56:13+08:00 ] ::1 /OA/index.php/Department/DepartmentList/showDepartmentList
INFO: [ app_init ] --START--
INFO: Run Behavior\BuildLiteBehavior [ RunTime:0.000000s ]
INFO: [ app_init ] --END-- [ RunTime:0.001000s ]
INFO: [ app_begin ] --START--
INFO: Run Behavior\ReadHtmlCacheBehavior [ RunTime:0.000000s ]
INFO: [ app_begin ] --END-- [ RunTime:0.000000s ]
SQL: SHOW COLUMNS FROM `department` [ RunTime:0.0010s ]
SQL: SELECT * FROM `department`  [ RunTime:0.0000s ]
INFO: [ view_parse ] --START--
INFO: [ template_filter ] --START--
INFO: Run Behavior\ContentReplaceBehavior [ RunTime:0.001000s ]
INFO: [ template_filter ] --END-- [ RunTime:0.001000s ]
NOTIC: [8] Undefined index: department C:\wamp64\www\OA\Application\Runtime\Cache\Department\55d0a788e1c01b1525bc4e1a679c0e45.php 第 377 行.
NOTIC: [8] Undefined index: department C:\wamp64\www\OA\Application\Runtime\Cache\Department\55d0a788e1c01b1525bc4e1a679c0e45.php 第 377 行.
NOTIC: [8] Undefined index: department C:\wamp64\www\OA\Application\Runtime\Cache\Department\55d0a788e1c01b1525bc4e1a679c0e45.php 第 377 行.
NOTIC: [8] Undefined index: department C:\wamp64\www\OA\Application\Runtime\Cache\Department\55d0a788e1c01b1525bc4e1a679c0e45.php 第 377 行.
NOTIC: [8] Undefined index: department C:\wamp64\www\OA\Application\Runtime\Cache\Department\55d0a788e1c01b1525bc4e1a679c0e45.php 第 377 行.
NOTIC: [8] Undefined index: department C:\wamp64\www\OA\Application\Runtime\Cache\Department\55d0a788e1c01b1525bc4e1a679c0e45.php 第 377 行.
NOTIC: [8] Undefined index: department C:\wamp64\www\OA\Application\Runtime\Cache\Department\55d0a788e1c01b1525bc4e1a679c0e45.php 第 377 行.
NOTIC: [8] Undefined index: department C:\wamp64\www\OA\Application\Runtime\Cache\Department\55d0a788e1c01b1525bc4e1a679c0e45.php 第 377 行.
NOTIC: [8] Undefined index: department C:\wamp64\www\OA\Application\Runtime\Cache\Department\55d0a788e1c01b1525bc4e1a679c0e45.php 第 377 行.
NOTIC: [8] Undefined index: department C:\wamp64\www\OA\Application\Runtime\Cache\Department\55d0a788e1c01b1525bc4e1a679c0e45.php 第 377 行.
NOTIC: [8] Undefined index: department C:\wamp64\www\OA\Application\Runtime\Cache\Department\55d0a788e1c01b1525bc4e1a679c0e45.php 第 377 行.
INFO: Run Behavior\ParseTemplateBehavior [ RunTime:0.013001s ]
INFO: [ view_parse ] --END-- [ RunTime:0.013001s ]
INFO: [ view_filter ] --START--
INFO: Run Behavior\WriteHtmlCacheBehavior [ RunTime:0.001000s ]
INFO: [ view_filter ] --END-- [ RunTime:0.001000s ]
INFO: [ app_end ] --START--
INFO: Run Behavior\ShowPageTraceBehavior [ RunTime:0.001000s ]
INFO: [ app_end ] --END-- [ RunTime:0.001000s ]

[ 2017-03-21T13:56:14+08:00 ] ::1 /OA/index.php/Department/FillDepartment/addDepartment
INFO: [ app_init ] --START--
INFO: Run Behavior\BuildLiteBehavior [ RunTime:0.000000s ]
INFO: [ app_init ] --END-- [ RunTime:0.001000s ]
INFO: [ app_begin ] --START--
INFO: Run Behavior\ReadHtmlCacheBehavior [ RunTime:0.000000s ]
INFO: [ app_begin ] --END-- [ RunTime:0.000000s ]
INFO: [ view_parse ] --START--
INFO: [ template_filter ] --START--
INFO: Run Behavior\ContentReplaceBehavior [ RunTime:0.001000s ]
INFO: [ template_filter ] --END-- [ RunTime:0.001000s ]
INFO: Run Behavior\ParseTemplateBehavior [ RunTime:0.011001s ]
INFO: [ view_parse ] --END-- [ RunTime:0.012001s ]
INFO: [ view_filter ] --START--
INFO: Run Behavior\WriteHtmlCacheBehavior [ RunTime:0.000000s ]
INFO: [ view_filter ] --END-- [ RunTime:0.000000s ]

[ 2017-03-21T13:56:14+08:00 ] ::1 /OA/index.php/Department/FillDepartment/OA/Public/assets/js/bootstrap-datetimepicker/css/bootstrap-datetimepicker.min.css
INFO: [ app_init ] --START--
INFO: Run Behavior\BuildLiteBehavior [ RunTime:0.000000s ]
INFO: [ app_init ] --END-- [ RunTime:0.001000s ]
INFO: [ app_begin ] --START--
INFO: Run Behavior\ReadHtmlCacheBehavior [ RunTime:0.001000s ]
INFO: [ app_begin ] --END-- [ RunTime:0.001000s ]
ERR: 非法操作:OA

[ 2017-03-21T13:56:14+08:00 ] ::1 /OA/index.php/Department/FillDepartment/OA/Public/assets/js/bootstrap-datetimepicker/css/bootstrap-datetimepicker.min.css
INFO: [ app_init ] --START--
INFO: Run Behavior\BuildLiteBehavior [ RunTime:0.000000s ]
INFO: [ app_init ] --END-- [ RunTime:0.000000s ]
INFO: [ app_begin ] --START--
INFO: Run Behavior\ReadHtmlCacheBehavior [ RunTime:0.000000s ]
INFO: [ app_begin ] --END-- [ RunTime:0.000000s ]
ERR: 非法操作:OA

[ 2017-03-21T13:56:16+08:00 ] ::1 /OA/index.php/Department/DepartmentList/showDepartmentList
INFO: [ app_init ] --START--
INFO: Run Behavior\BuildLiteBehavior [ RunTime:0.000000s ]
INFO: [ app_init ] --END-- [ RunTime:0.001000s ]
INFO: [ app_begin ] --START--
INFO: Run Behavior\ReadHtmlCacheBehavior [ RunTime:0.001000s ]
INFO: [ app_begin ] --END-- [ RunTime:0.001000s ]
SQL: SHOW COLUMNS FROM `department` [ RunTime:0.0010s ]
SQL: SELECT * FROM `department`  [ RunTime:0.0000s ]
INFO: [ view_parse ] --START--
INFO: [ template_filter ] --START--
INFO: Run Behavior\ContentReplaceBehavior [ RunTime:0.001000s ]
INFO: [ template_filter ] --END-- [ RunTime:0.001000s ]
NOTIC: [8] Undefined index: department C:\wamp64\www\OA\Application\Runtime\Cache\Department\55d0a788e1c01b1525bc4e1a679c0e45.php 第 377 行.
NOTIC: [8] Undefined index: department C:\wamp64\www\OA\Application\Runtime\Cache\Department\55d0a788e1c01b1525bc4e1a679c0e45.php 第 377 行.
NOTIC: [8] Undefined index: department C:\wamp64\www\OA\Application\Runtime\Cache\Department\55d0a788e1c01b1525bc4e1a679c0e45.php 第 377 行.
NOTIC: [8] Undefined index: department C:\wamp64\www\OA\Application\Runtime\Cache\Department\55d0a788e1c01b1525bc4e1a679c0e45.php 第 377 行.
NOTIC: [8] Undefined index: department C:\wamp64\www\OA\Application\Runtime\Cache\Department\55d0a788e1c01b1525bc4e1a679c0e45.php 第 377 行.
NOTIC: [8] Undefined index: department C:\wamp64\www\OA\Application\Runtime\Cache\Department\55d0a788e1c01b1525bc4e1a679c0e45.php 第 377 行.
NOTIC: [8] Undefined index: department C:\wamp64\www\OA\Application\Runtime\Cache\Department\55d0a788e1c01b1525bc4e1a679c0e45.php 第 377 行.
NOTIC: [8] Undefined index: department C:\wamp64\www\OA\Application\Runtime\Cache\Department\55d0a788e1c01b1525bc4e1a679c0e45.php 第 377 行.
NOTIC: [8] Undefined index: department C:\wamp64\www\OA\Application\Runtime\Cache\Department\55d0a788e1c01b1525bc4e1a679c0e45.php 第 377 行.
NOTIC: [8] Undefined index: department C:\wamp64\www\OA\Application\Runtime\Cache\Department\55d0a788e1c01b1525bc4e1a679c0e45.php 第 377 行.
NOTIC: [8] Undefined index: department C:\wamp64\www\OA\Application\Runtime\Cache\Department\55d0a788e1c01b1525bc4e1a679c0e45.php 第 377 行.
INFO: Run Behavior\ParseTemplateBehavior [ RunTime:0.013001s ]
INFO: [ view_parse ] --END-- [ RunTime:0.013001s ]
INFO: [ view_filter ] --START--
INFO: Run Behavior\WriteHtmlCacheBehavior [ RunTime:0.001000s ]
INFO: [ view_filter ] --END-- [ RunTime:0.001000s ]
INFO: [ app_end ] --START--
INFO: Run Behavior\ShowPageTraceBehavior [ RunTime:0.001000s ]
INFO: [ app_end ] --END-- [ RunTime:0.001000s ]

[ 2017-03-21T13:56:39+08:00 ] ::1 /OA/index.php/Department/DepartmentList/showDepartmentList
INFO: [ app_init ] --START--
INFO: Run Behavior\BuildLiteBehavior [ RunTime:0.001000s ]
INFO: [ app_init ] --END-- [ RunTime:0.001000s ]
INFO: [ app_begin ] --START--
INFO: Run Behavior\ReadHtmlCacheBehavior [ RunTime:0.001000s ]
INFO: [ app_begin ] --END-- [ RunTime:0.002000s ]
SQL: SHOW COLUMNS FROM `department` [ RunTime:0.0000s ]
SQL: SELECT * FROM `department`  [ RunTime:0.0000s ]
INFO: [ view_parse ] --START--
INFO: [ template_filter ] --START--
INFO: Run Behavior\ContentReplaceBehavior [ RunTime:0.000000s ]
INFO: [ template_filter ] --END-- [ RunTime:0.001000s ]
NOTIC: [8] Undefined index: department C:\wamp64\www\OA\Application\Runtime\Cache\Department\55d0a788e1c01b1525bc4e1a679c0e45.php 第 377 行.
NOTIC: [8] Undefined index: department C:\wamp64\www\OA\Application\Runtime\Cache\Department\55d0a788e1c01b1525bc4e1a679c0e45.php 第 377 行.
NOTIC: [8] Undefined index: department C:\wamp64\www\OA\Application\Runtime\Cache\Department\55d0a788e1c01b1525bc4e1a679c0e45.php 第 377 行.
NOTIC: [8] Undefined index: department C:\wamp64\www\OA\Application\Runtime\Cache\Department\55d0a788e1c01b1525bc4e1a679c0e45.php 第 377 行.
NOTIC: [8] Undefined index: department C:\wamp64\www\OA\Application\Runtime\Cache\Department\55d0a788e1c01b1525bc4e1a679c0e45.php 第 377 行.
NOTIC: [8] Undefined index: department C:\wamp64\www\OA\Application\Runtime\Cache\Department\55d0a788e1c01b1525bc4e1a679c0e45.php 第 377 行.
NOTIC: [8] Undefined index: department C:\wamp64\www\OA\Application\Runtime\Cache\Department\55d0a788e1c01b1525bc4e1a679c0e45.php 第 377 行.
NOTIC: [8] Undefined index: department C:\wamp64\www\OA\Application\Runtime\Cache\Department\55d0a788e1c01b1525bc4e1a679c0e45.php 第 377 行.
NOTIC: [8] Undefined index: department C:\wamp64\www\OA\Application\Runtime\Cache\Department\55d0a788e1c01b1525bc4e1a679c0e45.php 第 377 行.
NOTIC: [8] Undefined index: department C:\wamp64\www\OA\Application\Runtime\Cache\Department\55d0a788e1c01b1525bc4e1a679c0e45.php 第 377 行.
NOTIC: [8] Undefined index: department C:\wamp64\www\OA\Application\Runtime\Cache\Department\55d0a788e1c01b1525bc4e1a679c0e45.php 第 377 行.
INFO: Run Behavior\ParseTemplateBehavior [ RunTime:0.013001s ]
INFO: [ view_parse ] --END-- [ RunTime:0.013001s ]
INFO: [ view_filter ] --START--
INFO: Run Behavior\WriteHtmlCacheBehavior [ RunTime:0.000000s ]
INFO: [ view_filter ] --END-- [ RunTime:0.001000s ]
INFO: [ app_end ] --START--
INFO: Run Behavior\ShowPageTraceBehavior [ RunTime:0.001000s ]
INFO: [ app_end ] --END-- [ RunTime:0.001000s ]

[ 2017-03-21T15:41:38+08:00 ] ::1 /OA/index.php/Department/FillDepartment/addDepartment
INFO: [ app_init ] --START--
INFO: Run Behavior\BuildLiteBehavior [ RunTime:0.000000s ]
INFO: [ app_init ] --END-- [ RunTime:0.000000s ]
INFO: [ app_begin ] --START--
INFO: Run Behavior\ReadHtmlCacheBehavior [ RunTime:0.001000s ]
INFO: [ app_begin ] --END-- [ RunTime:0.001000s ]
INFO: [ view_parse ] --START--
INFO: [ template_filter ] --START--
INFO: Run Behavior\ContentReplaceBehavior [ RunTime:0.000000s ]
INFO: [ template_filter ] --END-- [ RunTime:0.000000s ]
INFO: Run Behavior\ParseTemplateBehavior [ RunTime:0.010001s ]
INFO: [ view_parse ] --END-- [ RunTime:0.010001s ]
INFO: [ view_filter ] --START--
INFO: Run Behavior\WriteHtmlCacheBehavior [ RunTime:0.000000s ]
INFO: [ view_filter ] --END-- [ RunTime:0.000000s ]
NOTIC: [2] in_array() expects parameter 2 to be array, string given C:\wamp64\www\OA\Application\OCommon\Controller\BaseController.class.php 第 44 行.
INFO: [ view_parse ] --START--
INFO: [ template_filter ] --START--
INFO: Run Behavior\ContentReplaceBehavior [ RunTime:0.000000s ]
INFO: [ template_filter ] --END-- [ RunTime:-0.009000s ]
INFO: Run Behavior\ParseTemplateBehavior [ RunTime:0.006000s ]
INFO: [ view_parse ] --END-- [ RunTime:-0.002000s ]
INFO: [ view_filter ] --START--
INFO: Run Behavior\WriteHtmlCacheBehavior [ RunTime:0.000000s ]
INFO: [ view_filter ] --END-- [ RunTime:-0.007000s ]

[ 2017-03-21T15:41:38+08:00 ] ::1 /OA/index.php/Department/FillDepartment/OA/Public/assets/js/bootstrap-datetimepicker/css/bootstrap-datetimepicker.min.css
INFO: [ app_init ] --START--
INFO: Run Behavior\BuildLiteBehavior [ RunTime:0.000000s ]
INFO: [ app_init ] --END-- [ RunTime:0.002000s ]
INFO: [ app_begin ] --START--
INFO: Run Behavior\ReadHtmlCacheBehavior [ RunTime:0.001000s ]
INFO: [ app_begin ] --END-- [ RunTime:0.002000s ]
INFO: [ view_parse ] --START--
INFO: [ template_filter ] --START--
INFO: Run Behavior\ContentReplaceBehavior [ RunTime:0.000000s ]
INFO: [ template_filter ] --END-- [ RunTime:0.001000s ]
INFO: Run Behavior\ParseTemplateBehavior [ RunTime:0.008001s ]
INFO: [ view_parse ] --END-- [ RunTime:0.008001s ]
INFO: [ view_filter ] --START--
INFO: Run Behavior\WriteHtmlCacheBehavior [ RunTime:0.000000s ]
INFO: [ view_filter ] --END-- [ RunTime:0.000000s ]
NOTIC: [2] in_array() expects parameter 2 to be array, string given C:\wamp64\www\OA\Application\OCommon\Controller\BaseController.class.php 第 44 行.
ERR: 非法操作:OA

[ 2017-03-21T15:41:39+08:00 ] ::1 /OA/index.php/Department/FillDepartment/OA/Public/assets/js/bootstrap-datetimepicker/css/bootstrap-datetimepicker.min.css
INFO: [ app_init ] --START--
INFO: Run Behavior\BuildLiteBehavior [ RunTime:0.000000s ]
INFO: [ app_init ] --END-- [ RunTime:0.001000s ]
INFO: [ app_begin ] --START--
INFO: Run Behavior\ReadHtmlCacheBehavior [ RunTime:0.000000s ]
INFO: [ app_begin ] --END-- [ RunTime:0.000000s ]
INFO: [ view_parse ] --START--
INFO: [ template_filter ] --START--
INFO: Run Behavior\ContentReplaceBehavior [ RunTime:0.000000s ]
INFO: [ template_filter ] --END-- [ RunTime:0.000000s ]
INFO: Run Behavior\ParseTemplateBehavior [ RunTime:0.006000s ]
INFO: [ view_parse ] --END-- [ RunTime:0.006000s ]
INFO: [ view_filter ] --START--
INFO: Run Behavior\WriteHtmlCacheBehavior [ RunTime:0.000000s ]
INFO: [ view_filter ] --END-- [ RunTime:0.001000s ]
NOTIC: [2] in_array() expects parameter 2 to be array, string given C:\wamp64\www\OA\Application\OCommon\Controller\BaseController.class.php 第 44 行.
ERR: 非法操作:OA

[ 2017-03-21T15:42:33+08:00 ] ::1 /OA/index.php/Department/DepartmentList/showDepartmentList
INFO: [ app_init ] --START--
INFO: Run Behavior\BuildLiteBehavior [ RunTime:0.000000s ]
INFO: [ app_init ] --END-- [ RunTime:0.000000s ]
INFO: [ app_begin ] --START--
INFO: Run Behavior\ReadHtmlCacheBehavior [ RunTime:0.000000s ]
INFO: [ app_begin ] --END-- [ RunTime:0.001001s ]
NOTIC: [2] in_array() expects parameter 2 to be array, string given C:\wamp64\www\OA\Application\OCommon\Controller\BaseController.class.php 第 44 行.
SQL: SHOW COLUMNS FROM `department` [ RunTime:0.0000s ]
SQL: SELECT * FROM `department`  [ RunTime:0.0000s ]
INFO: [ view_parse ] --START--
INFO: [ template_filter ] --START--
INFO: Run Behavior\ContentReplaceBehavior [ RunTime:0.000000s ]
INFO: [ template_filter ] --END-- [ RunTime:0.000000s ]
NOTIC: [8] Undefined index: department C:\wamp64\www\OA\Application\Runtime\Cache\Department\55d0a788e1c01b1525bc4e1a679c0e45.php 第 377 行.
NOTIC: [8] Undefined index: department C:\wamp64\www\OA\Application\Runtime\Cache\Department\55d0a788e1c01b1525bc4e1a679c0e45.php 第 377 行.
NOTIC: [8] Undefined index: department C:\wamp64\www\OA\Application\Runtime\Cache\Department\55d0a788e1c01b1525bc4e1a679c0e45.php 第 377 行.
NOTIC: [8] Undefined index: department C:\wamp64\www\OA\Application\Runtime\Cache\Department\55d0a788e1c01b1525bc4e1a679c0e45.php 第 377 行.
NOTIC: [8] Undefined index: department C:\wamp64\www\OA\Application\Runtime\Cache\Department\55d0a788e1c01b1525bc4e1a679c0e45.php 第 377 行.
NOTIC: [8] Undefined index: department C:\wamp64\www\OA\Application\Runtime\Cache\Department\55d0a788e1c01b1525bc4e1a679c0e45.php 第 377 行.
NOTIC: [8] Undefined index: department C:\wamp64\www\OA\Application\Runtime\Cache\Department\55d0a788e1c01b1525bc4e1a679c0e45.php 第 377 行.
NOTIC: [8] Undefined index: department C:\wamp64\www\OA\Application\Runtime\Cache\Department\55d0a788e1c01b1525bc4e1a679c0e45.php 第 377 行.
NOTIC: [8] Undefined index: department C:\wamp64\www\OA\Application\Runtime\Cache\Department\55d0a788e1c01b1525bc4e1a679c0e45.php 第 377 行.
NOTIC: [8] Undefined index: department C:\wamp64\www\OA\Application\Runtime\Cache\Department\55d0a788e1c01b1525bc4e1a679c0e45.php 第 377 行.
NOTIC: [8] Undefined index: department C:\wamp64\www\OA\Application\Runtime\Cache\Department\55d0a788e1c01b1525bc4e1a679c0e45.php 第 377 行.
INFO: Run Behavior\ParseTemplateBehavior [ RunTime:0.011001s ]
INFO: [ view_parse ] --END-- [ RunTime:0.011001s ]
INFO: [ view_filter ] --START--
INFO: Run Behavior\WriteHtmlCacheBehavior [ RunTime:0.000000s ]
INFO: [ view_filter ] --END-- [ RunTime:0.000000s ]
INFO: [ app_end ] --START--
INFO: Run Behavior\ShowPageTraceBehavior [ RunTime:0.001000s ]
INFO: [ app_end ] --END-- [ RunTime:0.001000s ]

[ 2017-03-21T15:42:34+08:00 ] ::1 /OA/index.php/Department/FillDepartment/addDepartment
INFO: [ app_init ] --START--
INFO: Run Behavior\BuildLiteBehavior [ RunTime:0.000000s ]
INFO: [ app_init ] --END-- [ RunTime:0.001000s ]
INFO: [ app_begin ] --START--
INFO: Run Behavior\ReadHtmlCacheBehavior [ RunTime:0.001000s ]
INFO: [ app_begin ] --END-- [ RunTime:0.002000s ]
NOTIC: [2] in_array() expects parameter 2 to be array, string given C:\wamp64\www\OA\Application\OCommon\Controller\BaseController.class.php 第 44 行.
INFO: [ view_parse ] --START--
INFO: [ template_filter ] --START--
INFO: Run Behavior\ContentReplaceBehavior [ RunTime:0.000000s ]
INFO: [ template_filter ] --END-- [ RunTime:0.000000s ]
INFO: Run Behavior\ParseTemplateBehavior [ RunTime:0.013000s ]
INFO: [ view_parse ] --END-- [ RunTime:0.014000s ]
INFO: [ view_filter ] --START--
INFO: Run Behavior\WriteHtmlCacheBehavior [ RunTime:0.000000s ]
INFO: [ view_filter ] --END-- [ RunTime:0.000000s ]

[ 2017-03-21T15:42:34+08:00 ] ::1 /OA/index.php/Department/FillDepartment/OA/Public/assets/js/bootstrap-datetimepicker/css/bootstrap-datetimepicker.min.css
INFO: [ app_init ] --START--
INFO: Run Behavior\BuildLiteBehavior [ RunTime:0.001000s ]
INFO: [ app_init ] --END-- [ RunTime:0.003000s ]
INFO: [ app_begin ] --START--
INFO: Run Behavior\ReadHtmlCacheBehavior [ RunTime:0.000000s ]
INFO: [ app_begin ] --END-- [ RunTime:0.000000s ]
NOTIC: [2] in_array() expects parameter 2 to be array, string given C:\wamp64\www\OA\Application\OCommon\Controller\BaseController.class.php 第 44 行.
ERR: 非法操作:OA

[ 2017-03-21T15:42:34+08:00 ] ::1 /OA/index.php/Department/FillDepartment/OA/Public/assets/js/bootstrap-datetimepicker/css/bootstrap-datetimepicker.min.css
INFO: [ app_init ] --START--
INFO: Run Behavior\BuildLiteBehavior [ RunTime:0.000000s ]
INFO: [ app_init ] --END-- [ RunTime:0.000000s ]
INFO: [ app_begin ] --START--
INFO: Run Behavior\ReadHtmlCacheBehavior [ RunTime:0.000000s ]
INFO: [ app_begin ] --END-- [ RunTime:0.000000s ]
NOTIC: [2] in_array() expects parameter 2 to be array, string given C:\wamp64\www\OA\Application\OCommon\Controller\BaseController.class.php 第 44 行.
ERR: 非法操作:OA

[ 2017-03-21T16:09:35+08:00 ] ::1 /OA/index.php/Department/DepartmentList/showDepartmentList
INFO: [ app_init ] --START--
INFO: Run Behavior\BuildLiteBehavior [ RunTime:0.000000s ]
INFO: [ app_init ] --END-- [ RunTime:0.001000s ]
INFO: [ app_begin ] --START--
INFO: Run Behavior\ReadHtmlCacheBehavior [ RunTime:0.001000s ]
INFO: [ app_begin ] --END-- [ RunTime:0.001000s ]
NOTIC: [2] in_array() expects parameter 2 to be array, string given C:\wamp64\www\OA\Application\OCommon\Controller\BaseController.class.php 第 34 行.
SQL: SHOW COLUMNS FROM `department` [ RunTime:0.0000s ]
SQL: SELECT * FROM `department`  [ RunTime:0.0000s ]
INFO: [ view_parse ] --START--
INFO: [ template_filter ] --START--
INFO: Run Behavior\ContentReplaceBehavior [ RunTime:0.000000s ]
INFO: [ template_filter ] --END-- [ RunTime:0.000000s ]
NOTIC: [8] Undefined index: department C:\wamp64\www\OA\Application\Runtime\Cache\Department\55d0a788e1c01b1525bc4e1a679c0e45.php 第 377 行.
NOTIC: [8] Undefined index: department C:\wamp64\www\OA\Application\Runtime\Cache\Department\55d0a788e1c01b1525bc4e1a679c0e45.php 第 377 行.
NOTIC: [8] Undefined index: department C:\wamp64\www\OA\Application\Runtime\Cache\Department\55d0a788e1c01b1525bc4e1a679c0e45.php 第 377 行.
NOTIC: [8] Undefined index: department C:\wamp64\www\OA\Application\Runtime\Cache\Department\55d0a788e1c01b1525bc4e1a679c0e45.php 第 377 行.
NOTIC: [8] Undefined index: department C:\wamp64\www\OA\Application\Runtime\Cache\Department\55d0a788e1c01b1525bc4e1a679c0e45.php 第 377 行.
NOTIC: [8] Undefined index: department C:\wamp64\www\OA\Application\Runtime\Cache\Department\55d0a788e1c01b1525bc4e1a679c0e45.php 第 377 行.
NOTIC: [8] Undefined index: department C:\wamp64\www\OA\Application\Runtime\Cache\Department\55d0a788e1c01b1525bc4e1a679c0e45.php 第 377 行.
NOTIC: [8] Undefined index: department C:\wamp64\www\OA\Application\Runtime\Cache\Department\55d0a788e1c01b1525bc4e1a679c0e45.php 第 377 行.
NOTIC: [8] Undefined index: department C:\wamp64\www\OA\Application\Runtime\Cache\Department\55d0a788e1c01b1525bc4e1a679c0e45.php 第 377 行.
NOTIC: [8] Undefined index: department C:\wamp64\www\OA\Application\Runtime\Cache\Department\55d0a788e1c01b1525bc4e1a679c0e45.php 第 377 行.
NOTIC: [8] Undefined index: department C:\wamp64\www\OA\Application\Runtime\Cache\Department\55d0a788e1c01b1525bc4e1a679c0e45.php 第 377 行.
INFO: Run Behavior\ParseTemplateBehavior [ RunTime:0.014001s ]
INFO: [ view_parse ] --END-- [ RunTime:0.015001s ]
INFO: [ view_filter ] --START--
INFO: Run Behavior\WriteHtmlCacheBehavior [ RunTime:0.000000s ]
INFO: [ view_filter ] --END-- [ RunTime:0.000000s ]
INFO: [ app_end ] --START--
INFO: Run Behavior\ShowPageTraceBehavior [ RunTime:0.000000s ]
INFO: [ app_end ] --END-- [ RunTime:0.001000s ]

[ 2017-03-21T16:09:36+08:00 ] ::1 /OA/index.php/Department/FillDepartment/addDepartment
INFO: [ app_init ] --START--
INFO: Run Behavior\BuildLiteBehavior [ RunTime:0.000000s ]
INFO: [ app_init ] --END-- [ RunTime:0.001000s ]
INFO: [ app_begin ] --START--
INFO: Run Behavior\ReadHtmlCacheBehavior [ RunTime:0.001000s ]
INFO: [ app_begin ] --END-- [ RunTime:0.001000s ]
NOTIC: [2] in_array() expects parameter 2 to be array, string given C:\wamp64\www\OA\Application\OCommon\Controller\BaseController.class.php 第 34 行.
INFO: [ view_parse ] --START--
INFO: [ template_filter ] --START--
INFO: Run Behavior\ContentReplaceBehavior [ RunTime:0.001000s ]
INFO: [ template_filter ] --END-- [ RunTime:0.001000s ]
INFO: Run Behavior\ParseTemplateBehavior [ RunTime:0.014000s ]
INFO: [ view_parse ] --END-- [ RunTime:0.014000s ]
INFO: [ view_filter ] --START--
INFO: Run Behavior\WriteHtmlCacheBehavior [ RunTime:0.001000s ]
INFO: [ view_filter ] --END-- [ RunTime:0.001000s ]

[ 2017-03-21T16:09:36+08:00 ] ::1 /OA/index.php/Department/FillDepartment/OA/Public/assets/js/bootstrap-datetimepicker/css/bootstrap-datetimepicker.min.css
INFO: [ app_init ] --START--
INFO: Run Behavior\BuildLiteBehavior [ RunTime:0.000000s ]
INFO: [ app_init ] --END-- [ RunTime:0.001000s ]
INFO: [ app_begin ] --START--
INFO: Run Behavior\ReadHtmlCacheBehavior [ RunTime:0.000000s ]
INFO: [ app_begin ] --END-- [ RunTime:0.000000s ]
NOTIC: [2] in_array() expects parameter 2 to be array, string given C:\wamp64\www\OA\Application\OCommon\Controller\BaseController.class.php 第 34 行.
ERR: 非法操作:OA

[ 2017-03-21T16:09:36+08:00 ] ::1 /OA/index.php/Department/FillDepartment/OA/Public/assets/js/bootstrap-datetimepicker/css/bootstrap-datetimepicker.min.css
INFO: [ app_init ] --START--
INFO: Run Behavior\BuildLiteBehavior [ RunTime:0.000000s ]
INFO: [ app_init ] --END-- [ RunTime:0.001000s ]
INFO: [ app_begin ] --START--
INFO: Run Behavior\ReadHtmlCacheBehavior [ RunTime:0.001000s ]
INFO: [ app_begin ] --END-- [ RunTime:0.001000s ]
NOTIC: [2] in_array() expects parameter 2 to be array, string given C:\wamp64\www\OA\Application\OCommon\Controller\BaseController.class.php 第 34 行.
ERR: 非法操作:OA

[ 2017-03-21T16:41:24+08:00 ] ::1 /OA/index.php/Department/DepartmentList/showDepartmentList
INFO: [ app_init ] --START--
INFO: Run Behavior\BuildLiteBehavior [ RunTime:0.000000s ]
INFO: [ app_init ] --END-- [ RunTime:0.001000s ]
INFO: [ app_begin ] --START--
INFO: Run Behavior\ReadHtmlCacheBehavior [ RunTime:0.001000s ]
INFO: [ app_begin ] --END-- [ RunTime:0.001000s ]
NOTIC: [2] in_array() expects parameter 2 to be array, string given C:\wamp64\www\OA\Application\OCommon\Controller\BaseController.class.php 第 34 行.
SQL: SHOW COLUMNS FROM `department` [ RunTime:0.0000s ]
SQL: SELECT * FROM `department`  [ RunTime:0.0000s ]
INFO: [ view_parse ] --START--
INFO: [ template_filter ] --START--
INFO: Run Behavior\ContentReplaceBehavior [ RunTime:0.000000s ]
INFO: [ template_filter ] --END-- [ RunTime:0.000000s ]
NOTIC: [8] Undefined index: department C:\wamp64\www\OA\Application\Runtime\Cache\Department\55d0a788e1c01b1525bc4e1a679c0e45.php 第 377 行.
NOTIC: [8] Undefined index: department C:\wamp64\www\OA\Application\Runtime\Cache\Department\55d0a788e1c01b1525bc4e1a679c0e45.php 第 377 行.
NOTIC: [8] Undefined index: department C:\wamp64\www\OA\Application\Runtime\Cache\Department\55d0a788e1c01b1525bc4e1a679c0e45.php 第 377 行.
NOTIC: [8] Undefined index: department C:\wamp64\www\OA\Application\Runtime\Cache\Department\55d0a788e1c01b1525bc4e1a679c0e45.php 第 377 行.
NOTIC: [8] Undefined index: department C:\wamp64\www\OA\Application\Runtime\Cache\Department\55d0a788e1c01b1525bc4e1a679c0e45.php 第 377 行.
NOTIC: [8] Undefined index: department C:\wamp64\www\OA\Application\Runtime\Cache\Department\55d0a788e1c01b1525bc4e1a679c0e45.php 第 377 行.
NOTIC: [8] Undefined index: department C:\wamp64\www\OA\Application\Runtime\Cache\Department\55d0a788e1c01b1525bc4e1a679c0e45.php 第 377 行.
NOTIC: [8] Undefined index: department C:\wamp64\www\OA\Application\Runtime\Cache\Department\55d0a788e1c01b1525bc4e1a679c0e45.php 第 377 行.
NOTIC: [8] Undefined index: department C:\wamp64\www\OA\Application\Runtime\Cache\Department\55d0a788e1c01b1525bc4e1a679c0e45.php 第 377 行.
NOTIC: [8] Undefined index: department C:\wamp64\www\OA\Application\Runtime\Cache\Department\55d0a788e1c01b1525bc4e1a679c0e45.php 第 377 行.
NOTIC: [8] Undefined index: department C:\wamp64\www\OA\Application\Runtime\Cache\Department\55d0a788e1c01b1525bc4e1a679c0e45.php 第 377 行.
INFO: Run Behavior\ParseTemplateBehavior [ RunTime:0.013001s ]
INFO: [ view_parse ] --END-- [ RunTime:0.013001s ]
INFO: [ view_filter ] --START--
INFO: Run Behavior\WriteHtmlCacheBehavior [ RunTime:0.001000s ]
INFO: [ view_filter ] --END-- [ RunTime:0.001000s ]
INFO: [ app_end ] --START--
INFO: Run Behavior\ShowPageTraceBehavior [ RunTime:0.001000s ]
INFO: [ app_end ] --END-- [ RunTime:0.001000s ]

[ 2017-03-21T16:41:25+08:00 ] ::1 /OA/index.php/Department/FillDepartment/addDepartment
INFO: [ app_init ] --START--
INFO: Run Behavior\BuildLiteBehavior [ RunTime:0.000000s ]
INFO: [ app_init ] --END-- [ RunTime:0.000000s ]
INFO: [ app_begin ] --START--
INFO: Run Behavior\ReadHtmlCacheBehavior [ RunTime:0.001001s ]
INFO: [ app_begin ] --END-- [ RunTime:0.001001s ]
NOTIC: [2] in_array() expects parameter 2 to be array, string given C:\wamp64\www\OA\Application\OCommon\Controller\BaseController.class.php 第 34 行.
INFO: [ view_parse ] --START--
INFO: [ template_filter ] --START--
INFO: Run Behavior\ContentReplaceBehavior [ RunTime:0.001000s ]
INFO: [ template_filter ] --END-- [ RunTime:0.001000s ]
INFO: Run Behavior\ParseTemplateBehavior [ RunTime:0.018001s ]
INFO: [ view_parse ] --END-- [ RunTime:0.018001s ]
INFO: [ view_filter ] --START--
INFO: Run Behavior\WriteHtmlCacheBehavior [ RunTime:0.001000s ]
INFO: [ view_filter ] --END-- [ RunTime:0.001000s ]

[ 2017-03-21T16:41:25+08:00 ] ::1 /OA/index.php/Department/FillDepartment/OA/Public/assets/js/bootstrap-datetimepicker/css/bootstrap-datetimepicker.min.css
INFO: [ app_init ] --START--
INFO: Run Behavior\BuildLiteBehavior [ RunTime:0.000000s ]
INFO: [ app_init ] --END-- [ RunTime:0.001001s ]
INFO: [ app_begin ] --START--
INFO: Run Behavior\ReadHtmlCacheBehavior [ RunTime:0.000000s ]
INFO: [ app_begin ] --END-- [ RunTime:0.001000s ]
NOTIC: [2] in_array() expects parameter 2 to be array, string given C:\wamp64\www\OA\Application\OCommon\Controller\BaseController.class.php 第 34 行.
ERR: 非法操作:OA

[ 2017-03-21T16:41:25+08:00 ] ::1 /OA/index.php/Department/FillDepartment/OA/Public/assets/js/bootstrap-datetimepicker/css/bootstrap-datetimepicker.min.css
INFO: [ app_init ] --START--
INFO: Run Behavior\BuildLiteBehavior [ RunTime:0.000000s ]
INFO: [ app_init ] --END-- [ RunTime:0.000000s ]
INFO: [ app_begin ] --START--
INFO: Run Behavior\ReadHtmlCacheBehavior [ RunTime:0.000000s ]
INFO: [ app_begin ] --END-- [ RunTime:0.000000s ]
NOTIC: [2] in_array() expects parameter 2 to be array, string given C:\wamp64\www\OA\Application\OCommon\Controller\BaseController.class.php 第 34 行.
ERR: 非法操作:OA

[ 2017-03-21T17:21:36+08:00 ] ::1 /OA/index.php/Department/DepartmentList/showDepartmentList
INFO: [ app_init ] --START--
INFO: Run Behavior\BuildLiteBehavior [ RunTime:0.000000s ]
INFO: [ app_init ] --END-- [ RunTime:0.001000s ]
INFO: [ app_begin ] --START--
INFO: Run Behavior\ReadHtmlCacheBehavior [ RunTime:0.001000s ]
INFO: [ app_begin ] --END-- [ RunTime:0.002000s ]
NOTIC: [2] in_array() expects parameter 2 to be array, string given C:\wamp64\www\OA\Application\OCommon\Controller\BaseController.class.php 第 34 行.
SQL: SHOW COLUMNS FROM `department` [ RunTime:0.0010s ]
SQL: SELECT * FROM `department`  [ RunTime:0.0010s ]
INFO: [ view_parse ] --START--
INFO: [ template_filter ] --START--
INFO: Run Behavior\ContentReplaceBehavior [ RunTime:0.001000s ]
INFO: [ template_filter ] --END-- [ RunTime:0.001000s ]
NOTIC: [8] Undefined index: department C:\wamp64\www\OA\Application\Runtime\Cache\Department\55d0a788e1c01b1525bc4e1a679c0e45.php 第 377 行.
NOTIC: [8] Undefined index: department C:\wamp64\www\OA\Application\Runtime\Cache\Department\55d0a788e1c01b1525bc4e1a679c0e45.php 第 377 行.
NOTIC: [8] Undefined index: department C:\wamp64\www\OA\Application\Runtime\Cache\Department\55d0a788e1c01b1525bc4e1a679c0e45.php 第 377 行.
NOTIC: [8] Undefined index: department C:\wamp64\www\OA\Application\Runtime\Cache\Department\55d0a788e1c01b1525bc4e1a679c0e45.php 第 377 行.
NOTIC: [8] Undefined index: department C:\wamp64\www\OA\Application\Runtime\Cache\Department\55d0a788e1c01b1525bc4e1a679c0e45.php 第 377 行.
NOTIC: [8] Undefined index: department C:\wamp64\www\OA\Application\Runtime\Cache\Department\55d0a788e1c01b1525bc4e1a679c0e45.php 第 377 行.
NOTIC: [8] Undefined index: department C:\wamp64\www\OA\Application\Runtime\Cache\Department\55d0a788e1c01b1525bc4e1a679c0e45.php 第 377 行.
NOTIC: [8] Undefined index: department C:\wamp64\www\OA\Application\Runtime\Cache\Department\55d0a788e1c01b1525bc4e1a679c0e45.php 第 377 行.
NOTIC: [8] Undefined index: department C:\wamp64\www\OA\Application\Runtime\Cache\Department\55d0a788e1c01b1525bc4e1a679c0e45.php 第 377 行.
NOTIC: [8] Undefined index: department C:\wamp64\www\OA\Application\Runtime\Cache\Department\55d0a788e1c01b1525bc4e1a679c0e45.php 第 377 行.
NOTIC: [8] Undefined index: department C:\wamp64\www\OA\Application\Runtime\Cache\Department\55d0a788e1c01b1525bc4e1a679c0e45.php 第 377 行.
INFO: Run Behavior\ParseTemplateBehavior [ RunTime:0.021001s ]
INFO: [ view_parse ] --END-- [ RunTime:0.022001s ]
INFO: [ view_filter ] --START--
INFO: Run Behavior\WriteHtmlCacheBehavior [ RunTime:0.000000s ]
INFO: [ view_filter ] --END-- [ RunTime:0.000000s ]
INFO: [ app_end ] --START--
INFO: Run Behavior\ShowPageTraceBehavior [ RunTime:0.001000s ]
INFO: [ app_end ] --END-- [ RunTime:0.001000s ]

[ 2017-03-21T17:21:37+08:00 ] ::1 /OA/index.php/Department/FillDepartment/addDepartment
INFO: [ app_init ] --START--
INFO: Run Behavior\BuildLiteBehavior [ RunTime:0.000000s ]
INFO: [ app_init ] --END-- [ RunTime:0.001000s ]
INFO: [ app_begin ] --START--
INFO: Run Behavior\ReadHtmlCacheBehavior [ RunTime:0.001000s ]
INFO: [ app_begin ] --END-- [ RunTime:0.001000s ]
NOTIC: [2] in_array() expects parameter 2 to be array, string given C:\wamp64\www\OA\Application\OCommon\Controller\BaseController.class.php 第 34 行.
INFO: [ view_parse ] --START--
INFO: [ template_filter ] --START--
INFO: Run Behavior\ContentReplaceBehavior [ RunTime:0.000000s ]
INFO: [ template_filter ] --END-- [ RunTime:0.000000s ]
INFO: Run Behavior\ParseTemplateBehavior [ RunTime:0.021001s ]
INFO: [ view_parse ] --END-- [ RunTime:0.022001s ]
INFO: [ view_filter ] --START--
INFO: Run Behavior\WriteHtmlCacheBehavior [ RunTime:0.000000s ]
INFO: [ view_filter ] --END-- [ RunTime:0.000000s ]

[ 2017-03-21T17:21:37+08:00 ] ::1 /OA/index.php/Department/FillDepartment/OA/Public/assets/js/bootstrap-datetimepicker/css/bootstrap-datetimepicker.min.css
INFO: [ app_init ] --START--
INFO: Run Behavior\BuildLiteBehavior [ RunTime:0.001000s ]
INFO: [ app_init ] --END-- [ RunTime:0.001000s ]
INFO: [ app_begin ] --START--
INFO: Run Behavior\ReadHtmlCacheBehavior [ RunTime:0.001000s ]
INFO: [ app_begin ] --END-- [ RunTime:0.001000s ]
NOTIC: [2] in_array() expects parameter 2 to be array, string given C:\wamp64\www\OA\Application\OCommon\Controller\BaseController.class.php 第 34 行.
ERR: 非法操作:OA

[ 2017-03-21T17:21:37+08:00 ] ::1 /OA/index.php/Department/FillDepartment/OA/Public/assets/js/bootstrap-datetimepicker/css/bootstrap-datetimepicker.min.css
INFO: [ app_init ] --START--
INFO: Run Behavior\BuildLiteBehavior [ RunTime:0.000000s ]
INFO: [ app_init ] --END-- [ RunTime:0.000000s ]
INFO: [ app_begin ] --START--
INFO: Run Behavior\ReadHtmlCacheBehavior [ RunTime:0.000000s ]
INFO: [ app_begin ] --END-- [ RunTime:0.001000s ]
NOTIC: [2] in_array() expects parameter 2 to be array, string given C:\wamp64\www\OA\Application\OCommon\Controller\BaseController.class.php 第 34 行.
ERR: 非法操作:OA

[ 2017-03-21T17:25:04+08:00 ] ::1 /OA/index.php/Department/FillDepartment/addDepartment
INFO: [ app_init ] --START--
INFO: Run Behavior\BuildLiteBehavior [ RunTime:0.000000s ]
INFO: [ app_init ] --END-- [ RunTime:0.001000s ]
INFO: [ app_begin ] --START--
INFO: Run Behavior\ReadHtmlCacheBehavior [ RunTime:0.001000s ]
INFO: [ app_begin ] --END-- [ RunTime:0.001000s ]
NOTIC: [2] in_array() expects parameter 2 to be array, string given C:\wamp64\www\OA\Application\OCommon\Controller\BaseController.class.php 第 34 行.

[ 2017-03-21T17:25:24+08:00 ] ::1 /OA/index.php/Department/FillDepartment/addDepartment
INFO: [ app_init ] --START--
INFO: Run Behavior\BuildLiteBehavior [ RunTime:0.001000s ]
INFO: [ app_init ] --END-- [ RunTime:0.002000s ]
INFO: [ app_begin ] --START--
INFO: Run Behavior\ReadHtmlCacheBehavior [ RunTime:0.000000s ]
INFO: [ app_begin ] --END-- [ RunTime:0.001000s ]
NOTIC: [2] in_array() expects parameter 2 to be array, string given C:\wamp64\www\OA\Application\OCommon\Controller\BaseController.class.php 第 34 行.
INFO: [ view_parse ] --START--
INFO: [ template_filter ] --START--
INFO: Run Behavior\ContentReplaceBehavior [ RunTime:0.000000s ]
INFO: [ template_filter ] --END-- [ RunTime:0.001000s ]
INFO: Run Behavior\ParseTemplateBehavior [ RunTime:0.014001s ]
INFO: [ view_parse ] --END-- [ RunTime:0.015001s ]
INFO: [ view_filter ] --START--
INFO: Run Behavior\WriteHtmlCacheBehavior [ RunTime:0.000000s ]
INFO: [ view_filter ] --END-- [ RunTime:0.000000s ]

[ 2017-03-21T17:25:24+08:00 ] ::1 /OA/index.php/Department/FillDepartment/OA/Public/assets/js/bootstrap-datetimepicker/css/bootstrap-datetimepicker.min.css
INFO: [ app_init ] --START--
INFO: Run Behavior\BuildLiteBehavior [ RunTime:0.000000s ]
INFO: [ app_init ] --END-- [ RunTime:0.001000s ]
INFO: [ app_begin ] --START--
INFO: Run Behavior\ReadHtmlCacheBehavior [ RunTime:0.001000s ]
INFO: [ app_begin ] --END-- [ RunTime:0.001000s ]
NOTIC: [2] in_array() expects parameter 2 to be array, string given C:\wamp64\www\OA\Application\OCommon\Controller\BaseController.class.php 第 34 行.
ERR: 非法操作:OA

[ 2017-03-21T17:25:24+08:00 ] ::1 /OA/index.php/Department/FillDepartment/OA/Public/assets/js/bootstrap-datetimepicker/css/bootstrap-datetimepicker.min.css
INFO: [ app_init ] --START--
INFO: Run Behavior\BuildLiteBehavior [ RunTime:0.000000s ]
INFO: [ app_init ] --END-- [ RunTime:0.000000s ]
INFO: [ app_begin ] --START--
INFO: Run Behavior\ReadHtmlCacheBehavior [ RunTime:0.000000s ]
INFO: [ app_begin ] --END-- [ RunTime:0.000000s ]
NOTIC: [2] in_array() expects parameter 2 to be array, string given C:\wamp64\www\OA\Application\OCommon\Controller\BaseController.class.php 第 34 行.
ERR: 非法操作:OA

[ 2017-03-21T17:27:56+08:00 ] ::1 /OA/index.php/Department/DepartmentList/showDepartmentList
INFO: [ app_init ] --START--
INFO: Run Behavior\BuildLiteBehavior [ RunTime:0.000000s ]
INFO: [ app_init ] --END-- [ RunTime:0.001000s ]
INFO: [ app_begin ] --START--
INFO: Run Behavior\ReadHtmlCacheBehavior [ RunTime:0.001000s ]
INFO: [ app_begin ] --END-- [ RunTime:0.001000s ]
NOTIC: [2] in_array() expects parameter 2 to be array, string given C:\wamp64\www\OA\Application\OCommon\Controller\BaseController.class.php 第 34 行.
SQL: SHOW COLUMNS FROM `department` [ RunTime:0.0010s ]
SQL: SELECT * FROM `department`  [ RunTime:0.0000s ]
INFO: [ view_parse ] --START--
INFO: [ template_filter ] --START--
INFO: Run Behavior\ContentReplaceBehavior [ RunTime:0.000000s ]
INFO: [ template_filter ] --END-- [ RunTime:0.000000s ]
NOTIC: [8] Undefined index: department C:\wamp64\www\OA\Application\Runtime\Cache\Department\55d0a788e1c01b1525bc4e1a679c0e45.php 第 377 行.
NOTIC: [8] Undefined index: department C:\wamp64\www\OA\Application\Runtime\Cache\Department\55d0a788e1c01b1525bc4e1a679c0e45.php 第 377 行.
NOTIC: [8] Undefined index: department C:\wamp64\www\OA\Application\Runtime\Cache\Department\55d0a788e1c01b1525bc4e1a679c0e45.php 第 377 行.
NOTIC: [8] Undefined index: department C:\wamp64\www\OA\Application\Runtime\Cache\Department\55d0a788e1c01b1525bc4e1a679c0e45.php 第 377 行.
NOTIC: [8] Undefined index: department C:\wamp64\www\OA\Application\Runtime\Cache\Department\55d0a788e1c01b1525bc4e1a679c0e45.php 第 377 行.
NOTIC: [8] Undefined index: department C:\wamp64\www\OA\Application\Runtime\Cache\Department\55d0a788e1c01b1525bc4e1a679c0e45.php 第 377 行.
NOTIC: [8] Undefined index: department C:\wamp64\www\OA\Application\Runtime\Cache\Department\55d0a788e1c01b1525bc4e1a679c0e45.php 第 377 行.
NOTIC: [8] Undefined index: department C:\wamp64\www\OA\Application\Runtime\Cache\Department\55d0a788e1c01b1525bc4e1a679c0e45.php 第 377 行.
NOTIC: [8] Undefined index: department C:\wamp64\www\OA\Application\Runtime\Cache\Department\55d0a788e1c01b1525bc4e1a679c0e45.php 第 377 行.
NOTIC: [8] Undefined index: department C:\wamp64\www\OA\Application\Runtime\Cache\Department\55d0a788e1c01b1525bc4e1a679c0e45.php 第 377 行.
NOTIC: [8] Undefined index: department C:\wamp64\www\OA\Application\Runtime\Cache\Department\55d0a788e1c01b1525bc4e1a679c0e45.php 第 377 行.
INFO: Run Behavior\ParseTemplateBehavior [ RunTime:0.018001s ]
INFO: [ view_parse ] --END-- [ RunTime:0.018001s ]
INFO: [ view_filter ] --START--
INFO: Run Behavior\WriteHtmlCacheBehavior [ RunTime:0.001000s ]
INFO: [ view_filter ] --END-- [ RunTime:0.001000s ]
INFO: [ app_end ] --START--
INFO: Run Behavior\ShowPageTraceBehavior [ RunTime:0.001000s ]
INFO: [ app_end ] --END-- [ RunTime:0.001000s ]

[ 2017-03-21T17:27:57+08:00 ] ::1 /OA/index.php/Department/FillDepartment/addDepartment
INFO: [ app_init ] --START--
INFO: Run Behavior\BuildLiteBehavior [ RunTime:0.000000s ]
INFO: [ app_init ] --END-- [ RunTime:0.001000s ]
INFO: [ app_begin ] --START--
INFO: Run Behavior\ReadHtmlCacheBehavior [ RunTime:0.001000s ]
INFO: [ app_begin ] --END-- [ RunTime:0.001000s ]
NOTIC: [2] in_array() expects parameter 2 to be array, string given C:\wamp64\www\OA\Application\OCommon\Controller\BaseController.class.php 第 34 行.
INFO: [ view_parse ] --START--
INFO: [ template_filter ] --START--
INFO: Run Behavior\ContentReplaceBehavior [ RunTime:0.001001s ]
INFO: [ template_filter ] --END-- [ RunTime:0.001001s ]
INFO: Run Behavior\ParseTemplateBehavior [ RunTime:0.017001s ]
INFO: [ view_parse ] --END-- [ RunTime:0.018001s ]
INFO: [ view_filter ] --START--
INFO: Run Behavior\WriteHtmlCacheBehavior [ RunTime:0.000000s ]
INFO: [ view_filter ] --END-- [ RunTime:0.000000s ]

[ 2017-03-21T17:27:57+08:00 ] ::1 /OA/index.php/Department/FillDepartment/OA/Public/assets/js/bootstrap-datetimepicker/css/bootstrap-datetimepicker.min.css
INFO: [ app_init ] --START--
INFO: Run Behavior\BuildLiteBehavior [ RunTime:0.000000s ]
INFO: [ app_init ] --END-- [ RunTime:0.001000s ]
INFO: [ app_begin ] --START--
INFO: Run Behavior\ReadHtmlCacheBehavior [ RunTime:0.000000s ]
INFO: [ app_begin ] --END-- [ RunTime:0.001000s ]
NOTIC: [2] in_array() expects parameter 2 to be array, string given C:\wamp64\www\OA\Application\OCommon\Controller\BaseController.class.php 第 34 行.
ERR: 非法操作:OA

[ 2017-03-21T17:27:57+08:00 ] ::1 /OA/index.php/Department/FillDepartment/OA/Public/assets/js/bootstrap-datetimepicker/css/bootstrap-datetimepicker.min.css
INFO: [ app_init ] --START--
INFO: Run Behavior\BuildLiteBehavior [ RunTime:0.000000s ]
INFO: [ app_init ] --END-- [ RunTime:0.001000s ]
INFO: [ app_begin ] --START--
INFO: Run Behavior\ReadHtmlCacheBehavior [ RunTime:0.001000s ]
INFO: [ app_begin ] --END-- [ RunTime:0.001000s ]
NOTIC: [2] in_array() expects parameter 2 to be array, string given C:\wamp64\www\OA\Application\OCommon\Controller\BaseController.class.php 第 34 行.
ERR: 非法操作:OA

[ 2017-03-21T17:28:20+08:00 ] ::1 /OA/index.php/Department/FillDepartment/OA/Public/assets/js/bootstrap-datetimepicker/css/bootstrap-datetimepicker.min.css
INFO: [ app_init ] --START--
INFO: Run Behavior\BuildLiteBehavior [ RunTime:0.000000s ]
INFO: [ app_init ] --END-- [ RunTime:0.000000s ]
INFO: [ app_begin ] --START--
INFO: Run Behavior\ReadHtmlCacheBehavior [ RunTime:0.001000s ]
INFO: [ app_begin ] --END-- [ RunTime:0.001000s ]
NOTIC: [2] in_array() expects parameter 2 to be array, string given C:\wamp64\www\OA\Application\OCommon\Controller\BaseController.class.php 第 34 行.

[ 2017-03-21T17:28:23+08:00 ] ::1 /OA/index.php/Department/FillDepartment/OA/Public/assets/js/bootstrap-datetimepicker/css/bootstrap-datetimepicker.min.css
INFO: [ app_init ] --START--
INFO: Run Behavior\BuildLiteBehavior [ RunTime:0.000000s ]
INFO: [ app_init ] --END-- [ RunTime:0.001000s ]
INFO: [ app_begin ] --START--
INFO: Run Behavior\ReadHtmlCacheBehavior [ RunTime:0.000000s ]
INFO: [ app_begin ] --END-- [ RunTime:0.001001s ]
NOTIC: [2] in_array() expects parameter 2 to be array, string given C:\wamp64\www\OA\Application\OCommon\Controller\BaseController.class.php 第 34 行.

[ 2017-03-21T17:28:24+08:00 ] ::1 /OA/index.php/Department/FillDepartment/addDepartment
INFO: [ app_init ] --START--
INFO: Run Behavior\BuildLiteBehavior [ RunTime:0.000000s ]
INFO: [ app_init ] --END-- [ RunTime:0.001000s ]
INFO: [ app_begin ] --START--
INFO: Run Behavior\ReadHtmlCacheBehavior [ RunTime:0.002000s ]
INFO: [ app_begin ] --END-- [ RunTime:0.002000s ]
NOTIC: [2] in_array() expects parameter 2 to be array, string given C:\wamp64\www\OA\Application\OCommon\Controller\BaseController.class.php 第 34 行.

[ 2017-03-21T17:28:58+08:00 ] ::1 /OA/index.php/Department/DepartmentList/showDepartmentList
INFO: [ app_init ] --START--
INFO: Run Behavior\BuildLiteBehavior [ RunTime:0.000000s ]
INFO: [ app_init ] --END-- [ RunTime:0.001000s ]
INFO: [ app_begin ] --START--
INFO: Run Behavior\ReadHtmlCacheBehavior [ RunTime:0.001000s ]
INFO: [ app_begin ] --END-- [ RunTime:0.001000s ]
NOTIC: [2] in_array() expects parameter 2 to be array, string given C:\wamp64\www\OA\Application\OCommon\Controller\BaseController.class.php 第 34 行.

[ 2017-03-21T17:54:38+08:00 ] ::1 /OA/index.php/Department/DepartmentList/showDepartmentList
INFO: [ app_init ] --START--
INFO: Run Behavior\BuildLiteBehavior [ RunTime:0.000000s ]
INFO: [ app_init ] --END-- [ RunTime:0.001000s ]
INFO: [ app_begin ] --START--
INFO: Run Behavior\ReadHtmlCacheBehavior [ RunTime:0.001000s ]
INFO: [ app_begin ] --END-- [ RunTime:0.001000s ]
NOTIC: [2] in_array() expects parameter 2 to be array, string given C:\wamp64\www\OA\Application\OCommon\Controller\BaseController.class.php 第 34 行.
SQL: SHOW COLUMNS FROM `department` [ RunTime:0.0000s ]
SQL: SELECT * FROM `department`  [ RunTime:0.0000s ]
INFO: [ view_parse ] --START--
INFO: [ template_filter ] --START--
INFO: Run Behavior\ContentReplaceBehavior [ RunTime:0.000000s ]
INFO: [ template_filter ] --END-- [ RunTime:0.000000s ]
NOTIC: [8] Undefined index: department C:\wamp64\www\OA\Application\Runtime\Cache\Department\55d0a788e1c01b1525bc4e1a679c0e45.php 第 377 行.
NOTIC: [8] Undefined index: department C:\wamp64\www\OA\Application\Runtime\Cache\Department\55d0a788e1c01b1525bc4e1a679c0e45.php 第 377 行.
NOTIC: [8] Undefined index: department C:\wamp64\www\OA\Application\Runtime\Cache\Department\55d0a788e1c01b1525bc4e1a679c0e45.php 第 377 行.
NOTIC: [8] Undefined index: department C:\wamp64\www\OA\Application\Runtime\Cache\Department\55d0a788e1c01b1525bc4e1a679c0e45.php 第 377 行.
NOTIC: [8] Undefined index: department C:\wamp64\www\OA\Application\Runtime\Cache\Department\55d0a788e1c01b1525bc4e1a679c0e45.php 第 377 行.
NOTIC: [8] Undefined index: department C:\wamp64\www\OA\Application\Runtime\Cache\Department\55d0a788e1c01b1525bc4e1a679c0e45.php 第 377 行.
NOTIC: [8] Undefined index: department C:\wamp64\www\OA\Application\Runtime\Cache\Department\55d0a788e1c01b1525bc4e1a679c0e45.php 第 377 行.
NOTIC: [8] Undefined index: department C:\wamp64\www\OA\Application\Runtime\Cache\Department\55d0a788e1c01b1525bc4e1a679c0e45.php 第 377 行.
NOTIC: [8] Undefined index: department C:\wamp64\www\OA\Application\Runtime\Cache\Department\55d0a788e1c01b1525bc4e1a679c0e45.php 第 377 行.
NOTIC: [8] Undefined index: department C:\wamp64\www\OA\Application\Runtime\Cache\Department\55d0a788e1c01b1525bc4e1a679c0e45.php 第 377 行.
NOTIC: [8] Undefined index: department C:\wamp64\www\OA\Application\Runtime\Cache\Department\55d0a788e1c01b1525bc4e1a679c0e45.php 第 377 行.
INFO: Run Behavior\ParseTemplateBehavior [ RunTime:0.013001s ]
INFO: [ view_parse ] --END-- [ RunTime:0.013001s ]
INFO: [ view_filter ] --START--
INFO: Run Behavior\WriteHtmlCacheBehavior [ RunTime:0.001000s ]
INFO: [ view_filter ] --END-- [ RunTime:0.001000s ]
INFO: [ app_end ] --START--
INFO: Run Behavior\ShowPageTraceBehavior [ RunTime:0.000000s ]
INFO: [ app_end ] --END-- [ RunTime:0.001000s ]

[ 2017-03-21T17:54:39+08:00 ] ::1 /OA/index.php/Department/DepartmentList/showDepartmentList
INFO: [ app_init ] --START--
INFO: Run Behavior\BuildLiteBehavior [ RunTime:0.000000s ]
INFO: [ app_init ] --END-- [ RunTime:0.001000s ]
INFO: [ app_begin ] --START--
INFO: Run Behavior\ReadHtmlCacheBehavior [ RunTime:0.001000s ]
INFO: [ app_begin ] --END-- [ RunTime:0.003000s ]
NOTIC: [2] in_array() expects parameter 2 to be array, string given C:\wamp64\www\OA\Application\OCommon\Controller\BaseController.class.php 第 34 行.
SQL: SHOW COLUMNS FROM `department` [ RunTime:0.0010s ]
SQL: SELECT * FROM `department`  [ RunTime:0.0010s ]
INFO: [ view_parse ] --START--
INFO: [ template_filter ] --START--
INFO: Run Behavior\ContentReplaceBehavior [ RunTime:0.000000s ]
INFO: [ template_filter ] --END-- [ RunTime:0.001000s ]
NOTIC: [8] Undefined index: department C:\wamp64\www\OA\Application\Runtime\Cache\Department\55d0a788e1c01b1525bc4e1a679c0e45.php 第 377 行.
NOTIC: [8] Undefined index: department C:\wamp64\www\OA\Application\Runtime\Cache\Department\55d0a788e1c01b1525bc4e1a679c0e45.php 第 377 行.
NOTIC: [8] Undefined index: department C:\wamp64\www\OA\Application\Runtime\Cache\Department\55d0a788e1c01b1525bc4e1a679c0e45.php 第 377 行.
NOTIC: [8] Undefined index: department C:\wamp64\www\OA\Application\Runtime\Cache\Department\55d0a788e1c01b1525bc4e1a679c0e45.php 第 377 行.
NOTIC: [8] Undefined index: department C:\wamp64\www\OA\Application\Runtime\Cache\Department\55d0a788e1c01b1525bc4e1a679c0e45.php 第 377 行.
NOTIC: [8] Undefined index: department C:\wamp64\www\OA\Application\Runtime\Cache\Department\55d0a788e1c01b1525bc4e1a679c0e45.php 第 377 行.
NOTIC: [8] Undefined index: department C:\wamp64\www\OA\Application\Runtime\Cache\Department\55d0a788e1c01b1525bc4e1a679c0e45.php 第 377 行.
NOTIC: [8] Undefined index: department C:\wamp64\www\OA\Application\Runtime\Cache\Department\55d0a788e1c01b1525bc4e1a679c0e45.php 第 377 行.
NOTIC: [8] Undefined index: department C:\wamp64\www\OA\Application\Runtime\Cache\Department\55d0a788e1c01b1525bc4e1a679c0e45.php 第 377 行.
NOTIC: [8] Undefined index: department C:\wamp64\www\OA\Application\Runtime\Cache\Department\55d0a788e1c01b1525bc4e1a679c0e45.php 第 377 行.
NOTIC: [8] Undefined index: department C:\wamp64\www\OA\Application\Runtime\Cache\Department\55d0a788e1c01b1525bc4e1a679c0e45.php 第 377 行.
INFO: Run Behavior\ParseTemplateBehavior [ RunTime:0.024001s ]
INFO: [ view_parse ] --END-- [ RunTime:0.024001s ]
INFO: [ view_filter ] --START--
INFO: Run Behavior\WriteHtmlCacheBehavior [ RunTime:0.001000s ]
INFO: [ view_filter ] --END-- [ RunTime:0.001000s ]
INFO: [ app_end ] --START--
INFO: Run Behavior\ShowPageTraceBehavior [ RunTime:0.001000s ]
INFO: [ app_end ] --END-- [ RunTime:0.001000s ]

[ 2017-03-21T20:04:22+08:00 ] ::1 /OA/index.php/Department/DepartmentList/showDepartmentList
INFO: [ app_init ] --START--
INFO: Run Behavior\BuildLiteBehavior [ RunTime:0.000000s ]
INFO: [ app_init ] --END-- [ RunTime:0.001000s ]
INFO: [ app_begin ] --START--
INFO: Run Behavior\ReadHtmlCacheBehavior [ RunTime:0.001000s ]
INFO: [ app_begin ] --END-- [ RunTime:0.001000s ]
NOTIC: [2] in_array() expects parameter 2 to be array, string given C:\wamp64\www\OA\Application\OCommon\Controller\BaseController.class.php 第 35 行.
SQL: SHOW COLUMNS FROM `department` [ RunTime:0.0010s ]
SQL: SELECT * FROM `department`  [ RunTime:0.0010s ]
INFO: [ view_parse ] --START--
INFO: [ template_filter ] --START--
INFO: Run Behavior\ContentReplaceBehavior [ RunTime:0.000000s ]
INFO: [ template_filter ] --END-- [ RunTime:0.001000s ]
NOTIC: [8] Undefined index: department C:\wamp64\www\OA\Application\Runtime\Cache\Department\55d0a788e1c01b1525bc4e1a679c0e45.php 第 377 行.
NOTIC: [8] Undefined index: department C:\wamp64\www\OA\Application\Runtime\Cache\Department\55d0a788e1c01b1525bc4e1a679c0e45.php 第 377 行.
NOTIC: [8] Undefined index: department C:\wamp64\www\OA\Application\Runtime\Cache\Department\55d0a788e1c01b1525bc4e1a679c0e45.php 第 377 行.
NOTIC: [8] Undefined index: department C:\wamp64\www\OA\Application\Runtime\Cache\Department\55d0a788e1c01b1525bc4e1a679c0e45.php 第 377 行.
NOTIC: [8] Undefined index: department C:\wamp64\www\OA\Application\Runtime\Cache\Department\55d0a788e1c01b1525bc4e1a679c0e45.php 第 377 行.
NOTIC: [8] Undefined index: department C:\wamp64\www\OA\Application\Runtime\Cache\Department\55d0a788e1c01b1525bc4e1a679c0e45.php 第 377 行.
NOTIC: [8] Undefined index: department C:\wamp64\www\OA\Application\Runtime\Cache\Department\55d0a788e1c01b1525bc4e1a679c0e45.php 第 377 行.
NOTIC: [8] Undefined index: department C:\wamp64\www\OA\Application\Runtime\Cache\Department\55d0a788e1c01b1525bc4e1a679c0e45.php 第 377 行.
NOTIC: [8] Undefined index: department C:\wamp64\www\OA\Application\Runtime\Cache\Department\55d0a788e1c01b1525bc4e1a679c0e45.php 第 377 行.
NOTIC: [8] Undefined index: department C:\wamp64\www\OA\Application\Runtime\Cache\Department\55d0a788e1c01b1525bc4e1a679c0e45.php 第 377 行.
NOTIC: [8] Undefined index: department C:\wamp64\www\OA\Application\Runtime\Cache\Department\55d0a788e1c01b1525bc4e1a679c0e45.php 第 377 行.
INFO: Run Behavior\ParseTemplateBehavior [ RunTime:0.020001s ]
INFO: [ view_parse ] --END-- [ RunTime:0.022001s ]
INFO: [ view_filter ] --START--
INFO: Run Behavior\WriteHtmlCacheBehavior [ RunTime:0.000000s ]
INFO: [ view_filter ] --END-- [ RunTime:0.000000s ]
INFO: [ app_end ] --START--
INFO: Run Behavior\ShowPageTraceBehavior [ RunTime:0.001000s ]
INFO: [ app_end ] --END-- [ RunTime:0.001000s ]

[ 2017-03-21T20:04:23+08:00 ] ::1 /OA/index.php/Department/FillDepartment/addDepartment
INFO: [ app_init ] --START--
INFO: Run Behavior\BuildLiteBehavior [ RunTime:0.000000s ]
INFO: [ app_init ] --END-- [ RunTime:0.002000s ]
INFO: [ app_begin ] --START--
INFO: Run Behavior\ReadHtmlCacheBehavior [ RunTime:0.002000s ]
INFO: [ app_begin ] --END-- [ RunTime:0.002000s ]
NOTIC: [2] in_array() expects parameter 2 to be array, string given C:\wamp64\www\OA\Application\OCommon\Controller\BaseController.class.php 第 35 行.
INFO: [ view_parse ] --START--
INFO: [ template_filter ] --START--
INFO: Run Behavior\ContentReplaceBehavior [ RunTime:0.001000s ]
INFO: [ template_filter ] --END-- [ RunTime:0.001000s ]
INFO: Run Behavior\ParseTemplateBehavior [ RunTime:0.021001s ]
INFO: [ view_parse ] --END-- [ RunTime:0.021001s ]
INFO: [ view_filter ] --START--
INFO: Run Behavior\WriteHtmlCacheBehavior [ RunTime:0.001000s ]
INFO: [ view_filter ] --END-- [ RunTime:0.001000s ]

[ 2017-03-21T20:04:23+08:00 ] ::1 /OA/index.php/Department/FillDepartment/OA/Public/assets/js/bootstrap-datetimepicker/css/bootstrap-datetimepicker.min.css
INFO: [ app_init ] --START--
INFO: Run Behavior\BuildLiteBehavior [ RunTime:0.000000s ]
INFO: [ app_init ] --END-- [ RunTime:0.001000s ]
INFO: [ app_begin ] --START--
INFO: Run Behavior\ReadHtmlCacheBehavior [ RunTime:0.000000s ]
INFO: [ app_begin ] --END-- [ RunTime:0.001001s ]
NOTIC: [2] in_array() expects parameter 2 to be array, string given C:\wamp64\www\OA\Application\OCommon\Controller\BaseController.class.php 第 35 行.
ERR: 非法操作:OA

[ 2017-03-21T20:04:23+08:00 ] ::1 /OA/index.php/Department/FillDepartment/OA/Public/assets/js/bootstrap-datetimepicker/css/bootstrap-datetimepicker.min.css
INFO: [ app_init ] --START--
INFO: Run Behavior\BuildLiteBehavior [ RunTime:0.000000s ]
INFO: [ app_init ] --END-- [ RunTime:0.000000s ]
INFO: [ app_begin ] --START--
INFO: Run Behavior\ReadHtmlCacheBehavior [ RunTime:0.000000s ]
INFO: [ app_begin ] --END-- [ RunTime:0.000000s ]
NOTIC: [2] in_array() expects parameter 2 to be array, string given C:\wamp64\www\OA\Application\OCommon\Controller\BaseController.class.php 第 35 行.
ERR: 非法操作:OA

