[ 2017-03-30T10:30:52+08:00 ] ::1 /OA/index.php/Department/DepartmentList/showDepartmentList
INFO: [ app_init ] --START--
INFO: Run Behavior\BuildLiteBehavior [ RunTime:0.000000s ]
INFO: [ app_init ] --END-- [ RunTime:0.001000s ]
INFO: [ app_begin ] --START--
INFO: Run Behavior\ReadHtmlCacheBehavior [ RunTime:0.001000s ]
INFO: [ app_begin ] --END-- [ RunTime:0.001000s ]
SQL: SHOW COLUMNS FROM `auth_group_access` [ RunTime:0.0010s ]
SQL: SELECT `uid`,`group_id`,`title`,`rules` FROM auth_group_access a INNER JOIN auth_group g on a.group_id=g.id  WHERE ( a.uid='1' and g.status='1' )  [ RunTime:0.0010s ]
SQL: SHOW COLUMNS FROM `auth_rule` [ RunTime:0.0010s ]
SQL: SELECT `condition`,`name` FROM `auth_rule` WHERE `id` IN ('1','4','5','6','10','12','13','14','15','16','17','19','20','21','22','23','24','26','27','28','30','31','32','33','56','2','3','7','8','9','11','18','25','29','34','35','36','37','38','39','40','41','42','43','44','45','46','47','48','49','50','51','52','53','54','55') AND `type` = 1 AND `status` = 1  [ RunTime:0.0000s ]
SQL: SHOW COLUMNS FROM `department` [ RunTime:0.0010s ]
SQL: SELECT COUNT(*) AS tp_count FROM `department` LIMIT 1   [ RunTime:0.0010s ]
SQL: SELECT * FROM `department` LIMIT 0,5   [ RunTime:0.0010s ]
SQL: SHOW COLUMNS FROM `employee` [ RunTime:0.0010s ]
SQL: SELECT COUNT(*) AS tp_count FROM `employee` WHERE `department_id` = 1 LIMIT 1   [ RunTime:0.0000s ]
SQL: SELECT COUNT(*) AS tp_count FROM `employee` WHERE `department_id` = 2 LIMIT 1   [ RunTime:0.0000s ]
SQL: SELECT COUNT(*) AS tp_count FROM `employee` WHERE `department_id` = 3 LIMIT 1   [ RunTime:0.0000s ]
SQL: SELECT COUNT(*) AS tp_count FROM `employee` WHERE `department_id` = 4 LIMIT 1   [ RunTime:0.0010s ]
SQL: SELECT COUNT(*) AS tp_count FROM `employee` WHERE `department_id` = 5 LIMIT 1   [ RunTime:0.0010s ]
INFO: [ view_parse ] --START--
INFO: [ template_filter ] --START--
INFO: Run Behavior\ContentReplaceBehavior [ RunTime:0.000000s ]
INFO: [ template_filter ] --END-- [ RunTime:0.000000s ]
NOTIC: [8] Undefined variable: dept C:\wamp64\www\OA\Application\Runtime\Cache\Department\55d0a788e1c01b1525bc4e1a679c0e45.php 第 396 行.
NOTIC: [8] Undefined variable: emp C:\wamp64\www\OA\Application\Runtime\Cache\Department\55d0a788e1c01b1525bc4e1a679c0e45.php 第 425 行.
NOTIC: [8] Undefined variable: emp C:\wamp64\www\OA\Application\Runtime\Cache\Department\55d0a788e1c01b1525bc4e1a679c0e45.php 第 429 行.
NOTIC: [8] Undefined variable: emp C:\wamp64\www\OA\Application\Runtime\Cache\Department\55d0a788e1c01b1525bc4e1a679c0e45.php 第 425 行.
NOTIC: [8] Undefined variable: emp C:\wamp64\www\OA\Application\Runtime\Cache\Department\55d0a788e1c01b1525bc4e1a679c0e45.php 第 429 行.
NOTIC: [8] Undefined variable: emp C:\wamp64\www\OA\Application\Runtime\Cache\Department\55d0a788e1c01b1525bc4e1a679c0e45.php 第 425 行.
NOTIC: [8] Undefined variable: emp C:\wamp64\www\OA\Application\Runtime\Cache\Department\55d0a788e1c01b1525bc4e1a679c0e45.php 第 429 行.
NOTIC: [8] Undefined variable: emp C:\wamp64\www\OA\Application\Runtime\Cache\Department\55d0a788e1c01b1525bc4e1a679c0e45.php 第 425 行.
NOTIC: [8] Undefined variable: emp C:\wamp64\www\OA\Application\Runtime\Cache\Department\55d0a788e1c01b1525bc4e1a679c0e45.php 第 429 行.
NOTIC: [8] Undefined variable: emp C:\wamp64\www\OA\Application\Runtime\Cache\Department\55d0a788e1c01b1525bc4e1a679c0e45.php 第 425 行.
NOTIC: [8] Undefined variable: emp C:\wamp64\www\OA\Application\Runtime\Cache\Department\55d0a788e1c01b1525bc4e1a679c0e45.php 第 429 行.
INFO: Run Behavior\ParseTemplateBehavior [ RunTime:0.019001s ]
INFO: [ view_parse ] --END-- [ RunTime:0.019001s ]
INFO: [ view_filter ] --START--
INFO: Run Behavior\WriteHtmlCacheBehavior [ RunTime:0.000000s ]
INFO: [ view_filter ] --END-- [ RunTime:0.000000s ]
INFO: [ app_end ] --START--
INFO: Run Behavior\ShowPageTraceBehavior [ RunTime:0.000000s ]
INFO: [ app_end ] --END-- [ RunTime:0.001000s ]

[ 2017-03-30T10:30:53+08:00 ] ::1 /OA/index.php/Department/FillDepartment/addDepartment
INFO: [ app_init ] --START--
INFO: Run Behavior\BuildLiteBehavior [ RunTime:0.000000s ]
INFO: [ app_init ] --END-- [ RunTime:0.000000s ]
INFO: [ app_begin ] --START--
INFO: Run Behavior\ReadHtmlCacheBehavior [ RunTime:0.001000s ]
INFO: [ app_begin ] --END-- [ RunTime:0.001000s ]
SQL: SHOW COLUMNS FROM `auth_group_access` [ RunTime:0.0010s ]
SQL: SELECT `uid`,`group_id`,`title`,`rules` FROM auth_group_access a INNER JOIN auth_group g on a.group_id=g.id  WHERE ( a.uid='1' and g.status='1' )  [ RunTime:0.0000s ]
SQL: SHOW COLUMNS FROM `auth_rule` [ RunTime:0.0000s ]
SQL: SELECT `condition`,`name` FROM `auth_rule` WHERE `id` IN ('1','4','5','6','10','12','13','14','15','16','17','19','20','21','22','23','24','26','27','28','30','31','32','33','56','2','3','7','8','9','11','18','25','29','34','35','36','37','38','39','40','41','42','43','44','45','46','47','48','49','50','51','52','53','54','55') AND `type` = 1 AND `status` = 1  [ RunTime:0.0000s ]
INFO: [ view_parse ] --START--
INFO: [ template_filter ] --START--
INFO: Run Behavior\ContentReplaceBehavior [ RunTime:0.000000s ]
INFO: [ template_filter ] --END-- [ RunTime:0.000000s ]
INFO: Run Behavior\ParseTemplateBehavior [ RunTime:0.011001s ]
INFO: [ view_parse ] --END-- [ RunTime:0.012001s ]
INFO: [ view_filter ] --START--
INFO: Run Behavior\WriteHtmlCacheBehavior [ RunTime:0.000000s ]
INFO: [ view_filter ] --END-- [ RunTime:0.001000s ]

[ 2017-03-30T10:30:53+08:00 ] ::1 /OA/index.php/Department/FillDepartment/OA/Public/assets/js/bootstrap-datetimepicker/css/bootstrap-datetimepicker.min.css
INFO: [ app_init ] --START--
INFO: Run Behavior\BuildLiteBehavior [ RunTime:0.000000s ]
INFO: [ app_init ] --END-- [ RunTime:0.000000s ]
INFO: [ app_begin ] --START--
INFO: Run Behavior\ReadHtmlCacheBehavior [ RunTime:0.000000s ]
INFO: [ app_begin ] --END-- [ RunTime:0.000000s ]
SQL: SHOW COLUMNS FROM `auth_group_access` [ RunTime:0.0000s ]
SQL: SELECT `uid`,`group_id`,`title`,`rules` FROM auth_group_access a INNER JOIN auth_group g on a.group_id=g.id  WHERE ( a.uid='1' and g.status='1' )  [ RunTime:0.0000s ]
SQL: SHOW COLUMNS FROM `auth_rule` [ RunTime:0.0010s ]
SQL: SELECT `condition`,`name` FROM `auth_rule` WHERE `id` IN ('1','4','5','6','10','12','13','14','15','16','17','19','20','21','22','23','24','26','27','28','30','31','32','33','56','2','3','7','8','9','11','18','25','29','34','35','36','37','38','39','40','41','42','43','44','45','46','47','48','49','50','51','52','53','54','55') AND `type` = 1 AND `status` = 1  [ RunTime:0.0000s ]
INFO: [ view_parse ] --START--
INFO: [ template_filter ] --START--
INFO: Run Behavior\ContentReplaceBehavior [ RunTime:0.000000s ]
INFO: [ template_filter ] --END-- [ RunTime:0.001000s ]
INFO: Run Behavior\ParseTemplateBehavior [ RunTime:0.006001s ]
INFO: [ view_parse ] --END-- [ RunTime:0.006001s ]
INFO: [ view_filter ] --START--
INFO: Run Behavior\WriteHtmlCacheBehavior [ RunTime:0.000000s ]
INFO: [ view_filter ] --END-- [ RunTime:0.001000s ]

[ 2017-03-30T10:30:54+08:00 ] ::1 /OA/index.php/Department/DepartmentList/showDepartmentList
INFO: [ app_init ] --START--
INFO: Run Behavior\BuildLiteBehavior [ RunTime:0.001001s ]
INFO: [ app_init ] --END-- [ RunTime:0.001001s ]
INFO: [ app_begin ] --START--
INFO: Run Behavior\ReadHtmlCacheBehavior [ RunTime:0.001000s ]
INFO: [ app_begin ] --END-- [ RunTime:0.001000s ]
SQL: SHOW COLUMNS FROM `auth_group_access` [ RunTime:0.0010s ]
SQL: SELECT `uid`,`group_id`,`title`,`rules` FROM auth_group_access a INNER JOIN auth_group g on a.group_id=g.id  WHERE ( a.uid='1' and g.status='1' )  [ RunTime:0.0000s ]
SQL: SHOW COLUMNS FROM `auth_rule` [ RunTime:0.0000s ]
SQL: SELECT `condition`,`name` FROM `auth_rule` WHERE `id` IN ('1','4','5','6','10','12','13','14','15','16','17','19','20','21','22','23','24','26','27','28','30','31','32','33','56','2','3','7','8','9','11','18','25','29','34','35','36','37','38','39','40','41','42','43','44','45','46','47','48','49','50','51','52','53','54','55') AND `type` = 1 AND `status` = 1  [ RunTime:0.0000s ]
SQL: SHOW COLUMNS FROM `department` [ RunTime:0.0000s ]
SQL: SELECT COUNT(*) AS tp_count FROM `department` LIMIT 1   [ RunTime:0.0000s ]
SQL: SELECT * FROM `department` LIMIT 0,5   [ RunTime:0.0000s ]
SQL: SHOW COLUMNS FROM `employee` [ RunTime:0.0000s ]
SQL: SELECT COUNT(*) AS tp_count FROM `employee` WHERE `department_id` = 1 LIMIT 1   [ RunTime:0.0000s ]
SQL: SELECT COUNT(*) AS tp_count FROM `employee` WHERE `department_id` = 2 LIMIT 1   [ RunTime:0.0000s ]
SQL: SELECT COUNT(*) AS tp_count FROM `employee` WHERE `department_id` = 3 LIMIT 1   [ RunTime:0.0000s ]
SQL: SELECT COUNT(*) AS tp_count FROM `employee` WHERE `department_id` = 4 LIMIT 1   [ RunTime:0.0000s ]
SQL: SELECT COUNT(*) AS tp_count FROM `employee` WHERE `department_id` = 5 LIMIT 1   [ RunTime:0.0000s ]
INFO: [ view_parse ] --START--
INFO: [ template_filter ] --START--
INFO: Run Behavior\ContentReplaceBehavior [ RunTime:0.000000s ]
INFO: [ template_filter ] --END-- [ RunTime:0.000000s ]
NOTIC: [8] Undefined variable: dept C:\wamp64\www\OA\Application\Runtime\Cache\Department\55d0a788e1c01b1525bc4e1a679c0e45.php 第 396 行.
NOTIC: [8] Undefined variable: emp C:\wamp64\www\OA\Application\Runtime\Cache\Department\55d0a788e1c01b1525bc4e1a679c0e45.php 第 425 行.
NOTIC: [8] Undefined variable: emp C:\wamp64\www\OA\Application\Runtime\Cache\Department\55d0a788e1c01b1525bc4e1a679c0e45.php 第 429 行.
NOTIC: [8] Undefined variable: emp C:\wamp64\www\OA\Application\Runtime\Cache\Department\55d0a788e1c01b1525bc4e1a679c0e45.php 第 425 行.
NOTIC: [8] Undefined variable: emp C:\wamp64\www\OA\Application\Runtime\Cache\Department\55d0a788e1c01b1525bc4e1a679c0e45.php 第 429 行.
NOTIC: [8] Undefined variable: emp C:\wamp64\www\OA\Application\Runtime\Cache\Department\55d0a788e1c01b1525bc4e1a679c0e45.php 第 425 行.
NOTIC: [8] Undefined variable: emp C:\wamp64\www\OA\Application\Runtime\Cache\Department\55d0a788e1c01b1525bc4e1a679c0e45.php 第 429 行.
NOTIC: [8] Undefined variable: emp C:\wamp64\www\OA\Application\Runtime\Cache\Department\55d0a788e1c01b1525bc4e1a679c0e45.php 第 425 行.
NOTIC: [8] Undefined variable: emp C:\wamp64\www\OA\Application\Runtime\Cache\Department\55d0a788e1c01b1525bc4e1a679c0e45.php 第 429 行.
NOTIC: [8] Undefined variable: emp C:\wamp64\www\OA\Application\Runtime\Cache\Department\55d0a788e1c01b1525bc4e1a679c0e45.php 第 425 行.
NOTIC: [8] Undefined variable: emp C:\wamp64\www\OA\Application\Runtime\Cache\Department\55d0a788e1c01b1525bc4e1a679c0e45.php 第 429 行.
INFO: Run Behavior\ParseTemplateBehavior [ RunTime:0.014001s ]
INFO: [ view_parse ] --END-- [ RunTime:0.014001s ]
INFO: [ view_filter ] --START--
INFO: Run Behavior\WriteHtmlCacheBehavior [ RunTime:0.000000s ]
INFO: [ view_filter ] --END-- [ RunTime:0.000000s ]
INFO: [ app_end ] --START--
INFO: Run Behavior\ShowPageTraceBehavior [ RunTime:0.000000s ]
INFO: [ app_end ] --END-- [ RunTime:0.000000s ]

[ 2017-03-30T10:30:55+08:00 ] ::1 /OA/index.php/Department/FillDepartment/addDepartment
INFO: [ app_init ] --START--
INFO: Run Behavior\BuildLiteBehavior [ RunTime:0.000000s ]
INFO: [ app_init ] --END-- [ RunTime:0.000000s ]
INFO: [ app_begin ] --START--
INFO: Run Behavior\ReadHtmlCacheBehavior [ RunTime:0.000000s ]
INFO: [ app_begin ] --END-- [ RunTime:0.000000s ]
SQL: SHOW COLUMNS FROM `auth_group_access` [ RunTime:0.0000s ]
SQL: SELECT `uid`,`group_id`,`title`,`rules` FROM auth_group_access a INNER JOIN auth_group g on a.group_id=g.id  WHERE ( a.uid='1' and g.status='1' )  [ RunTime:0.0000s ]
SQL: SHOW COLUMNS FROM `auth_rule` [ RunTime:0.0000s ]
SQL: SELECT `condition`,`name` FROM `auth_rule` WHERE `id` IN ('1','4','5','6','10','12','13','14','15','16','17','19','20','21','22','23','24','26','27','28','30','31','32','33','56','2','3','7','8','9','11','18','25','29','34','35','36','37','38','39','40','41','42','43','44','45','46','47','48','49','50','51','52','53','54','55') AND `type` = 1 AND `status` = 1  [ RunTime:0.0000s ]
INFO: [ view_parse ] --START--
INFO: [ template_filter ] --START--
INFO: Run Behavior\ContentReplaceBehavior [ RunTime:0.000000s ]
INFO: [ template_filter ] --END-- [ RunTime:0.000000s ]
INFO: Run Behavior\ParseTemplateBehavior [ RunTime:0.011000s ]
INFO: [ view_parse ] --END-- [ RunTime:0.011000s ]
INFO: [ view_filter ] --START--
INFO: Run Behavior\WriteHtmlCacheBehavior [ RunTime:0.000000s ]
INFO: [ view_filter ] --END-- [ RunTime:0.000000s ]

[ 2017-03-30T10:30:55+08:00 ] ::1 /OA/index.php/Department/FillDepartment/OA/Public/assets/js/bootstrap-datetimepicker/css/bootstrap-datetimepicker.min.css
INFO: [ app_init ] --START--
INFO: Run Behavior\BuildLiteBehavior [ RunTime:0.000000s ]
INFO: [ app_init ] --END-- [ RunTime:0.001000s ]
INFO: [ app_begin ] --START--
INFO: Run Behavior\ReadHtmlCacheBehavior [ RunTime:0.001001s ]
INFO: [ app_begin ] --END-- [ RunTime:0.001001s ]
SQL: SHOW COLUMNS FROM `auth_group_access` [ RunTime:0.0000s ]
SQL: SELECT `uid`,`group_id`,`title`,`rules` FROM auth_group_access a INNER JOIN auth_group g on a.group_id=g.id  WHERE ( a.uid='1' and g.status='1' )  [ RunTime:0.0000s ]
SQL: SHOW COLUMNS FROM `auth_rule` [ RunTime:0.0010s ]
SQL: SELECT `condition`,`name` FROM `auth_rule` WHERE `id` IN ('1','4','5','6','10','12','13','14','15','16','17','19','20','21','22','23','24','26','27','28','30','31','32','33','56','2','3','7','8','9','11','18','25','29','34','35','36','37','38','39','40','41','42','43','44','45','46','47','48','49','50','51','52','53','54','55') AND `type` = 1 AND `status` = 1  [ RunTime:0.0000s ]
INFO: [ view_parse ] --START--
INFO: [ template_filter ] --START--
INFO: Run Behavior\ContentReplaceBehavior [ RunTime:0.000000s ]
INFO: [ template_filter ] --END-- [ RunTime:0.000000s ]
INFO: Run Behavior\ParseTemplateBehavior [ RunTime:0.006000s ]
INFO: [ view_parse ] --END-- [ RunTime:0.006000s ]
INFO: [ view_filter ] --START--
INFO: Run Behavior\WriteHtmlCacheBehavior [ RunTime:0.001000s ]
INFO: [ view_filter ] --END-- [ RunTime:0.001000s ]

[ 2017-03-30T10:30:55+08:00 ] ::1 /OA/index.php/Department/DepartmentList/showDepartmentList
INFO: [ app_init ] --START--
INFO: Run Behavior\BuildLiteBehavior [ RunTime:0.000000s ]
INFO: [ app_init ] --END-- [ RunTime:0.001000s ]
INFO: [ app_begin ] --START--
INFO: Run Behavior\ReadHtmlCacheBehavior [ RunTime:0.001000s ]
INFO: [ app_begin ] --END-- [ RunTime:0.001000s ]
SQL: SHOW COLUMNS FROM `auth_group_access` [ RunTime:0.0000s ]
SQL: SELECT `uid`,`group_id`,`title`,`rules` FROM auth_group_access a INNER JOIN auth_group g on a.group_id=g.id  WHERE ( a.uid='1' and g.status='1' )  [ RunTime:0.0000s ]
SQL: SHOW COLUMNS FROM `auth_rule` [ RunTime:0.0000s ]
SQL: SELECT `condition`,`name` FROM `auth_rule` WHERE `id` IN ('1','4','5','6','10','12','13','14','15','16','17','19','20','21','22','23','24','26','27','28','30','31','32','33','56','2','3','7','8','9','11','18','25','29','34','35','36','37','38','39','40','41','42','43','44','45','46','47','48','49','50','51','52','53','54','55') AND `type` = 1 AND `status` = 1  [ RunTime:0.0000s ]
SQL: SHOW COLUMNS FROM `department` [ RunTime:0.0000s ]
SQL: SELECT COUNT(*) AS tp_count FROM `department` LIMIT 1   [ RunTime:0.0000s ]
SQL: SELECT * FROM `department` LIMIT 0,5   [ RunTime:0.0000s ]
SQL: SHOW COLUMNS FROM `employee` [ RunTime:0.0000s ]
SQL: SELECT COUNT(*) AS tp_count FROM `employee` WHERE `department_id` = 1 LIMIT 1   [ RunTime:0.0000s ]
SQL: SELECT COUNT(*) AS tp_count FROM `employee` WHERE `department_id` = 2 LIMIT 1   [ RunTime:0.0010s ]
SQL: SELECT COUNT(*) AS tp_count FROM `employee` WHERE `department_id` = 3 LIMIT 1   [ RunTime:0.0000s ]
SQL: SELECT COUNT(*) AS tp_count FROM `employee` WHERE `department_id` = 4 LIMIT 1   [ RunTime:0.0010s ]
SQL: SELECT COUNT(*) AS tp_count FROM `employee` WHERE `department_id` = 5 LIMIT 1   [ RunTime:0.0000s ]
INFO: [ view_parse ] --START--
INFO: [ template_filter ] --START--
INFO: Run Behavior\ContentReplaceBehavior [ RunTime:0.000000s ]
INFO: [ template_filter ] --END-- [ RunTime:0.000000s ]
NOTIC: [8] Undefined variable: dept C:\wamp64\www\OA\Application\Runtime\Cache\Department\55d0a788e1c01b1525bc4e1a679c0e45.php 第 396 行.
NOTIC: [8] Undefined variable: emp C:\wamp64\www\OA\Application\Runtime\Cache\Department\55d0a788e1c01b1525bc4e1a679c0e45.php 第 425 行.
NOTIC: [8] Undefined variable: emp C:\wamp64\www\OA\Application\Runtime\Cache\Department\55d0a788e1c01b1525bc4e1a679c0e45.php 第 429 行.
NOTIC: [8] Undefined variable: emp C:\wamp64\www\OA\Application\Runtime\Cache\Department\55d0a788e1c01b1525bc4e1a679c0e45.php 第 425 行.
NOTIC: [8] Undefined variable: emp C:\wamp64\www\OA\Application\Runtime\Cache\Department\55d0a788e1c01b1525bc4e1a679c0e45.php 第 429 行.
NOTIC: [8] Undefined variable: emp C:\wamp64\www\OA\Application\Runtime\Cache\Department\55d0a788e1c01b1525bc4e1a679c0e45.php 第 425 行.
NOTIC: [8] Undefined variable: emp C:\wamp64\www\OA\Application\Runtime\Cache\Department\55d0a788e1c01b1525bc4e1a679c0e45.php 第 429 行.
NOTIC: [8] Undefined variable: emp C:\wamp64\www\OA\Application\Runtime\Cache\Department\55d0a788e1c01b1525bc4e1a679c0e45.php 第 425 行.
NOTIC: [8] Undefined variable: emp C:\wamp64\www\OA\Application\Runtime\Cache\Department\55d0a788e1c01b1525bc4e1a679c0e45.php 第 429 行.
NOTIC: [8] Undefined variable: emp C:\wamp64\www\OA\Application\Runtime\Cache\Department\55d0a788e1c01b1525bc4e1a679c0e45.php 第 425 行.
NOTIC: [8] Undefined variable: emp C:\wamp64\www\OA\Application\Runtime\Cache\Department\55d0a788e1c01b1525bc4e1a679c0e45.php 第 429 行.
INFO: Run Behavior\ParseTemplateBehavior [ RunTime:0.011001s ]
INFO: [ view_parse ] --END-- [ RunTime:0.012001s ]
INFO: [ view_filter ] --START--
INFO: Run Behavior\WriteHtmlCacheBehavior [ RunTime:0.000000s ]
INFO: [ view_filter ] --END-- [ RunTime:0.001000s ]
INFO: [ app_end ] --START--
INFO: Run Behavior\ShowPageTraceBehavior [ RunTime:0.001000s ]
INFO: [ app_end ] --END-- [ RunTime:0.001000s ]

[ 2017-03-30T10:32:36+08:00 ] ::1 /OA/index.php/Department/DepartmentList/showDepartmentList
INFO: [ app_init ] --START--
INFO: Run Behavior\BuildLiteBehavior [ RunTime:0.001000s ]
INFO: [ app_init ] --END-- [ RunTime:0.001000s ]
INFO: [ app_begin ] --START--
INFO: Run Behavior\ReadHtmlCacheBehavior [ RunTime:0.001000s ]
INFO: [ app_begin ] --END-- [ RunTime:0.001000s ]
SQL: SHOW COLUMNS FROM `auth_group_access` [ RunTime:0.0000s ]
SQL: SELECT `uid`,`group_id`,`title`,`rules` FROM auth_group_access a INNER JOIN auth_group g on a.group_id=g.id  WHERE ( a.uid='1' and g.status='1' )  [ RunTime:0.0000s ]
SQL: SHOW COLUMNS FROM `auth_rule` [ RunTime:0.0000s ]
SQL: SELECT `condition`,`name` FROM `auth_rule` WHERE `id` IN ('1','4','5','6','10','12','13','14','15','16','17','19','20','21','22','23','24','26','27','28','30','31','32','33','56','2','3','7','8','9','11','18','25','29','34','35','36','37','38','39','40','41','42','43','44','45','46','47','48','49','50','51','52','53','54','55') AND `type` = 1 AND `status` = 1  [ RunTime:0.0010s ]
SQL: SHOW COLUMNS FROM `department` [ RunTime:0.0000s ]
SQL: SELECT COUNT(*) AS tp_count FROM `department` LIMIT 1   [ RunTime:0.0000s ]
SQL: SELECT * FROM `department` LIMIT 0,5   [ RunTime:0.0000s ]
SQL: SHOW COLUMNS FROM `employee` [ RunTime:0.0010s ]
SQL: SELECT COUNT(*) AS tp_count FROM `employee` WHERE `department_id` = 1 LIMIT 1   [ RunTime:0.0000s ]
SQL: SELECT COUNT(*) AS tp_count FROM `employee` WHERE `department_id` = 2 LIMIT 1   [ RunTime:0.0000s ]
SQL: SELECT COUNT(*) AS tp_count FROM `employee` WHERE `department_id` = 3 LIMIT 1   [ RunTime:0.0010s ]
SQL: SELECT COUNT(*) AS tp_count FROM `employee` WHERE `department_id` = 4 LIMIT 1   [ RunTime:0.0000s ]
SQL: SELECT COUNT(*) AS tp_count FROM `employee` WHERE `department_id` = 5 LIMIT 1   [ RunTime:0.0000s ]
INFO: [ view_parse ] --START--
INFO: [ template_filter ] --START--
INFO: Run Behavior\ContentReplaceBehavior [ RunTime:0.000000s ]
INFO: [ template_filter ] --END-- [ RunTime:0.000000s ]
NOTIC: [8] Undefined variable: dept C:\wamp64\www\OA\Application\Runtime\Cache\Department\55d0a788e1c01b1525bc4e1a679c0e45.php 第 396 行.
NOTIC: [8] Undefined variable: emp C:\wamp64\www\OA\Application\Runtime\Cache\Department\55d0a788e1c01b1525bc4e1a679c0e45.php 第 425 行.
NOTIC: [8] Undefined variable: emp C:\wamp64\www\OA\Application\Runtime\Cache\Department\55d0a788e1c01b1525bc4e1a679c0e45.php 第 429 行.
NOTIC: [8] Undefined variable: emp C:\wamp64\www\OA\Application\Runtime\Cache\Department\55d0a788e1c01b1525bc4e1a679c0e45.php 第 425 行.
NOTIC: [8] Undefined variable: emp C:\wamp64\www\OA\Application\Runtime\Cache\Department\55d0a788e1c01b1525bc4e1a679c0e45.php 第 429 行.
NOTIC: [8] Undefined variable: emp C:\wamp64\www\OA\Application\Runtime\Cache\Department\55d0a788e1c01b1525bc4e1a679c0e45.php 第 425 行.
NOTIC: [8] Undefined variable: emp C:\wamp64\www\OA\Application\Runtime\Cache\Department\55d0a788e1c01b1525bc4e1a679c0e45.php 第 429 行.
NOTIC: [8] Undefined variable: emp C:\wamp64\www\OA\Application\Runtime\Cache\Department\55d0a788e1c01b1525bc4e1a679c0e45.php 第 425 行.
NOTIC: [8] Undefined variable: emp C:\wamp64\www\OA\Application\Runtime\Cache\Department\55d0a788e1c01b1525bc4e1a679c0e45.php 第 429 行.
NOTIC: [8] Undefined variable: emp C:\wamp64\www\OA\Application\Runtime\Cache\Department\55d0a788e1c01b1525bc4e1a679c0e45.php 第 425 行.
NOTIC: [8] Undefined variable: emp C:\wamp64\www\OA\Application\Runtime\Cache\Department\55d0a788e1c01b1525bc4e1a679c0e45.php 第 429 行.
INFO: Run Behavior\ParseTemplateBehavior [ RunTime:0.012001s ]
INFO: [ view_parse ] --END-- [ RunTime:0.012001s ]
INFO: [ view_filter ] --START--
INFO: Run Behavior\WriteHtmlCacheBehavior [ RunTime:0.001000s ]
INFO: [ view_filter ] --END-- [ RunTime:0.001000s ]
INFO: [ app_end ] --START--
INFO: Run Behavior\ShowPageTraceBehavior [ RunTime:0.000000s ]
INFO: [ app_end ] --END-- [ RunTime:0.000000s ]

[ 2017-03-30T10:32:55+08:00 ] ::1 /OA/index.php/Department/DepartmentList/showDepartmentList
INFO: [ app_init ] --START--
INFO: Run Behavior\BuildLiteBehavior [ RunTime:0.000000s ]
INFO: [ app_init ] --END-- [ RunTime:0.000000s ]
INFO: [ app_begin ] --START--
INFO: Run Behavior\ReadHtmlCacheBehavior [ RunTime:0.001000s ]
INFO: [ app_begin ] --END-- [ RunTime:0.001000s ]
SQL: SHOW COLUMNS FROM `auth_group_access` [ RunTime:0.0010s ]
SQL: SELECT `uid`,`group_id`,`title`,`rules` FROM auth_group_access a INNER JOIN auth_group g on a.group_id=g.id  WHERE ( a.uid='1' and g.status='1' )  [ RunTime:0.0000s ]
SQL: SHOW COLUMNS FROM `auth_rule` [ RunTime:0.0000s ]
SQL: SELECT `condition`,`name` FROM `auth_rule` WHERE `id` IN ('1','4','5','6','10','12','13','14','15','16','17','19','20','21','22','23','24','26','27','28','30','31','32','33','56','2','3','7','8','9','11','18','25','29','34','35','36','37','38','39','40','41','42','43','44','45','46','47','48','49','50','51','52','53','54','55') AND `type` = 1 AND `status` = 1  [ RunTime:0.0000s ]
SQL: SHOW COLUMNS FROM `department` [ RunTime:0.0000s ]
SQL: SELECT COUNT(*) AS tp_count FROM `department` LIMIT 1   [ RunTime:0.0000s ]
SQL: SELECT * FROM `department` LIMIT 0,5   [ RunTime:0.0000s ]
SQL: SHOW COLUMNS FROM `employee` [ RunTime:0.0010s ]
SQL: SELECT COUNT(*) AS tp_count FROM `employee` WHERE `department_id` = 1 LIMIT 1   [ RunTime:0.0000s ]
SQL: SELECT COUNT(*) AS tp_count FROM `employee` WHERE `department_id` = 2 LIMIT 1   [ RunTime:0.0000s ]
SQL: SELECT COUNT(*) AS tp_count FROM `employee` WHERE `department_id` = 3 LIMIT 1   [ RunTime:0.0000s ]
SQL: SELECT COUNT(*) AS tp_count FROM `employee` WHERE `department_id` = 4 LIMIT 1   [ RunTime:0.0000s ]
SQL: SELECT COUNT(*) AS tp_count FROM `employee` WHERE `department_id` = 5 LIMIT 1   [ RunTime:0.0000s ]
INFO: [ view_parse ] --START--
INFO: [ template_filter ] --START--
INFO: Run Behavior\ContentReplaceBehavior [ RunTime:0.000000s ]
INFO: [ template_filter ] --END-- [ RunTime:0.001000s ]
NOTIC: [8] Undefined variable: dept C:\wamp64\www\OA\Application\Runtime\Cache\Department\55d0a788e1c01b1525bc4e1a679c0e45.php 第 396 行.
NOTIC: [8] Undefined variable: emp C:\wamp64\www\OA\Application\Runtime\Cache\Department\55d0a788e1c01b1525bc4e1a679c0e45.php 第 425 行.
NOTIC: [8] Undefined variable: emp C:\wamp64\www\OA\Application\Runtime\Cache\Department\55d0a788e1c01b1525bc4e1a679c0e45.php 第 429 行.
NOTIC: [8] Undefined variable: emp C:\wamp64\www\OA\Application\Runtime\Cache\Department\55d0a788e1c01b1525bc4e1a679c0e45.php 第 425 行.
NOTIC: [8] Undefined variable: emp C:\wamp64\www\OA\Application\Runtime\Cache\Department\55d0a788e1c01b1525bc4e1a679c0e45.php 第 429 行.
NOTIC: [8] Undefined variable: emp C:\wamp64\www\OA\Application\Runtime\Cache\Department\55d0a788e1c01b1525bc4e1a679c0e45.php 第 425 行.
NOTIC: [8] Undefined variable: emp C:\wamp64\www\OA\Application\Runtime\Cache\Department\55d0a788e1c01b1525bc4e1a679c0e45.php 第 429 行.
NOTIC: [8] Undefined variable: emp C:\wamp64\www\OA\Application\Runtime\Cache\Department\55d0a788e1c01b1525bc4e1a679c0e45.php 第 425 行.
NOTIC: [8] Undefined variable: emp C:\wamp64\www\OA\Application\Runtime\Cache\Department\55d0a788e1c01b1525bc4e1a679c0e45.php 第 429 行.
NOTIC: [8] Undefined variable: emp C:\wamp64\www\OA\Application\Runtime\Cache\Department\55d0a788e1c01b1525bc4e1a679c0e45.php 第 425 行.
NOTIC: [8] Undefined variable: emp C:\wamp64\www\OA\Application\Runtime\Cache\Department\55d0a788e1c01b1525bc4e1a679c0e45.php 第 429 行.
INFO: Run Behavior\ParseTemplateBehavior [ RunTime:0.011001s ]
INFO: [ view_parse ] --END-- [ RunTime:0.011001s ]
INFO: [ view_filter ] --START--
INFO: Run Behavior\WriteHtmlCacheBehavior [ RunTime:0.000000s ]
INFO: [ view_filter ] --END-- [ RunTime:0.000000s ]
INFO: [ app_end ] --START--
INFO: Run Behavior\ShowPageTraceBehavior [ RunTime:0.000000s ]
INFO: [ app_end ] --END-- [ RunTime:0.000000s ]

[ 2017-03-30T16:02:25+08:00 ] ::1 /OA/index.php/Department/DepartmentList/showDepartmentList
INFO: [ app_init ] --START--
INFO: Run Behavior\BuildLiteBehavior [ RunTime:0.000000s ]
INFO: [ app_init ] --END-- [ RunTime:0.002000s ]
INFO: [ app_begin ] --START--
INFO: Run Behavior\ReadHtmlCacheBehavior [ RunTime:0.001000s ]
INFO: [ app_begin ] --END-- [ RunTime:0.001000s ]
SQL: SHOW COLUMNS FROM `auth_group_access` [ RunTime:0.0010s ]
SQL: SELECT `uid`,`group_id`,`title`,`rules` FROM auth_group_access a INNER JOIN auth_group g on a.group_id=g.id  WHERE ( a.uid='1' and g.status='1' )  [ RunTime:0.0010s ]
SQL: SHOW COLUMNS FROM `auth_rule` [ RunTime:0.0010s ]
SQL: SELECT `condition`,`name` FROM `auth_rule` WHERE `id` IN ('1','4','5','6','10','12','13','14','15','16','17','19','20','21','22','23','24','26','27','28','30','31','32','33','56','2','3','7','8','9','11','18','25','29','34','35','36','37','38','39','40','41','42','43','44','45','46','47','48','49','50','51','52','53','54','55') AND `type` = 1 AND `status` = 1  [ RunTime:0.0000s ]
SQL: SHOW COLUMNS FROM `department` [ RunTime:0.0010s ]
SQL: SELECT COUNT(*) AS tp_count FROM `department` LIMIT 1   [ RunTime:0.0000s ]
SQL: SELECT * FROM `department` LIMIT 0,5   [ RunTime:0.0000s ]
SQL: SHOW COLUMNS FROM `employee` [ RunTime:0.0010s ]
SQL: SELECT COUNT(*) AS tp_count FROM `employee` WHERE `department_id` = 1 LIMIT 1   [ RunTime:0.0000s ]
SQL: SELECT COUNT(*) AS tp_count FROM `employee` WHERE `department_id` = 2 LIMIT 1   [ RunTime:0.0000s ]
SQL: SELECT COUNT(*) AS tp_count FROM `employee` WHERE `department_id` = 3 LIMIT 1   [ RunTime:0.0010s ]
SQL: SELECT COUNT(*) AS tp_count FROM `employee` WHERE `department_id` = 4 LIMIT 1   [ RunTime:0.0000s ]
SQL: SELECT COUNT(*) AS tp_count FROM `employee` WHERE `department_id` = 5 LIMIT 1   [ RunTime:0.0000s ]
INFO: [ view_parse ] --START--
INFO: [ template_filter ] --START--
INFO: Run Behavior\ContentReplaceBehavior [ RunTime:0.000000s ]
INFO: [ template_filter ] --END-- [ RunTime:0.000000s ]
NOTIC: [8] Undefined variable: dept C:\wamp64\www\OA\Application\Runtime\Cache\Department\55d0a788e1c01b1525bc4e1a679c0e45.php 第 396 行.
NOTIC: [8] Undefined variable: emp C:\wamp64\www\OA\Application\Runtime\Cache\Department\55d0a788e1c01b1525bc4e1a679c0e45.php 第 425 行.
NOTIC: [8] Undefined variable: emp C:\wamp64\www\OA\Application\Runtime\Cache\Department\55d0a788e1c01b1525bc4e1a679c0e45.php 第 429 行.
NOTIC: [8] Undefined variable: emp C:\wamp64\www\OA\Application\Runtime\Cache\Department\55d0a788e1c01b1525bc4e1a679c0e45.php 第 425 行.
NOTIC: [8] Undefined variable: emp C:\wamp64\www\OA\Application\Runtime\Cache\Department\55d0a788e1c01b1525bc4e1a679c0e45.php 第 429 行.
NOTIC: [8] Undefined variable: emp C:\wamp64\www\OA\Application\Runtime\Cache\Department\55d0a788e1c01b1525bc4e1a679c0e45.php 第 425 行.
NOTIC: [8] Undefined variable: emp C:\wamp64\www\OA\Application\Runtime\Cache\Department\55d0a788e1c01b1525bc4e1a679c0e45.php 第 429 行.
NOTIC: [8] Undefined variable: emp C:\wamp64\www\OA\Application\Runtime\Cache\Department\55d0a788e1c01b1525bc4e1a679c0e45.php 第 425 行.
NOTIC: [8] Undefined variable: emp C:\wamp64\www\OA\Application\Runtime\Cache\Department\55d0a788e1c01b1525bc4e1a679c0e45.php 第 429 行.
NOTIC: [8] Undefined variable: emp C:\wamp64\www\OA\Application\Runtime\Cache\Department\55d0a788e1c01b1525bc4e1a679c0e45.php 第 425 行.
NOTIC: [8] Undefined variable: emp C:\wamp64\www\OA\Application\Runtime\Cache\Department\55d0a788e1c01b1525bc4e1a679c0e45.php 第 429 行.
INFO: Run Behavior\ParseTemplateBehavior [ RunTime:0.016001s ]
INFO: [ view_parse ] --END-- [ RunTime:0.016001s ]
INFO: [ view_filter ] --START--
INFO: Run Behavior\WriteHtmlCacheBehavior [ RunTime:0.000000s ]
INFO: [ view_filter ] --END-- [ RunTime:0.001000s ]
INFO: [ app_end ] --START--
INFO: Run Behavior\ShowPageTraceBehavior [ RunTime:0.001000s ]
INFO: [ app_end ] --END-- [ RunTime:0.001000s ]

[ 2017-03-30T16:02:26+08:00 ] ::1 /OA/index.php/Department/FillDepartment/addDepartment
INFO: [ app_init ] --START--
INFO: Run Behavior\BuildLiteBehavior [ RunTime:0.000000s ]
INFO: [ app_init ] --END-- [ RunTime:0.000000s ]
INFO: [ app_begin ] --START--
INFO: Run Behavior\ReadHtmlCacheBehavior [ RunTime:0.001000s ]
INFO: [ app_begin ] --END-- [ RunTime:0.001000s ]
SQL: SHOW COLUMNS FROM `auth_group_access` [ RunTime:0.0010s ]
SQL: SELECT `uid`,`group_id`,`title`,`rules` FROM auth_group_access a INNER JOIN auth_group g on a.group_id=g.id  WHERE ( a.uid='1' and g.status='1' )  [ RunTime:0.0000s ]
SQL: SHOW COLUMNS FROM `auth_rule` [ RunTime:0.0000s ]
SQL: SELECT `condition`,`name` FROM `auth_rule` WHERE `id` IN ('1','4','5','6','10','12','13','14','15','16','17','19','20','21','22','23','24','26','27','28','30','31','32','33','56','2','3','7','8','9','11','18','25','29','34','35','36','37','38','39','40','41','42','43','44','45','46','47','48','49','50','51','52','53','54','55') AND `type` = 1 AND `status` = 1  [ RunTime:0.0010s ]
INFO: [ view_parse ] --START--
INFO: [ template_filter ] --START--
INFO: Run Behavior\ContentReplaceBehavior [ RunTime:0.001000s ]
INFO: [ template_filter ] --END-- [ RunTime:0.001000s ]
INFO: Run Behavior\ParseTemplateBehavior [ RunTime:0.013000s ]
INFO: [ view_parse ] --END-- [ RunTime:0.013000s ]
INFO: [ view_filter ] --START--
INFO: Run Behavior\WriteHtmlCacheBehavior [ RunTime:0.000000s ]
INFO: [ view_filter ] --END-- [ RunTime:0.000000s ]

[ 2017-03-30T16:02:26+08:00 ] ::1 /OA/index.php/Department/FillDepartment/OA/Public/assets/js/bootstrap-datetimepicker/css/bootstrap-datetimepicker.min.css
INFO: [ app_init ] --START--
INFO: Run Behavior\BuildLiteBehavior [ RunTime:0.000000s ]
INFO: [ app_init ] --END-- [ RunTime:0.000000s ]
INFO: [ app_begin ] --START--
INFO: Run Behavior\ReadHtmlCacheBehavior [ RunTime:0.001000s ]
INFO: [ app_begin ] --END-- [ RunTime:0.001000s ]
SQL: SHOW COLUMNS FROM `auth_group_access` [ RunTime:0.0010s ]
SQL: SELECT `uid`,`group_id`,`title`,`rules` FROM auth_group_access a INNER JOIN auth_group g on a.group_id=g.id  WHERE ( a.uid='1' and g.status='1' )  [ RunTime:0.0010s ]
SQL: SHOW COLUMNS FROM `auth_rule` [ RunTime:0.0000s ]
SQL: SELECT `condition`,`name` FROM `auth_rule` WHERE `id` IN ('1','4','5','6','10','12','13','14','15','16','17','19','20','21','22','23','24','26','27','28','30','31','32','33','56','2','3','7','8','9','11','18','25','29','34','35','36','37','38','39','40','41','42','43','44','45','46','47','48','49','50','51','52','53','54','55') AND `type` = 1 AND `status` = 1  [ RunTime:0.0000s ]
INFO: [ view_parse ] --START--
INFO: [ template_filter ] --START--
INFO: Run Behavior\ContentReplaceBehavior [ RunTime:0.000000s ]
INFO: [ template_filter ] --END-- [ RunTime:0.000000s ]
INFO: Run Behavior\ParseTemplateBehavior [ RunTime:0.006001s ]
INFO: [ view_parse ] --END-- [ RunTime:0.006001s ]
INFO: [ view_filter ] --START--
INFO: Run Behavior\WriteHtmlCacheBehavior [ RunTime:0.000000s ]
INFO: [ view_filter ] --END-- [ RunTime:0.000000s ]

[ 2017-03-30T16:26:36+08:00 ] ::1 /OA/index.php/Department/DepartmentList/showDepartmentList
INFO: [ app_init ] --START--
INFO: Run Behavior\BuildLiteBehavior [ RunTime:0.001000s ]
INFO: [ app_init ] --END-- [ RunTime:0.002000s ]
INFO: [ app_begin ] --START--
INFO: Run Behavior\ReadHtmlCacheBehavior [ RunTime:0.001001s ]
INFO: [ app_begin ] --END-- [ RunTime:0.002001s ]
SQL: SHOW COLUMNS FROM `auth_group_access` [ RunTime:0.0010s ]
SQL: SELECT `uid`,`group_id`,`title`,`rules` FROM auth_group_access a INNER JOIN auth_group g on a.group_id=g.id  WHERE ( a.uid='1' and g.status='1' )  [ RunTime:0.0010s ]
SQL: SHOW COLUMNS FROM `auth_rule` [ RunTime:0.0010s ]
SQL: SELECT `condition`,`name` FROM `auth_rule` WHERE `id` IN ('1','4','5','6','10','12','13','14','15','16','17','19','20','21','22','23','24','26','27','28','30','31','32','33','56','2','3','7','8','9','11','18','25','29','34','35','36','37','38','39','40','41','42','43','44','45','46','47','48','49','50','51','52','53','54','55') AND `type` = 1 AND `status` = 1  [ RunTime:0.0010s ]
SQL: SHOW COLUMNS FROM `department` [ RunTime:0.0010s ]
SQL: SELECT COUNT(*) AS tp_count FROM `department` LIMIT 1   [ RunTime:0.0000s ]
SQL: SELECT * FROM `department` LIMIT 0,5   [ RunTime:0.0000s ]
SQL: SHOW COLUMNS FROM `employee` [ RunTime:0.0000s ]
SQL: SELECT COUNT(*) AS tp_count FROM `employee` WHERE `department_id` = 1 LIMIT 1   [ RunTime:0.0000s ]
SQL: SELECT COUNT(*) AS tp_count FROM `employee` WHERE `department_id` = 2 LIMIT 1   [ RunTime:0.0000s ]
SQL: SELECT COUNT(*) AS tp_count FROM `employee` WHERE `department_id` = 3 LIMIT 1   [ RunTime:0.0000s ]
SQL: SELECT COUNT(*) AS tp_count FROM `employee` WHERE `department_id` = 4 LIMIT 1   [ RunTime:0.0000s ]
SQL: SELECT COUNT(*) AS tp_count FROM `employee` WHERE `department_id` = 5 LIMIT 1   [ RunTime:0.0000s ]
INFO: [ view_parse ] --START--
INFO: [ template_filter ] --START--
INFO: Run Behavior\ContentReplaceBehavior [ RunTime:0.001000s ]
INFO: [ template_filter ] --END-- [ RunTime:0.001000s ]
NOTIC: [8] Undefined variable: dept C:\wamp64\www\OA\Application\Runtime\Cache\Department\55d0a788e1c01b1525bc4e1a679c0e45.php 第 396 行.
NOTIC: [8] Undefined variable: emp C:\wamp64\www\OA\Application\Runtime\Cache\Department\55d0a788e1c01b1525bc4e1a679c0e45.php 第 425 行.
NOTIC: [8] Undefined variable: emp C:\wamp64\www\OA\Application\Runtime\Cache\Department\55d0a788e1c01b1525bc4e1a679c0e45.php 第 429 行.
NOTIC: [8] Undefined variable: emp C:\wamp64\www\OA\Application\Runtime\Cache\Department\55d0a788e1c01b1525bc4e1a679c0e45.php 第 425 行.
NOTIC: [8] Undefined variable: emp C:\wamp64\www\OA\Application\Runtime\Cache\Department\55d0a788e1c01b1525bc4e1a679c0e45.php 第 429 行.
NOTIC: [8] Undefined variable: emp C:\wamp64\www\OA\Application\Runtime\Cache\Department\55d0a788e1c01b1525bc4e1a679c0e45.php 第 425 行.
NOTIC: [8] Undefined variable: emp C:\wamp64\www\OA\Application\Runtime\Cache\Department\55d0a788e1c01b1525bc4e1a679c0e45.php 第 429 行.
NOTIC: [8] Undefined variable: emp C:\wamp64\www\OA\Application\Runtime\Cache\Department\55d0a788e1c01b1525bc4e1a679c0e45.php 第 425 行.
NOTIC: [8] Undefined variable: emp C:\wamp64\www\OA\Application\Runtime\Cache\Department\55d0a788e1c01b1525bc4e1a679c0e45.php 第 429 行.
NOTIC: [8] Undefined variable: emp C:\wamp64\www\OA\Application\Runtime\Cache\Department\55d0a788e1c01b1525bc4e1a679c0e45.php 第 425 行.
NOTIC: [8] Undefined variable: emp C:\wamp64\www\OA\Application\Runtime\Cache\Department\55d0a788e1c01b1525bc4e1a679c0e45.php 第 429 行.
INFO: Run Behavior\ParseTemplateBehavior [ RunTime:0.018001s ]
INFO: [ view_parse ] --END-- [ RunTime:0.018001s ]
INFO: [ view_filter ] --START--
INFO: Run Behavior\WriteHtmlCacheBehavior [ RunTime:0.000000s ]
INFO: [ view_filter ] --END-- [ RunTime:0.000000s ]
INFO: [ app_end ] --START--
INFO: Run Behavior\ShowPageTraceBehavior [ RunTime:0.000000s ]
INFO: [ app_end ] --END-- [ RunTime:0.000000s ]

[ 2017-03-30T16:26:39+08:00 ] ::1 /OA/index.php/Department/FillDepartment/addDepartment
INFO: [ app_init ] --START--
INFO: Run Behavior\BuildLiteBehavior [ RunTime:0.000000s ]
INFO: [ app_init ] --END-- [ RunTime:0.001000s ]
INFO: [ app_begin ] --START--
INFO: Run Behavior\ReadHtmlCacheBehavior [ RunTime:0.001000s ]
INFO: [ app_begin ] --END-- [ RunTime:0.001000s ]
SQL: SHOW COLUMNS FROM `auth_group_access` [ RunTime:0.0000s ]
SQL: SELECT `uid`,`group_id`,`title`,`rules` FROM auth_group_access a INNER JOIN auth_group g on a.group_id=g.id  WHERE ( a.uid='1' and g.status='1' )  [ RunTime:0.0000s ]
SQL: SHOW COLUMNS FROM `auth_rule` [ RunTime:0.0000s ]
SQL: SELECT `condition`,`name` FROM `auth_rule` WHERE `id` IN ('1','4','5','6','10','12','13','14','15','16','17','19','20','21','22','23','24','26','27','28','30','31','32','33','56','2','3','7','8','9','11','18','25','29','34','35','36','37','38','39','40','41','42','43','44','45','46','47','48','49','50','51','52','53','54','55') AND `type` = 1 AND `status` = 1  [ RunTime:0.0000s ]
INFO: [ view_parse ] --START--
INFO: [ template_filter ] --START--
INFO: Run Behavior\ContentReplaceBehavior [ RunTime:0.001000s ]
INFO: [ template_filter ] --END-- [ RunTime:0.001000s ]
INFO: Run Behavior\ParseTemplateBehavior [ RunTime:0.011000s ]
INFO: [ view_parse ] --END-- [ RunTime:0.011000s ]
INFO: [ view_filter ] --START--
INFO: Run Behavior\WriteHtmlCacheBehavior [ RunTime:0.000000s ]
INFO: [ view_filter ] --END-- [ RunTime:0.001000s ]

[ 2017-03-30T16:26:39+08:00 ] ::1 /OA/index.php/Department/FillDepartment/OA/Public/assets/js/bootstrap-datetimepicker/css/bootstrap-datetimepicker.min.css
INFO: [ app_init ] --START--
INFO: Run Behavior\BuildLiteBehavior [ RunTime:0.000000s ]
INFO: [ app_init ] --END-- [ RunTime:0.000000s ]
INFO: [ app_begin ] --START--
INFO: Run Behavior\ReadHtmlCacheBehavior [ RunTime:0.001000s ]
INFO: [ app_begin ] --END-- [ RunTime:0.003000s ]
SQL: SHOW COLUMNS FROM `auth_group_access` [ RunTime:0.0010s ]
SQL: SELECT `uid`,`group_id`,`title`,`rules` FROM auth_group_access a INNER JOIN auth_group g on a.group_id=g.id  WHERE ( a.uid='1' and g.status='1' )  [ RunTime:0.0000s ]
SQL: SHOW COLUMNS FROM `auth_rule` [ RunTime:0.0000s ]
SQL: SELECT `condition`,`name` FROM `auth_rule` WHERE `id` IN ('1','4','5','6','10','12','13','14','15','16','17','19','20','21','22','23','24','26','27','28','30','31','32','33','56','2','3','7','8','9','11','18','25','29','34','35','36','37','38','39','40','41','42','43','44','45','46','47','48','49','50','51','52','53','54','55') AND `type` = 1 AND `status` = 1  [ RunTime:0.0010s ]
INFO: [ view_parse ] --START--
INFO: [ template_filter ] --START--
INFO: Run Behavior\ContentReplaceBehavior [ RunTime:0.000000s ]
INFO: [ template_filter ] --END-- [ RunTime:0.000000s ]
INFO: Run Behavior\ParseTemplateBehavior [ RunTime:0.005000s ]
INFO: [ view_parse ] --END-- [ RunTime:0.005000s ]
INFO: [ view_filter ] --START--
INFO: Run Behavior\WriteHtmlCacheBehavior [ RunTime:0.001000s ]
INFO: [ view_filter ] --END-- [ RunTime:0.001000s ]

[ 2017-03-30T16:26:39+08:00 ] ::1 /OA/index.php/Department/DepartmentList/showDepartmentList
INFO: [ app_init ] --START--
INFO: Run Behavior\BuildLiteBehavior [ RunTime:0.000000s ]
INFO: [ app_init ] --END-- [ RunTime:0.001000s ]
INFO: [ app_begin ] --START--
INFO: Run Behavior\ReadHtmlCacheBehavior [ RunTime:0.001000s ]
INFO: [ app_begin ] --END-- [ RunTime:0.001000s ]
SQL: SHOW COLUMNS FROM `auth_group_access` [ RunTime:0.0000s ]
SQL: SELECT `uid`,`group_id`,`title`,`rules` FROM auth_group_access a INNER JOIN auth_group g on a.group_id=g.id  WHERE ( a.uid='1' and g.status='1' )  [ RunTime:0.0000s ]
SQL: SHOW COLUMNS FROM `auth_rule` [ RunTime:0.0010s ]
SQL: SELECT `condition`,`name` FROM `auth_rule` WHERE `id` IN ('1','4','5','6','10','12','13','14','15','16','17','19','20','21','22','23','24','26','27','28','30','31','32','33','56','2','3','7','8','9','11','18','25','29','34','35','36','37','38','39','40','41','42','43','44','45','46','47','48','49','50','51','52','53','54','55') AND `type` = 1 AND `status` = 1  [ RunTime:0.0000s ]
SQL: SHOW COLUMNS FROM `department` [ RunTime:0.0000s ]
SQL: SELECT COUNT(*) AS tp_count FROM `department` LIMIT 1   [ RunTime:0.0000s ]
SQL: SELECT * FROM `department` LIMIT 0,5   [ RunTime:0.0000s ]
SQL: SHOW COLUMNS FROM `employee` [ RunTime:0.0000s ]
SQL: SELECT COUNT(*) AS tp_count FROM `employee` WHERE `department_id` = 1 LIMIT 1   [ RunTime:0.0000s ]
SQL: SELECT COUNT(*) AS tp_count FROM `employee` WHERE `department_id` = 2 LIMIT 1   [ RunTime:0.0010s ]
SQL: SELECT COUNT(*) AS tp_count FROM `employee` WHERE `department_id` = 3 LIMIT 1   [ RunTime:0.0000s ]
SQL: SELECT COUNT(*) AS tp_count FROM `employee` WHERE `department_id` = 4 LIMIT 1   [ RunTime:0.0010s ]
SQL: SELECT COUNT(*) AS tp_count FROM `employee` WHERE `department_id` = 5 LIMIT 1   [ RunTime:0.0000s ]
INFO: [ view_parse ] --START--
INFO: [ template_filter ] --START--
INFO: Run Behavior\ContentReplaceBehavior [ RunTime:0.000000s ]
INFO: [ template_filter ] --END-- [ RunTime:0.001000s ]
NOTIC: [8] Undefined variable: dept C:\wamp64\www\OA\Application\Runtime\Cache\Department\55d0a788e1c01b1525bc4e1a679c0e45.php 第 396 行.
NOTIC: [8] Undefined variable: emp C:\wamp64\www\OA\Application\Runtime\Cache\Department\55d0a788e1c01b1525bc4e1a679c0e45.php 第 425 行.
NOTIC: [8] Undefined variable: emp C:\wamp64\www\OA\Application\Runtime\Cache\Department\55d0a788e1c01b1525bc4e1a679c0e45.php 第 429 行.
NOTIC: [8] Undefined variable: emp C:\wamp64\www\OA\Application\Runtime\Cache\Department\55d0a788e1c01b1525bc4e1a679c0e45.php 第 425 行.
NOTIC: [8] Undefined variable: emp C:\wamp64\www\OA\Application\Runtime\Cache\Department\55d0a788e1c01b1525bc4e1a679c0e45.php 第 429 行.
NOTIC: [8] Undefined variable: emp C:\wamp64\www\OA\Application\Runtime\Cache\Department\55d0a788e1c01b1525bc4e1a679c0e45.php 第 425 行.
NOTIC: [8] Undefined variable: emp C:\wamp64\www\OA\Application\Runtime\Cache\Department\55d0a788e1c01b1525bc4e1a679c0e45.php 第 429 行.
NOTIC: [8] Undefined variable: emp C:\wamp64\www\OA\Application\Runtime\Cache\Department\55d0a788e1c01b1525bc4e1a679c0e45.php 第 425 行.
NOTIC: [8] Undefined variable: emp C:\wamp64\www\OA\Application\Runtime\Cache\Department\55d0a788e1c01b1525bc4e1a679c0e45.php 第 429 行.
NOTIC: [8] Undefined variable: emp C:\wamp64\www\OA\Application\Runtime\Cache\Department\55d0a788e1c01b1525bc4e1a679c0e45.php 第 425 行.
NOTIC: [8] Undefined variable: emp C:\wamp64\www\OA\Application\Runtime\Cache\Department\55d0a788e1c01b1525bc4e1a679c0e45.php 第 429 行.
INFO: Run Behavior\ParseTemplateBehavior [ RunTime:0.012001s ]
INFO: [ view_parse ] --END-- [ RunTime:0.013001s ]
INFO: [ view_filter ] --START--
INFO: Run Behavior\WriteHtmlCacheBehavior [ RunTime:0.000000s ]
INFO: [ view_filter ] --END-- [ RunTime:0.000000s ]
INFO: [ app_end ] --START--
INFO: Run Behavior\ShowPageTraceBehavior [ RunTime:0.000000s ]
INFO: [ app_end ] --END-- [ RunTime:0.000000s ]

[ 2017-03-30T16:27:17+08:00 ] ::1 /OA/index.php/Department/DepartmentList/showDepartmentList/p/3.html
INFO: [ app_init ] --START--
INFO: Run Behavior\BuildLiteBehavior [ RunTime:0.000000s ]
INFO: [ app_init ] --END-- [ RunTime:0.000000s ]
INFO: [ app_begin ] --START--
INFO: Run Behavior\ReadHtmlCacheBehavior [ RunTime:0.001000s ]
INFO: [ app_begin ] --END-- [ RunTime:0.001000s ]
SQL: SHOW COLUMNS FROM `auth_group_access` [ RunTime:0.0010s ]
SQL: SELECT `uid`,`group_id`,`title`,`rules` FROM auth_group_access a INNER JOIN auth_group g on a.group_id=g.id  WHERE ( a.uid='1' and g.status='1' )  [ RunTime:0.0010s ]
SQL: SHOW COLUMNS FROM `auth_rule` [ RunTime:0.0010s ]
SQL: SELECT `condition`,`name` FROM `auth_rule` WHERE `id` IN ('1','4','5','6','10','12','13','14','15','16','17','19','20','21','22','23','24','26','27','28','30','31','32','33','56','2','3','7','8','9','11','18','25','29','34','35','36','37','38','39','40','41','42','43','44','45','46','47','48','49','50','51','52','53','54','55') AND `type` = 1 AND `status` = 1  [ RunTime:0.0000s ]
SQL: SHOW COLUMNS FROM `department` [ RunTime:0.0000s ]
SQL: SELECT COUNT(*) AS tp_count FROM `department` LIMIT 1   [ RunTime:0.0000s ]
SQL: SELECT * FROM `department` LIMIT 10,5   [ RunTime:0.0000s ]
SQL: SHOW COLUMNS FROM `employee` [ RunTime:0.0010s ]
SQL: SELECT COUNT(*) AS tp_count FROM `employee` WHERE `department_id` = 16 LIMIT 1   [ RunTime:0.0000s ]
SQL: SELECT COUNT(*) AS tp_count FROM `employee` WHERE `department_id` = 19 LIMIT 1   [ RunTime:0.0000s ]
SQL: SELECT COUNT(*) AS tp_count FROM `employee` WHERE `department_id` = 18 LIMIT 1   [ RunTime:0.0000s ]
SQL: SELECT COUNT(*) AS tp_count FROM `employee` WHERE `department_id` = 15 LIMIT 1   [ RunTime:0.0000s ]
SQL: SELECT COUNT(*) AS tp_count FROM `employee` WHERE `department_id` = 20 LIMIT 1   [ RunTime:0.0000s ]
INFO: [ view_parse ] --START--
INFO: [ template_filter ] --START--
INFO: Run Behavior\ContentReplaceBehavior [ RunTime:0.000000s ]
INFO: [ template_filter ] --END-- [ RunTime:0.000000s ]
NOTIC: [8] Undefined variable: dept C:\wamp64\www\OA\Application\Runtime\Cache\Department\55d0a788e1c01b1525bc4e1a679c0e45.php 第 396 行.
NOTIC: [8] Undefined variable: emp C:\wamp64\www\OA\Application\Runtime\Cache\Department\55d0a788e1c01b1525bc4e1a679c0e45.php 第 425 行.
NOTIC: [8] Undefined variable: emp C:\wamp64\www\OA\Application\Runtime\Cache\Department\55d0a788e1c01b1525bc4e1a679c0e45.php 第 429 行.
NOTIC: [8] Undefined variable: emp C:\wamp64\www\OA\Application\Runtime\Cache\Department\55d0a788e1c01b1525bc4e1a679c0e45.php 第 425 行.
NOTIC: [8] Undefined variable: emp C:\wamp64\www\OA\Application\Runtime\Cache\Department\55d0a788e1c01b1525bc4e1a679c0e45.php 第 429 行.
NOTIC: [8] Undefined variable: emp C:\wamp64\www\OA\Application\Runtime\Cache\Department\55d0a788e1c01b1525bc4e1a679c0e45.php 第 425 行.
NOTIC: [8] Undefined variable: emp C:\wamp64\www\OA\Application\Runtime\Cache\Department\55d0a788e1c01b1525bc4e1a679c0e45.php 第 429 行.
NOTIC: [8] Undefined variable: emp C:\wamp64\www\OA\Application\Runtime\Cache\Department\55d0a788e1c01b1525bc4e1a679c0e45.php 第 425 行.
NOTIC: [8] Undefined variable: emp C:\wamp64\www\OA\Application\Runtime\Cache\Department\55d0a788e1c01b1525bc4e1a679c0e45.php 第 429 行.
NOTIC: [8] Undefined variable: emp C:\wamp64\www\OA\Application\Runtime\Cache\Department\55d0a788e1c01b1525bc4e1a679c0e45.php 第 425 行.
NOTIC: [8] Undefined variable: emp C:\wamp64\www\OA\Application\Runtime\Cache\Department\55d0a788e1c01b1525bc4e1a679c0e45.php 第 429 行.
INFO: Run Behavior\ParseTemplateBehavior [ RunTime:0.012000s ]
INFO: [ view_parse ] --END-- [ RunTime:0.013000s ]
INFO: [ view_filter ] --START--
INFO: Run Behavior\WriteHtmlCacheBehavior [ RunTime:0.000000s ]
INFO: [ view_filter ] --END-- [ RunTime:0.000000s ]
INFO: [ app_end ] --START--
INFO: Run Behavior\ShowPageTraceBehavior [ RunTime:0.000000s ]
INFO: [ app_end ] --END-- [ RunTime:0.000000s ]

[ 2017-03-30T16:27:22+08:00 ] ::1 /OA/index.php/Department/DepartmentList/deleteDepartment?department_id=
INFO: [ app_init ] --START--
INFO: Run Behavior\BuildLiteBehavior [ RunTime:0.000000s ]
INFO: [ app_init ] --END-- [ RunTime:0.001000s ]
INFO: [ app_begin ] --START--
INFO: Run Behavior\ReadHtmlCacheBehavior [ RunTime:0.001000s ]
INFO: [ app_begin ] --END-- [ RunTime:0.001000s ]
SQL: SHOW COLUMNS FROM `auth_group_access` [ RunTime:0.0010s ]
SQL: SELECT `uid`,`group_id`,`title`,`rules` FROM auth_group_access a INNER JOIN auth_group g on a.group_id=g.id  WHERE ( a.uid='1' and g.status='1' )  [ RunTime:0.0010s ]
SQL: SHOW COLUMNS FROM `auth_rule` [ RunTime:0.0010s ]
SQL: SELECT `condition`,`name` FROM `auth_rule` WHERE `id` IN ('1','4','5','6','10','12','13','14','15','16','17','19','20','21','22','23','24','26','27','28','30','31','32','33','56','2','3','7','8','9','11','18','25','29','34','35','36','37','38','39','40','41','42','43','44','45','46','47','48','49','50','51','52','53','54','55') AND `type` = 1 AND `status` = 1  [ RunTime:0.0000s ]
SQL: SHOW COLUMNS FROM `department` [ RunTime:0.0010s ]
SQL: DELETE FROM `department` WHERE `department_id` = 0 [ RunTime:0.0010s ]
INFO: [ view_parse ] --START--
INFO: [ template_filter ] --START--
INFO: Run Behavior\ContentReplaceBehavior [ RunTime:0.000000s ]
INFO: [ template_filter ] --END-- [ RunTime:0.000000s ]
INFO: Run Behavior\ParseTemplateBehavior [ RunTime:0.005000s ]
INFO: [ view_parse ] --END-- [ RunTime:0.005000s ]
INFO: [ view_filter ] --START--
INFO: Run Behavior\WriteHtmlCacheBehavior [ RunTime:0.001000s ]
INFO: [ view_filter ] --END-- [ RunTime:0.001000s ]

[ 2017-03-30T16:27:28+08:00 ] ::1 /OA/index.php/Department/DepartmentList/deleteDepartment?department_id=
INFO: [ app_init ] --START--
INFO: Run Behavior\BuildLiteBehavior [ RunTime:0.000000s ]
INFO: [ app_init ] --END-- [ RunTime:0.000000s ]
INFO: [ app_begin ] --START--
INFO: Run Behavior\ReadHtmlCacheBehavior [ RunTime:0.000000s ]
INFO: [ app_begin ] --END-- [ RunTime:0.001000s ]
SQL: SHOW COLUMNS FROM `auth_group_access` [ RunTime:0.0000s ]
SQL: SELECT `uid`,`group_id`,`title`,`rules` FROM auth_group_access a INNER JOIN auth_group g on a.group_id=g.id  WHERE ( a.uid='1' and g.status='1' )  [ RunTime:0.0000s ]
SQL: SHOW COLUMNS FROM `auth_rule` [ RunTime:0.0000s ]
SQL: SELECT `condition`,`name` FROM `auth_rule` WHERE `id` IN ('1','4','5','6','10','12','13','14','15','16','17','19','20','21','22','23','24','26','27','28','30','31','32','33','56','2','3','7','8','9','11','18','25','29','34','35','36','37','38','39','40','41','42','43','44','45','46','47','48','49','50','51','52','53','54','55') AND `type` = 1 AND `status` = 1  [ RunTime:0.0000s ]
SQL: SHOW COLUMNS FROM `department` [ RunTime:0.0010s ]
SQL: DELETE FROM `department` WHERE `department_id` = 0 [ RunTime:0.0000s ]
INFO: [ view_parse ] --START--
INFO: [ template_filter ] --START--
INFO: Run Behavior\ContentReplaceBehavior [ RunTime:0.000000s ]
INFO: [ template_filter ] --END-- [ RunTime:0.001000s ]
INFO: Run Behavior\ParseTemplateBehavior [ RunTime:0.007000s ]
INFO: [ view_parse ] --END-- [ RunTime:0.007000s ]
INFO: [ view_filter ] --START--
INFO: Run Behavior\WriteHtmlCacheBehavior [ RunTime:0.000000s ]
INFO: [ view_filter ] --END-- [ RunTime:0.000000s ]

