[ 2017-03-17T17:54:28+08:00 ] ::1 /OA/index.php/Department/List/showList
INFO: [ app_init ] --START--
INFO: Run Behavior\BuildLiteBehavior [ RunTime:0.000000s ]
INFO: [ app_init ] --END-- [ RunTime:0.001000s ]
INFO: [ app_begin ] --START--
INFO: Run Behavior\ReadHtmlCacheBehavior [ RunTime:0.001000s ]
INFO: [ app_begin ] --END-- [ RunTime:0.001000s ]
SQL: SHOW COLUMNS FROM `department` [ RunTime:0.0010s ]
SQL: SELECT * FROM `department`  [ RunTime:0.0000s ]
INFO: [ view_parse ] --START--
INFO: [ template_filter ] --START--
INFO: Run Behavior\ContentReplaceBehavior [ RunTime:0.000000s ]
INFO: [ template_filter ] --END-- [ RunTime:0.000000s ]
NOTIC: [8] Undefined index: department C:\wamp64\www\OA\Application\Runtime\Cache\Department\5c845b9bb6d46ccd9a162bd9cbb79eef.php 第 310 行.
NOTIC: [8] Undefined index: department C:\wamp64\www\OA\Application\Runtime\Cache\Department\5c845b9bb6d46ccd9a162bd9cbb79eef.php 第 310 行.
NOTIC: [8] Undefined index: department C:\wamp64\www\OA\Application\Runtime\Cache\Department\5c845b9bb6d46ccd9a162bd9cbb79eef.php 第 310 行.
NOTIC: [8] Undefined index: department C:\wamp64\www\OA\Application\Runtime\Cache\Department\5c845b9bb6d46ccd9a162bd9cbb79eef.php 第 310 行.
NOTIC: [8] Undefined index: department C:\wamp64\www\OA\Application\Runtime\Cache\Department\5c845b9bb6d46ccd9a162bd9cbb79eef.php 第 310 行.
NOTIC: [8] Undefined index: department C:\wamp64\www\OA\Application\Runtime\Cache\Department\5c845b9bb6d46ccd9a162bd9cbb79eef.php 第 310 行.
NOTIC: [8] Undefined index: department C:\wamp64\www\OA\Application\Runtime\Cache\Department\5c845b9bb6d46ccd9a162bd9cbb79eef.php 第 310 行.
NOTIC: [8] Undefined index: department C:\wamp64\www\OA\Application\Runtime\Cache\Department\5c845b9bb6d46ccd9a162bd9cbb79eef.php 第 310 行.
NOTIC: [8] Undefined index: department C:\wamp64\www\OA\Application\Runtime\Cache\Department\5c845b9bb6d46ccd9a162bd9cbb79eef.php 第 310 行.
NOTIC: [8] Undefined index: department C:\wamp64\www\OA\Application\Runtime\Cache\Department\5c845b9bb6d46ccd9a162bd9cbb79eef.php 第 310 行.
NOTIC: [8] Undefined index: department C:\wamp64\www\OA\Application\Runtime\Cache\Department\5c845b9bb6d46ccd9a162bd9cbb79eef.php 第 310 行.
NOTIC: [8] Undefined index: department C:\wamp64\www\OA\Application\Runtime\Cache\Department\5c845b9bb6d46ccd9a162bd9cbb79eef.php 第 310 行.
INFO: Run Behavior\ParseTemplateBehavior [ RunTime:0.012000s ]
INFO: [ view_parse ] --END-- [ RunTime:0.012000s ]
INFO: [ view_filter ] --START--
INFO: Run Behavior\WriteHtmlCacheBehavior [ RunTime:0.000000s ]
INFO: [ view_filter ] --END-- [ RunTime:0.000000s ]
INFO: [ app_end ] --START--
INFO: Run Behavior\ShowPageTraceBehavior [ RunTime:0.000000s ]
INFO: [ app_end ] --END-- [ RunTime:0.001000s ]

[ 2017-03-17T17:54:33+08:00 ] ::1 /OA/index.php/Department/FillInfo/addDepartment
INFO: [ app_init ] --START--
INFO: Run Behavior\BuildLiteBehavior [ RunTime:0.000000s ]
INFO: [ app_init ] --END-- [ RunTime:0.001000s ]
INFO: [ app_begin ] --START--
INFO: Run Behavior\ReadHtmlCacheBehavior [ RunTime:0.001000s ]
INFO: [ app_begin ] --END-- [ RunTime:0.001000s ]
INFO: [ view_parse ] --START--
INFO: [ template_filter ] --START--
INFO: Run Behavior\ContentReplaceBehavior [ RunTime:0.001000s ]
INFO: [ template_filter ] --END-- [ RunTime:0.001000s ]
INFO: Run Behavior\ParseTemplateBehavior [ RunTime:0.017001s ]
INFO: [ view_parse ] --END-- [ RunTime:0.017001s ]
INFO: [ view_filter ] --START--
INFO: Run Behavior\WriteHtmlCacheBehavior [ RunTime:0.000000s ]
INFO: [ view_filter ] --END-- [ RunTime:0.000000s ]

[ 2017-03-17T17:54:33+08:00 ] ::1 /OA/index.php/Department/FillInfo/OA/Public/assets/js/bootstrap-datetimepicker/css/bootstrap-datetimepicker.min.css
INFO: [ app_init ] --START--
INFO: Run Behavior\BuildLiteBehavior [ RunTime:0.000000s ]
INFO: [ app_init ] --END-- [ RunTime:0.000000s ]
INFO: [ app_begin ] --START--
INFO: Run Behavior\ReadHtmlCacheBehavior [ RunTime:0.001000s ]
INFO: [ app_begin ] --END-- [ RunTime:0.001000s ]
ERR: 非法操作:OA

[ 2017-03-17T17:54:34+08:00 ] ::1 /OA/index.php/Department/FillInfo/OA/Public/assets/js/bootstrap-datetimepicker/css/bootstrap-datetimepicker.min.css
INFO: [ app_init ] --START--
INFO: Run Behavior\BuildLiteBehavior [ RunTime:0.000000s ]
INFO: [ app_init ] --END-- [ RunTime:0.001000s ]
INFO: [ app_begin ] --START--
INFO: Run Behavior\ReadHtmlCacheBehavior [ RunTime:0.001000s ]
INFO: [ app_begin ] --END-- [ RunTime:0.001000s ]
ERR: 非法操作:OA

[ 2017-03-17T17:54:35+08:00 ] ::1 /OA/index.php/Department/List/showList
INFO: [ app_init ] --START--
INFO: Run Behavior\BuildLiteBehavior [ RunTime:0.000000s ]
INFO: [ app_init ] --END-- [ RunTime:0.001000s ]
INFO: [ app_begin ] --START--
INFO: Run Behavior\ReadHtmlCacheBehavior [ RunTime:0.001000s ]
INFO: [ app_begin ] --END-- [ RunTime:0.002000s ]
SQL: SHOW COLUMNS FROM `department` [ RunTime:0.0010s ]
SQL: SELECT * FROM `department`  [ RunTime:0.0000s ]
INFO: [ view_parse ] --START--
INFO: [ template_filter ] --START--
INFO: Run Behavior\ContentReplaceBehavior [ RunTime:0.000000s ]
INFO: [ template_filter ] --END-- [ RunTime:0.001000s ]
NOTIC: [8] Undefined index: department C:\wamp64\www\OA\Application\Runtime\Cache\Department\5c845b9bb6d46ccd9a162bd9cbb79eef.php 第 310 行.
NOTIC: [8] Undefined index: department C:\wamp64\www\OA\Application\Runtime\Cache\Department\5c845b9bb6d46ccd9a162bd9cbb79eef.php 第 310 行.
NOTIC: [8] Undefined index: department C:\wamp64\www\OA\Application\Runtime\Cache\Department\5c845b9bb6d46ccd9a162bd9cbb79eef.php 第 310 行.
NOTIC: [8] Undefined index: department C:\wamp64\www\OA\Application\Runtime\Cache\Department\5c845b9bb6d46ccd9a162bd9cbb79eef.php 第 310 行.
NOTIC: [8] Undefined index: department C:\wamp64\www\OA\Application\Runtime\Cache\Department\5c845b9bb6d46ccd9a162bd9cbb79eef.php 第 310 行.
NOTIC: [8] Undefined index: department C:\wamp64\www\OA\Application\Runtime\Cache\Department\5c845b9bb6d46ccd9a162bd9cbb79eef.php 第 310 行.
NOTIC: [8] Undefined index: department C:\wamp64\www\OA\Application\Runtime\Cache\Department\5c845b9bb6d46ccd9a162bd9cbb79eef.php 第 310 行.
NOTIC: [8] Undefined index: department C:\wamp64\www\OA\Application\Runtime\Cache\Department\5c845b9bb6d46ccd9a162bd9cbb79eef.php 第 310 行.
NOTIC: [8] Undefined index: department C:\wamp64\www\OA\Application\Runtime\Cache\Department\5c845b9bb6d46ccd9a162bd9cbb79eef.php 第 310 行.
NOTIC: [8] Undefined index: department C:\wamp64\www\OA\Application\Runtime\Cache\Department\5c845b9bb6d46ccd9a162bd9cbb79eef.php 第 310 行.
NOTIC: [8] Undefined index: department C:\wamp64\www\OA\Application\Runtime\Cache\Department\5c845b9bb6d46ccd9a162bd9cbb79eef.php 第 310 行.
NOTIC: [8] Undefined index: department C:\wamp64\www\OA\Application\Runtime\Cache\Department\5c845b9bb6d46ccd9a162bd9cbb79eef.php 第 310 行.
INFO: Run Behavior\ParseTemplateBehavior [ RunTime:0.029002s ]
INFO: [ view_parse ] --END-- [ RunTime:0.029002s ]
INFO: [ view_filter ] --START--
INFO: Run Behavior\WriteHtmlCacheBehavior [ RunTime:0.000000s ]
INFO: [ view_filter ] --END-- [ RunTime:0.001000s ]
INFO: [ app_end ] --START--
INFO: Run Behavior\ShowPageTraceBehavior [ RunTime:0.001000s ]
INFO: [ app_end ] --END-- [ RunTime:0.002000s ]

[ 2017-03-17T18:39:55+08:00 ] ::1 /OA/index.php/Department/List/showList
INFO: [ app_init ] --START--
INFO: Run Behavior\BuildLiteBehavior [ RunTime:0.000000s ]
INFO: [ app_init ] --END-- [ RunTime:0.000000s ]
INFO: [ app_begin ] --START--
INFO: Run Behavior\ReadHtmlCacheBehavior [ RunTime:0.000000s ]
INFO: [ app_begin ] --END-- [ RunTime:0.001000s ]
ERR: 无法加载控制器:List

[ 2017-03-17T18:40:05+08:00 ] ::1 /OA/index.php/Department/DepartmentList/showDepartmentList
INFO: [ app_init ] --START--
INFO: Run Behavior\BuildLiteBehavior [ RunTime:0.001000s ]
INFO: [ app_init ] --END-- [ RunTime:0.001000s ]
INFO: [ app_begin ] --START--
INFO: Run Behavior\ReadHtmlCacheBehavior [ RunTime:0.001000s ]
INFO: [ app_begin ] --END-- [ RunTime:0.001000s ]
SQL: SHOW COLUMNS FROM `department` [ RunTime:0.0010s ]
SQL: SELECT * FROM `department`  [ RunTime:0.0000s ]
INFO: [ view_parse ] --START--
INFO: [ template_filter ] --START--
INFO: Run Behavior\ContentReplaceBehavior [ RunTime:0.000000s ]
INFO: [ template_filter ] --END-- [ RunTime:0.001000s ]
NOTIC: [8] Undefined index: department C:\wamp64\www\OA\Application\Runtime\Cache\Department\55d0a788e1c01b1525bc4e1a679c0e45.php 第 310 行.
NOTIC: [8] Undefined index: department C:\wamp64\www\OA\Application\Runtime\Cache\Department\55d0a788e1c01b1525bc4e1a679c0e45.php 第 310 行.
NOTIC: [8] Undefined index: department C:\wamp64\www\OA\Application\Runtime\Cache\Department\55d0a788e1c01b1525bc4e1a679c0e45.php 第 310 行.
NOTIC: [8] Undefined index: department C:\wamp64\www\OA\Application\Runtime\Cache\Department\55d0a788e1c01b1525bc4e1a679c0e45.php 第 310 行.
NOTIC: [8] Undefined index: department C:\wamp64\www\OA\Application\Runtime\Cache\Department\55d0a788e1c01b1525bc4e1a679c0e45.php 第 310 行.
NOTIC: [8] Undefined index: department C:\wamp64\www\OA\Application\Runtime\Cache\Department\55d0a788e1c01b1525bc4e1a679c0e45.php 第 310 行.
NOTIC: [8] Undefined index: department C:\wamp64\www\OA\Application\Runtime\Cache\Department\55d0a788e1c01b1525bc4e1a679c0e45.php 第 310 行.
NOTIC: [8] Undefined index: department C:\wamp64\www\OA\Application\Runtime\Cache\Department\55d0a788e1c01b1525bc4e1a679c0e45.php 第 310 行.
NOTIC: [8] Undefined index: department C:\wamp64\www\OA\Application\Runtime\Cache\Department\55d0a788e1c01b1525bc4e1a679c0e45.php 第 310 行.
NOTIC: [8] Undefined index: department C:\wamp64\www\OA\Application\Runtime\Cache\Department\55d0a788e1c01b1525bc4e1a679c0e45.php 第 310 行.
NOTIC: [8] Undefined index: department C:\wamp64\www\OA\Application\Runtime\Cache\Department\55d0a788e1c01b1525bc4e1a679c0e45.php 第 310 行.
NOTIC: [8] Undefined index: department C:\wamp64\www\OA\Application\Runtime\Cache\Department\55d0a788e1c01b1525bc4e1a679c0e45.php 第 310 行.
INFO: Run Behavior\ParseTemplateBehavior [ RunTime:0.012000s ]
INFO: [ view_parse ] --END-- [ RunTime:0.012000s ]
INFO: [ view_filter ] --START--
INFO: Run Behavior\WriteHtmlCacheBehavior [ RunTime:0.000000s ]
INFO: [ view_filter ] --END-- [ RunTime:0.000000s ]
INFO: [ app_end ] --START--
INFO: Run Behavior\ShowPageTraceBehavior [ RunTime:0.000000s ]
INFO: [ app_end ] --END-- [ RunTime:0.000000s ]

[ 2017-03-17T18:40:08+08:00 ] ::1 /OA/index.php/Department/FillDepartment/addDepartment
INFO: [ app_init ] --START--
INFO: Run Behavior\BuildLiteBehavior [ RunTime:0.000000s ]
INFO: [ app_init ] --END-- [ RunTime:0.002000s ]
INFO: [ app_begin ] --START--
INFO: Run Behavior\ReadHtmlCacheBehavior [ RunTime:0.001000s ]
INFO: [ app_begin ] --END-- [ RunTime:0.002000s ]
INFO: [ view_parse ] --START--
INFO: [ template_filter ] --START--
INFO: Run Behavior\ContentReplaceBehavior [ RunTime:0.000000s ]
INFO: [ template_filter ] --END-- [ RunTime:0.001000s ]
INFO: Run Behavior\ParseTemplateBehavior [ RunTime:0.017001s ]
INFO: [ view_parse ] --END-- [ RunTime:0.017001s ]
INFO: [ view_filter ] --START--
INFO: Run Behavior\WriteHtmlCacheBehavior [ RunTime:0.001000s ]
INFO: [ view_filter ] --END-- [ RunTime:0.001000s ]

[ 2017-03-17T18:40:08+08:00 ] ::1 /OA/index.php/Department/FillDepartment/OA/Public/assets/js/bootstrap-datetimepicker/css/bootstrap-datetimepicker.min.css
INFO: [ app_init ] --START--
INFO: Run Behavior\BuildLiteBehavior [ RunTime:0.000000s ]
INFO: [ app_init ] --END-- [ RunTime:0.001000s ]
INFO: [ app_begin ] --START--
INFO: Run Behavior\ReadHtmlCacheBehavior [ RunTime:0.001000s ]
INFO: [ app_begin ] --END-- [ RunTime:0.001000s ]
ERR: 非法操作:OA

[ 2017-03-17T18:40:08+08:00 ] ::1 /OA/index.php/Department/FillDepartment/OA/Public/assets/js/bootstrap-datetimepicker/css/bootstrap-datetimepicker.min.css
INFO: [ app_init ] --START--
INFO: Run Behavior\BuildLiteBehavior [ RunTime:0.000000s ]
INFO: [ app_init ] --END-- [ RunTime:0.001000s ]
INFO: [ app_begin ] --START--
INFO: Run Behavior\ReadHtmlCacheBehavior [ RunTime:0.000000s ]
INFO: [ app_begin ] --END-- [ RunTime:0.000000s ]
ERR: 非法操作:OA

[ 2017-03-17T18:40:10+08:00 ] ::1 /OA/index.php/Department/List/showList
INFO: [ app_init ] --START--
INFO: Run Behavior\BuildLiteBehavior [ RunTime:0.000000s ]
INFO: [ app_init ] --END-- [ RunTime:0.000000s ]
INFO: [ app_begin ] --START--
INFO: Run Behavior\ReadHtmlCacheBehavior [ RunTime:0.001000s ]
INFO: [ app_begin ] --END-- [ RunTime:0.001000s ]
ERR: 无法加载控制器:List

[ 2017-03-17T18:40:11+08:00 ] ::1 /OA/index.php/Department/FillDepartment/OA/Public/assets/js/bootstrap-datetimepicker/css/bootstrap-datetimepicker.min.css
INFO: [ app_init ] --START--
INFO: Run Behavior\BuildLiteBehavior [ RunTime:0.000000s ]
INFO: [ app_init ] --END-- [ RunTime:0.001000s ]
INFO: [ app_begin ] --START--
INFO: Run Behavior\ReadHtmlCacheBehavior [ RunTime:0.001000s ]
INFO: [ app_begin ] --END-- [ RunTime:0.001000s ]
ERR: 非法操作:OA

[ 2017-03-17T18:40:11+08:00 ] ::1 /OA/index.php/Department/FillDepartment/OA/Public/assets/js/bootstrap-datetimepicker/css/bootstrap-datetimepicker.min.css
INFO: [ app_init ] --START--
INFO: Run Behavior\BuildLiteBehavior [ RunTime:0.000000s ]
INFO: [ app_init ] --END-- [ RunTime:0.000000s ]
INFO: [ app_begin ] --START--
INFO: Run Behavior\ReadHtmlCacheBehavior [ RunTime:0.001000s ]
INFO: [ app_begin ] --END-- [ RunTime:0.001000s ]
ERR: 非法操作:OA

[ 2017-03-17T18:41:57+08:00 ] ::1 /OA/index.php/Department/FillDepartment/addDepartment
INFO: [ app_init ] --START--
INFO: Run Behavior\BuildLiteBehavior [ RunTime:0.000000s ]
INFO: [ app_init ] --END-- [ RunTime:0.000000s ]
INFO: [ app_begin ] --START--
INFO: Run Behavior\ReadHtmlCacheBehavior [ RunTime:0.000000s ]
INFO: [ app_begin ] --END-- [ RunTime:0.000000s ]
INFO: [ view_parse ] --START--
INFO: [ template_filter ] --START--
INFO: Run Behavior\ContentReplaceBehavior [ RunTime:0.000000s ]
INFO: [ template_filter ] --END-- [ RunTime:0.000000s ]
INFO: Run Behavior\ParseTemplateBehavior [ RunTime:0.010001s ]
INFO: [ view_parse ] --END-- [ RunTime:0.011001s ]
INFO: [ view_filter ] --START--
INFO: Run Behavior\WriteHtmlCacheBehavior [ RunTime:0.000000s ]
INFO: [ view_filter ] --END-- [ RunTime:0.000000s ]

[ 2017-03-17T18:41:57+08:00 ] ::1 /OA/index.php/Department/FillDepartment/OA/Public/assets/js/bootstrap-datetimepicker/css/bootstrap-datetimepicker.min.css
INFO: [ app_init ] --START--
INFO: Run Behavior\BuildLiteBehavior [ RunTime:0.003000s ]
INFO: [ app_init ] --END-- [ RunTime:0.003000s ]
INFO: [ app_begin ] --START--
INFO: Run Behavior\ReadHtmlCacheBehavior [ RunTime:0.000000s ]
INFO: [ app_begin ] --END-- [ RunTime:0.001000s ]
ERR: 非法操作:OA

[ 2017-03-17T18:41:57+08:00 ] ::1 /OA/index.php/Department/FillDepartment/OA/Public/assets/js/bootstrap-datetimepicker/css/bootstrap-datetimepicker.min.css
INFO: [ app_init ] --START--
INFO: Run Behavior\BuildLiteBehavior [ RunTime:0.000000s ]
INFO: [ app_init ] --END-- [ RunTime:0.000000s ]
INFO: [ app_begin ] --START--
INFO: Run Behavior\ReadHtmlCacheBehavior [ RunTime:0.000000s ]
INFO: [ app_begin ] --END-- [ RunTime:0.000000s ]
ERR: 非法操作:OA

[ 2017-03-17T18:41:59+08:00 ] ::1 /OA/index.php/Department/DepartmentList/showDepartmentList
INFO: [ app_init ] --START--
INFO: Run Behavior\BuildLiteBehavior [ RunTime:0.000000s ]
INFO: [ app_init ] --END-- [ RunTime:0.001000s ]
INFO: [ app_begin ] --START--
INFO: Run Behavior\ReadHtmlCacheBehavior [ RunTime:0.001000s ]
INFO: [ app_begin ] --END-- [ RunTime:0.001000s ]
SQL: SHOW COLUMNS FROM `department` [ RunTime:0.0010s ]
SQL: SELECT * FROM `department`  [ RunTime:0.0000s ]
INFO: [ view_parse ] --START--
INFO: [ template_filter ] --START--
INFO: Run Behavior\ContentReplaceBehavior [ RunTime:0.000000s ]
INFO: [ template_filter ] --END-- [ RunTime:0.000000s ]
NOTIC: [8] Undefined index: department C:\wamp64\www\OA\Application\Runtime\Cache\Department\55d0a788e1c01b1525bc4e1a679c0e45.php 第 310 行.
NOTIC: [8] Undefined index: department C:\wamp64\www\OA\Application\Runtime\Cache\Department\55d0a788e1c01b1525bc4e1a679c0e45.php 第 310 行.
NOTIC: [8] Undefined index: department C:\wamp64\www\OA\Application\Runtime\Cache\Department\55d0a788e1c01b1525bc4e1a679c0e45.php 第 310 行.
NOTIC: [8] Undefined index: department C:\wamp64\www\OA\Application\Runtime\Cache\Department\55d0a788e1c01b1525bc4e1a679c0e45.php 第 310 行.
NOTIC: [8] Undefined index: department C:\wamp64\www\OA\Application\Runtime\Cache\Department\55d0a788e1c01b1525bc4e1a679c0e45.php 第 310 行.
NOTIC: [8] Undefined index: department C:\wamp64\www\OA\Application\Runtime\Cache\Department\55d0a788e1c01b1525bc4e1a679c0e45.php 第 310 行.
NOTIC: [8] Undefined index: department C:\wamp64\www\OA\Application\Runtime\Cache\Department\55d0a788e1c01b1525bc4e1a679c0e45.php 第 310 行.
NOTIC: [8] Undefined index: department C:\wamp64\www\OA\Application\Runtime\Cache\Department\55d0a788e1c01b1525bc4e1a679c0e45.php 第 310 行.
NOTIC: [8] Undefined index: department C:\wamp64\www\OA\Application\Runtime\Cache\Department\55d0a788e1c01b1525bc4e1a679c0e45.php 第 310 行.
NOTIC: [8] Undefined index: department C:\wamp64\www\OA\Application\Runtime\Cache\Department\55d0a788e1c01b1525bc4e1a679c0e45.php 第 310 行.
NOTIC: [8] Undefined index: department C:\wamp64\www\OA\Application\Runtime\Cache\Department\55d0a788e1c01b1525bc4e1a679c0e45.php 第 310 行.
NOTIC: [8] Undefined index: department C:\wamp64\www\OA\Application\Runtime\Cache\Department\55d0a788e1c01b1525bc4e1a679c0e45.php 第 310 行.
INFO: Run Behavior\ParseTemplateBehavior [ RunTime:0.012000s ]
INFO: [ view_parse ] --END-- [ RunTime:0.013000s ]
INFO: [ view_filter ] --START--
INFO: Run Behavior\WriteHtmlCacheBehavior [ RunTime:0.000000s ]
INFO: [ view_filter ] --END-- [ RunTime:0.000000s ]
INFO: [ app_end ] --START--
INFO: Run Behavior\ShowPageTraceBehavior [ RunTime:0.000000s ]
INFO: [ app_end ] --END-- [ RunTime:0.001000s ]

[ 2017-03-17T18:42:00+08:00 ] ::1 /OA/index.php/Department/FillDepartment/addDepartment
INFO: [ app_init ] --START--
INFO: Run Behavior\BuildLiteBehavior [ RunTime:0.000000s ]
INFO: [ app_init ] --END-- [ RunTime:0.000000s ]
INFO: [ app_begin ] --START--
INFO: Run Behavior\ReadHtmlCacheBehavior [ RunTime:0.001000s ]
INFO: [ app_begin ] --END-- [ RunTime:0.002000s ]
INFO: [ view_parse ] --START--
INFO: [ template_filter ] --START--
INFO: Run Behavior\ContentReplaceBehavior [ RunTime:0.000000s ]
INFO: [ template_filter ] --END-- [ RunTime:0.000000s ]
INFO: Run Behavior\ParseTemplateBehavior [ RunTime:0.012001s ]
INFO: [ view_parse ] --END-- [ RunTime:0.012001s ]
INFO: [ view_filter ] --START--
INFO: Run Behavior\WriteHtmlCacheBehavior [ RunTime:0.001000s ]
INFO: [ view_filter ] --END-- [ RunTime:0.001000s ]

[ 2017-03-17T18:42:00+08:00 ] ::1 /OA/index.php/Department/FillDepartment/OA/Public/assets/js/bootstrap-datetimepicker/css/bootstrap-datetimepicker.min.css
INFO: [ app_init ] --START--
INFO: Run Behavior\BuildLiteBehavior [ RunTime:0.000000s ]
INFO: [ app_init ] --END-- [ RunTime:0.001000s ]
INFO: [ app_begin ] --START--
INFO: Run Behavior\ReadHtmlCacheBehavior [ RunTime:0.001000s ]
INFO: [ app_begin ] --END-- [ RunTime:0.001000s ]
ERR: 非法操作:OA

[ 2017-03-17T18:42:00+08:00 ] ::1 /OA/index.php/Department/FillDepartment/OA/Public/assets/js/bootstrap-datetimepicker/css/bootstrap-datetimepicker.min.css
INFO: [ app_init ] --START--
INFO: Run Behavior\BuildLiteBehavior [ RunTime:0.000000s ]
INFO: [ app_init ] --END-- [ RunTime:0.001000s ]
INFO: [ app_begin ] --START--
INFO: Run Behavior\ReadHtmlCacheBehavior [ RunTime:0.000000s ]
INFO: [ app_begin ] --END-- [ RunTime:0.000000s ]
ERR: 非法操作:OA

[ 2017-03-17T18:42:01+08:00 ] ::1 /OA/index.php/Department/DepartmentList/showDepartmentList
INFO: [ app_init ] --START--
INFO: Run Behavior\BuildLiteBehavior [ RunTime:0.000000s ]
INFO: [ app_init ] --END-- [ RunTime:0.001000s ]
INFO: [ app_begin ] --START--
INFO: Run Behavior\ReadHtmlCacheBehavior [ RunTime:0.002000s ]
INFO: [ app_begin ] --END-- [ RunTime:0.002000s ]
SQL: SHOW COLUMNS FROM `department` [ RunTime:0.0010s ]
SQL: SELECT * FROM `department`  [ RunTime:0.0010s ]
INFO: [ view_parse ] --START--
INFO: [ template_filter ] --START--
INFO: Run Behavior\ContentReplaceBehavior [ RunTime:0.000000s ]
INFO: [ template_filter ] --END-- [ RunTime:0.000000s ]
NOTIC: [8] Undefined index: department C:\wamp64\www\OA\Application\Runtime\Cache\Department\55d0a788e1c01b1525bc4e1a679c0e45.php 第 310 行.
NOTIC: [8] Undefined index: department C:\wamp64\www\OA\Application\Runtime\Cache\Department\55d0a788e1c01b1525bc4e1a679c0e45.php 第 310 行.
NOTIC: [8] Undefined index: department C:\wamp64\www\OA\Application\Runtime\Cache\Department\55d0a788e1c01b1525bc4e1a679c0e45.php 第 310 行.
NOTIC: [8] Undefined index: department C:\wamp64\www\OA\Application\Runtime\Cache\Department\55d0a788e1c01b1525bc4e1a679c0e45.php 第 310 行.
NOTIC: [8] Undefined index: department C:\wamp64\www\OA\Application\Runtime\Cache\Department\55d0a788e1c01b1525bc4e1a679c0e45.php 第 310 行.
NOTIC: [8] Undefined index: department C:\wamp64\www\OA\Application\Runtime\Cache\Department\55d0a788e1c01b1525bc4e1a679c0e45.php 第 310 行.
NOTIC: [8] Undefined index: department C:\wamp64\www\OA\Application\Runtime\Cache\Department\55d0a788e1c01b1525bc4e1a679c0e45.php 第 310 行.
NOTIC: [8] Undefined index: department C:\wamp64\www\OA\Application\Runtime\Cache\Department\55d0a788e1c01b1525bc4e1a679c0e45.php 第 310 行.
NOTIC: [8] Undefined index: department C:\wamp64\www\OA\Application\Runtime\Cache\Department\55d0a788e1c01b1525bc4e1a679c0e45.php 第 310 行.
NOTIC: [8] Undefined index: department C:\wamp64\www\OA\Application\Runtime\Cache\Department\55d0a788e1c01b1525bc4e1a679c0e45.php 第 310 行.
NOTIC: [8] Undefined index: department C:\wamp64\www\OA\Application\Runtime\Cache\Department\55d0a788e1c01b1525bc4e1a679c0e45.php 第 310 行.
NOTIC: [8] Undefined index: department C:\wamp64\www\OA\Application\Runtime\Cache\Department\55d0a788e1c01b1525bc4e1a679c0e45.php 第 310 行.
INFO: Run Behavior\ParseTemplateBehavior [ RunTime:0.014001s ]
INFO: [ view_parse ] --END-- [ RunTime:0.014001s ]
INFO: [ view_filter ] --START--
INFO: Run Behavior\WriteHtmlCacheBehavior [ RunTime:0.000000s ]
INFO: [ view_filter ] --END-- [ RunTime:0.001000s ]
INFO: [ app_end ] --START--
INFO: Run Behavior\ShowPageTraceBehavior [ RunTime:0.001000s ]
INFO: [ app_end ] --END-- [ RunTime:0.001000s ]

[ 2017-03-17T18:42:03+08:00 ] ::1 /OA/index.php/Department/DepartmentList/editDepartment?department_id=1
INFO: [ app_init ] --START--
INFO: Run Behavior\BuildLiteBehavior [ RunTime:0.000000s ]
INFO: [ app_init ] --END-- [ RunTime:0.000000s ]
INFO: [ app_begin ] --START--
INFO: Run Behavior\ReadHtmlCacheBehavior [ RunTime:0.001000s ]
INFO: [ app_begin ] --END-- [ RunTime:0.001000s ]
INFO: [ view_parse ] --START--
INFO: [ template_filter ] --START--
INFO: Run Behavior\ContentReplaceBehavior [ RunTime:0.000000s ]
INFO: [ template_filter ] --END-- [ RunTime:0.000000s ]
INFO: Run Behavior\ParseTemplateBehavior [ RunTime:0.011001s ]
INFO: [ view_parse ] --END-- [ RunTime:0.011001s ]
INFO: [ view_filter ] --START--
INFO: Run Behavior\WriteHtmlCacheBehavior [ RunTime:0.000000s ]
INFO: [ view_filter ] --END-- [ RunTime:0.000000s ]

[ 2017-03-17T18:42:03+08:00 ] ::1 /OA/index.php/Department/DepartmentList/OA/Public/assets/js/bootstrap-datetimepicker/css/bootstrap-datetimepicker.min.css
INFO: [ app_init ] --START--
INFO: Run Behavior\BuildLiteBehavior [ RunTime:0.000000s ]
INFO: [ app_init ] --END-- [ RunTime:0.001000s ]
INFO: [ app_begin ] --START--
INFO: Run Behavior\ReadHtmlCacheBehavior [ RunTime:0.000000s ]
INFO: [ app_begin ] --END-- [ RunTime:0.000000s ]
ERR: 非法操作:OA

[ 2017-03-17T18:42:09+08:00 ] ::1 /OA/index.php/Department/FillDepartment/addDepartment
INFO: [ app_init ] --START--
INFO: Run Behavior\BuildLiteBehavior [ RunTime:0.000000s ]
INFO: [ app_init ] --END-- [ RunTime:0.000000s ]
INFO: [ app_begin ] --START--
INFO: Run Behavior\ReadHtmlCacheBehavior [ RunTime:0.000000s ]
INFO: [ app_begin ] --END-- [ RunTime:0.000000s ]
INFO: [ view_parse ] --START--
INFO: [ template_filter ] --START--
INFO: Run Behavior\ContentReplaceBehavior [ RunTime:0.000000s ]
INFO: [ template_filter ] --END-- [ RunTime:0.000000s ]
INFO: Run Behavior\ParseTemplateBehavior [ RunTime:0.015001s ]
INFO: [ view_parse ] --END-- [ RunTime:0.015001s ]
INFO: [ view_filter ] --START--
INFO: Run Behavior\WriteHtmlCacheBehavior [ RunTime:0.000000s ]
INFO: [ view_filter ] --END-- [ RunTime:0.001000s ]

[ 2017-03-17T18:42:09+08:00 ] ::1 /OA/index.php/Department/FillDepartment/OA/Public/assets/js/bootstrap-datetimepicker/css/bootstrap-datetimepicker.min.css
INFO: [ app_init ] --START--
INFO: Run Behavior\BuildLiteBehavior [ RunTime:0.000000s ]
INFO: [ app_init ] --END-- [ RunTime:0.004000s ]
INFO: [ app_begin ] --START--
INFO: Run Behavior\ReadHtmlCacheBehavior [ RunTime:0.001000s ]
INFO: [ app_begin ] --END-- [ RunTime:0.002000s ]
ERR: 非法操作:OA

[ 2017-03-17T18:42:09+08:00 ] ::1 /OA/index.php/Department/FillDepartment/OA/Public/assets/js/bootstrap-datetimepicker/css/bootstrap-datetimepicker.min.css
INFO: [ app_init ] --START--
INFO: Run Behavior\BuildLiteBehavior [ RunTime:0.000000s ]
INFO: [ app_init ] --END-- [ RunTime:0.000000s ]
INFO: [ app_begin ] --START--
INFO: Run Behavior\ReadHtmlCacheBehavior [ RunTime:0.000000s ]
INFO: [ app_begin ] --END-- [ RunTime:0.001000s ]
ERR: 非法操作:OA

