[ 2017-03-14T14:31:05+08:00 ] ::1 /OA/index.php
INFO: [ app_init ] --START--
INFO: Run Behavior\BuildLiteBehavior [ RunTime:0.000000s ]
INFO: [ app_init ] --END-- [ RunTime:0.000000s ]
INFO: [ app_begin ] --START--
INFO: Run Behavior\ReadHtmlCacheBehavior [ RunTime:0.001000s ]
INFO: [ app_begin ] --END-- [ RunTime:0.001000s ]
INFO: [ view_parse ] --START--
INFO: [ template_filter ] --START--
INFO: Run Behavior\ContentReplaceBehavior [ RunTime:0.000000s ]
INFO: [ template_filter ] --END-- [ RunTime:0.001000s ]
INFO: Run Behavior\ParseTemplateBehavior [ RunTime:0.008000s ]
INFO: [ view_parse ] --END-- [ RunTime:0.008000s ]
INFO: [ view_filter ] --START--
INFO: Run Behavior\WriteHtmlCacheBehavior [ RunTime:0.000000s ]
INFO: [ view_filter ] --END-- [ RunTime:0.000000s ]
INFO: [ app_end ] --START--
INFO: Run Behavior\ShowPageTraceBehavior [ RunTime:0.000000s ]
INFO: [ app_end ] --END-- [ RunTime:0.001000s ]

[ 2017-03-14T14:39:14+08:00 ] ::1 /OA/Department/List/showList
INFO: [ app_init ] --START--
INFO: Run Behavior\BuildLiteBehavior [ RunTime:0.000000s ]
INFO: [ app_init ] --END-- [ RunTime:0.001000s ]
INFO: [ app_begin ] --START--
INFO: Run Behavior\ReadHtmlCacheBehavior [ RunTime:0.001000s ]
INFO: [ app_begin ] --END-- [ RunTime:0.001000s ]
SQL: SHOW COLUMNS FROM `department` [ RunTime:0.0000s ]
SQL: SELECT * FROM `department`  [ RunTime:0.0000s ]
INFO: [ view_parse ] --START--
INFO: [ template_filter ] --START--
INFO: Run Behavior\ContentReplaceBehavior [ RunTime:0.000000s ]
INFO: [ template_filter ] --END-- [ RunTime:0.000000s ]
NOTIC: [8] Undefined index: department C:\wamp64\www\OA\Application\Runtime\Cache\Department\5c845b9bb6d46ccd9a162bd9cbb79eef.php 第 504 行.
NOTIC: [8] Undefined index: department C:\wamp64\www\OA\Application\Runtime\Cache\Department\5c845b9bb6d46ccd9a162bd9cbb79eef.php 第 504 行.
NOTIC: [8] Undefined index: department C:\wamp64\www\OA\Application\Runtime\Cache\Department\5c845b9bb6d46ccd9a162bd9cbb79eef.php 第 504 行.
NOTIC: [8] Undefined index: department C:\wamp64\www\OA\Application\Runtime\Cache\Department\5c845b9bb6d46ccd9a162bd9cbb79eef.php 第 504 行.
NOTIC: [8] Undefined index: department C:\wamp64\www\OA\Application\Runtime\Cache\Department\5c845b9bb6d46ccd9a162bd9cbb79eef.php 第 504 行.
NOTIC: [8] Undefined index: department C:\wamp64\www\OA\Application\Runtime\Cache\Department\5c845b9bb6d46ccd9a162bd9cbb79eef.php 第 504 行.
NOTIC: [8] Undefined index: department C:\wamp64\www\OA\Application\Runtime\Cache\Department\5c845b9bb6d46ccd9a162bd9cbb79eef.php 第 504 行.
NOTIC: [8] Undefined index: department C:\wamp64\www\OA\Application\Runtime\Cache\Department\5c845b9bb6d46ccd9a162bd9cbb79eef.php 第 504 行.
NOTIC: [8] Undefined index: department C:\wamp64\www\OA\Application\Runtime\Cache\Department\5c845b9bb6d46ccd9a162bd9cbb79eef.php 第 504 行.
NOTIC: [8] Undefined index: department C:\wamp64\www\OA\Application\Runtime\Cache\Department\5c845b9bb6d46ccd9a162bd9cbb79eef.php 第 504 行.
NOTIC: [8] Undefined index: department C:\wamp64\www\OA\Application\Runtime\Cache\Department\5c845b9bb6d46ccd9a162bd9cbb79eef.php 第 504 行.
INFO: Run Behavior\ParseTemplateBehavior [ RunTime:0.017001s ]
INFO: [ view_parse ] --END-- [ RunTime:0.018001s ]
INFO: [ view_filter ] --START--
INFO: Run Behavior\WriteHtmlCacheBehavior [ RunTime:0.000000s ]
INFO: [ view_filter ] --END-- [ RunTime:0.000000s ]
INFO: [ app_end ] --START--
INFO: Run Behavior\ShowPageTraceBehavior [ RunTime:0.000000s ]
INFO: [ app_end ] --END-- [ RunTime:0.000000s ]

[ 2017-03-14T14:39:20+08:00 ] ::1 /OA/index.php/Department/FillInfo/addDepartment
INFO: [ app_init ] --START--
INFO: Run Behavior\BuildLiteBehavior [ RunTime:0.000000s ]
INFO: [ app_init ] --END-- [ RunTime:0.002000s ]
INFO: [ app_begin ] --START--
INFO: Run Behavior\ReadHtmlCacheBehavior [ RunTime:0.000000s ]
INFO: [ app_begin ] --END-- [ RunTime:0.001000s ]
INFO: [ view_parse ] --START--
INFO: [ template_filter ] --START--
INFO: Run Behavior\ContentReplaceBehavior [ RunTime:0.001000s ]
INFO: [ template_filter ] --END-- [ RunTime:0.001000s ]
INFO: Run Behavior\ParseTemplateBehavior [ RunTime:0.018001s ]
INFO: [ view_parse ] --END-- [ RunTime:0.019002s ]
INFO: [ view_filter ] --START--
INFO: Run Behavior\WriteHtmlCacheBehavior [ RunTime:0.000000s ]
INFO: [ view_filter ] --END-- [ RunTime:0.000000s ]

[ 2017-03-14T14:39:20+08:00 ] ::1 /OA/index.php/Department/FillInfo/OA/Public/assets/js/bootstrap-datetimepicker/css/bootstrap-datetimepicker.min.css
INFO: [ app_init ] --START--
INFO: Run Behavior\BuildLiteBehavior [ RunTime:0.000000s ]
INFO: [ app_init ] --END-- [ RunTime:0.001000s ]
INFO: [ app_begin ] --START--
INFO: Run Behavior\ReadHtmlCacheBehavior [ RunTime:0.000000s ]
INFO: [ app_begin ] --END-- [ RunTime:0.000000s ]
ERR: 非法操作:OA

[ 2017-03-14T14:39:20+08:00 ] ::1 /OA/index.php/Department/FillInfo/OA/Public/assets/js/bootstrap-datetimepicker/css/bootstrap-datetimepicker.min.css
INFO: [ app_init ] --START--
INFO: Run Behavior\BuildLiteBehavior [ RunTime:0.000000s ]
INFO: [ app_init ] --END-- [ RunTime:0.001001s ]
INFO: [ app_begin ] --START--
INFO: Run Behavior\ReadHtmlCacheBehavior [ RunTime:0.000000s ]
INFO: [ app_begin ] --END-- [ RunTime:0.001000s ]
ERR: 非法操作:OA

[ 2017-03-14T14:41:43+08:00 ] ::1 /OA/index.php/Department/FillInfo/addDepartment
INFO: [ app_init ] --START--
INFO: Run Behavior\BuildLiteBehavior [ RunTime:0.000000s ]
INFO: [ app_init ] --END-- [ RunTime:0.001001s ]
INFO: [ app_begin ] --START--
INFO: Run Behavior\ReadHtmlCacheBehavior [ RunTime:0.001000s ]
INFO: [ app_begin ] --END-- [ RunTime:0.001000s ]
INFO: [ view_parse ] --START--
INFO: [ template_filter ] --START--
INFO: Run Behavior\ContentReplaceBehavior [ RunTime:0.000000s ]
INFO: [ template_filter ] --END-- [ RunTime:0.000000s ]
INFO: Run Behavior\ParseTemplateBehavior [ RunTime:0.013000s ]
INFO: [ view_parse ] --END-- [ RunTime:0.013000s ]
INFO: [ view_filter ] --START--
INFO: Run Behavior\WriteHtmlCacheBehavior [ RunTime:0.001001s ]
INFO: [ view_filter ] --END-- [ RunTime:0.001001s ]

[ 2017-03-14T14:41:43+08:00 ] ::1 /OA/index.php/Department/FillInfo/OA/Public/assets/js/bootstrap-datetimepicker/css/bootstrap-datetimepicker.min.css
INFO: [ app_init ] --START--
INFO: Run Behavior\BuildLiteBehavior [ RunTime:0.000000s ]
INFO: [ app_init ] --END-- [ RunTime:0.001000s ]
INFO: [ app_begin ] --START--
INFO: Run Behavior\ReadHtmlCacheBehavior [ RunTime:0.001000s ]
INFO: [ app_begin ] --END-- [ RunTime:0.001000s ]
ERR: 非法操作:OA

[ 2017-03-14T14:41:43+08:00 ] ::1 /OA/index.php/Department/FillInfo/OA/Public/assets/js/bootstrap-datetimepicker/css/bootstrap-datetimepicker.min.css
INFO: [ app_init ] --START--
INFO: Run Behavior\BuildLiteBehavior [ RunTime:0.000000s ]
INFO: [ app_init ] --END-- [ RunTime:0.001000s ]
INFO: [ app_begin ] --START--
INFO: Run Behavior\ReadHtmlCacheBehavior [ RunTime:0.001000s ]
INFO: [ app_begin ] --END-- [ RunTime:0.002000s ]
ERR: 非法操作:OA

[ 2017-03-14T18:12:26+08:00 ] ::1 /OA/index.php/Department/List/showList
INFO: [ app_init ] --START--
INFO: Run Behavior\BuildLiteBehavior [ RunTime:0.000000s ]
INFO: [ app_init ] --END-- [ RunTime:0.001000s ]
INFO: [ app_begin ] --START--
INFO: Run Behavior\ReadHtmlCacheBehavior [ RunTime:0.001000s ]
INFO: [ app_begin ] --END-- [ RunTime:0.001000s ]
SQL: SHOW COLUMNS FROM `department` [ RunTime:0.0000s ]
SQL: SELECT * FROM `department`  [ RunTime:0.0000s ]
INFO: [ view_parse ] --START--
INFO: [ template_filter ] --START--
INFO: Run Behavior\ContentReplaceBehavior [ RunTime:0.000000s ]
INFO: [ template_filter ] --END-- [ RunTime:0.000000s ]
NOTIC: [8] Undefined index: department C:\wamp64\www\OA\Application\Runtime\Cache\Department\5c845b9bb6d46ccd9a162bd9cbb79eef.php 第 335 行.
NOTIC: [8] Undefined index: department C:\wamp64\www\OA\Application\Runtime\Cache\Department\5c845b9bb6d46ccd9a162bd9cbb79eef.php 第 335 行.
NOTIC: [8] Undefined index: department C:\wamp64\www\OA\Application\Runtime\Cache\Department\5c845b9bb6d46ccd9a162bd9cbb79eef.php 第 335 行.
NOTIC: [8] Undefined index: department C:\wamp64\www\OA\Application\Runtime\Cache\Department\5c845b9bb6d46ccd9a162bd9cbb79eef.php 第 335 行.
NOTIC: [8] Undefined index: department C:\wamp64\www\OA\Application\Runtime\Cache\Department\5c845b9bb6d46ccd9a162bd9cbb79eef.php 第 335 行.
NOTIC: [8] Undefined index: department C:\wamp64\www\OA\Application\Runtime\Cache\Department\5c845b9bb6d46ccd9a162bd9cbb79eef.php 第 335 行.
NOTIC: [8] Undefined index: department C:\wamp64\www\OA\Application\Runtime\Cache\Department\5c845b9bb6d46ccd9a162bd9cbb79eef.php 第 335 行.
NOTIC: [8] Undefined index: department C:\wamp64\www\OA\Application\Runtime\Cache\Department\5c845b9bb6d46ccd9a162bd9cbb79eef.php 第 335 行.
NOTIC: [8] Undefined index: department C:\wamp64\www\OA\Application\Runtime\Cache\Department\5c845b9bb6d46ccd9a162bd9cbb79eef.php 第 335 行.
NOTIC: [8] Undefined index: department C:\wamp64\www\OA\Application\Runtime\Cache\Department\5c845b9bb6d46ccd9a162bd9cbb79eef.php 第 335 行.
NOTIC: [8] Undefined index: department C:\wamp64\www\OA\Application\Runtime\Cache\Department\5c845b9bb6d46ccd9a162bd9cbb79eef.php 第 335 行.
INFO: Run Behavior\ParseTemplateBehavior [ RunTime:0.013001s ]
INFO: [ view_parse ] --END-- [ RunTime:0.013001s ]
INFO: [ view_filter ] --START--
INFO: Run Behavior\WriteHtmlCacheBehavior [ RunTime:0.000000s ]
INFO: [ view_filter ] --END-- [ RunTime:0.001000s ]
INFO: [ app_end ] --START--
INFO: Run Behavior\ShowPageTraceBehavior [ RunTime:0.001000s ]
INFO: [ app_end ] --END-- [ RunTime:0.001000s ]

[ 2017-03-14T18:13:35+08:00 ] ::1 /OA/index.php/Department/List/showList
INFO: [ app_init ] --START--
INFO: Run Behavior\BuildLiteBehavior [ RunTime:0.000000s ]
INFO: [ app_init ] --END-- [ RunTime:0.001001s ]
INFO: [ app_begin ] --START--
INFO: Run Behavior\ReadHtmlCacheBehavior [ RunTime:0.000000s ]
INFO: [ app_begin ] --END-- [ RunTime:0.001000s ]
SQL: SHOW COLUMNS FROM `department` [ RunTime:0.0000s ]
SQL: SELECT * FROM `department`  [ RunTime:0.0000s ]
INFO: [ view_parse ] --START--
INFO: [ template_filter ] --START--
INFO: Run Behavior\ContentReplaceBehavior [ RunTime:0.000000s ]
INFO: [ template_filter ] --END-- [ RunTime:0.000000s ]
NOTIC: [8] Undefined index: department C:\wamp64\www\OA\Application\Runtime\Cache\Department\5c845b9bb6d46ccd9a162bd9cbb79eef.php 第 335 行.
NOTIC: [8] Undefined index: department C:\wamp64\www\OA\Application\Runtime\Cache\Department\5c845b9bb6d46ccd9a162bd9cbb79eef.php 第 335 行.
NOTIC: [8] Undefined index: department C:\wamp64\www\OA\Application\Runtime\Cache\Department\5c845b9bb6d46ccd9a162bd9cbb79eef.php 第 335 行.
NOTIC: [8] Undefined index: department C:\wamp64\www\OA\Application\Runtime\Cache\Department\5c845b9bb6d46ccd9a162bd9cbb79eef.php 第 335 行.
NOTIC: [8] Undefined index: department C:\wamp64\www\OA\Application\Runtime\Cache\Department\5c845b9bb6d46ccd9a162bd9cbb79eef.php 第 335 行.
NOTIC: [8] Undefined index: department C:\wamp64\www\OA\Application\Runtime\Cache\Department\5c845b9bb6d46ccd9a162bd9cbb79eef.php 第 335 行.
NOTIC: [8] Undefined index: department C:\wamp64\www\OA\Application\Runtime\Cache\Department\5c845b9bb6d46ccd9a162bd9cbb79eef.php 第 335 行.
NOTIC: [8] Undefined index: department C:\wamp64\www\OA\Application\Runtime\Cache\Department\5c845b9bb6d46ccd9a162bd9cbb79eef.php 第 335 行.
NOTIC: [8] Undefined index: department C:\wamp64\www\OA\Application\Runtime\Cache\Department\5c845b9bb6d46ccd9a162bd9cbb79eef.php 第 335 行.
NOTIC: [8] Undefined index: department C:\wamp64\www\OA\Application\Runtime\Cache\Department\5c845b9bb6d46ccd9a162bd9cbb79eef.php 第 335 行.
NOTIC: [8] Undefined index: department C:\wamp64\www\OA\Application\Runtime\Cache\Department\5c845b9bb6d46ccd9a162bd9cbb79eef.php 第 335 行.
INFO: Run Behavior\ParseTemplateBehavior [ RunTime:0.013001s ]
INFO: [ view_parse ] --END-- [ RunTime:0.013001s ]
INFO: [ view_filter ] --START--
INFO: Run Behavior\WriteHtmlCacheBehavior [ RunTime:0.000000s ]
INFO: [ view_filter ] --END-- [ RunTime:0.000000s ]
INFO: [ app_end ] --START--
INFO: Run Behavior\ShowPageTraceBehavior [ RunTime:0.000000s ]
INFO: [ app_end ] --END-- [ RunTime:0.001000s ]

[ 2017-03-14T18:14:06+08:00 ] ::1 /OA/index.php/Department/List/showList
INFO: [ app_init ] --START--
INFO: Run Behavior\BuildLiteBehavior [ RunTime:0.000000s ]
INFO: [ app_init ] --END-- [ RunTime:0.000000s ]
INFO: [ app_begin ] --START--
INFO: Run Behavior\ReadHtmlCacheBehavior [ RunTime:0.000000s ]
INFO: [ app_begin ] --END-- [ RunTime:0.000000s ]
SQL: SHOW COLUMNS FROM `department` [ RunTime:0.0000s ]
SQL: SELECT * FROM `department`  [ RunTime:0.0000s ]
INFO: [ view_parse ] --START--
INFO: [ template_filter ] --START--
INFO: Run Behavior\ContentReplaceBehavior [ RunTime:0.000000s ]
INFO: [ template_filter ] --END-- [ RunTime:0.000000s ]
NOTIC: [8] Undefined index: department C:\wamp64\www\OA\Application\Runtime\Cache\Department\5c845b9bb6d46ccd9a162bd9cbb79eef.php 第 335 行.
NOTIC: [8] Undefined index: department C:\wamp64\www\OA\Application\Runtime\Cache\Department\5c845b9bb6d46ccd9a162bd9cbb79eef.php 第 335 行.
NOTIC: [8] Undefined index: department C:\wamp64\www\OA\Application\Runtime\Cache\Department\5c845b9bb6d46ccd9a162bd9cbb79eef.php 第 335 行.
NOTIC: [8] Undefined index: department C:\wamp64\www\OA\Application\Runtime\Cache\Department\5c845b9bb6d46ccd9a162bd9cbb79eef.php 第 335 行.
NOTIC: [8] Undefined index: department C:\wamp64\www\OA\Application\Runtime\Cache\Department\5c845b9bb6d46ccd9a162bd9cbb79eef.php 第 335 行.
NOTIC: [8] Undefined index: department C:\wamp64\www\OA\Application\Runtime\Cache\Department\5c845b9bb6d46ccd9a162bd9cbb79eef.php 第 335 行.
NOTIC: [8] Undefined index: department C:\wamp64\www\OA\Application\Runtime\Cache\Department\5c845b9bb6d46ccd9a162bd9cbb79eef.php 第 335 行.
NOTIC: [8] Undefined index: department C:\wamp64\www\OA\Application\Runtime\Cache\Department\5c845b9bb6d46ccd9a162bd9cbb79eef.php 第 335 行.
NOTIC: [8] Undefined index: department C:\wamp64\www\OA\Application\Runtime\Cache\Department\5c845b9bb6d46ccd9a162bd9cbb79eef.php 第 335 行.
NOTIC: [8] Undefined index: department C:\wamp64\www\OA\Application\Runtime\Cache\Department\5c845b9bb6d46ccd9a162bd9cbb79eef.php 第 335 行.
NOTIC: [8] Undefined index: department C:\wamp64\www\OA\Application\Runtime\Cache\Department\5c845b9bb6d46ccd9a162bd9cbb79eef.php 第 335 行.
INFO: Run Behavior\ParseTemplateBehavior [ RunTime:0.012001s ]
INFO: [ view_parse ] --END-- [ RunTime:0.012001s ]
INFO: [ view_filter ] --START--
INFO: Run Behavior\WriteHtmlCacheBehavior [ RunTime:0.001000s ]
INFO: [ view_filter ] --END-- [ RunTime:0.001000s ]
INFO: [ app_end ] --START--
INFO: Run Behavior\ShowPageTraceBehavior [ RunTime:0.001000s ]
INFO: [ app_end ] --END-- [ RunTime:0.001000s ]

[ 2017-03-14T18:15:16+08:00 ] ::1 /OA/index.php/Department/List/showList
INFO: [ app_init ] --START--
INFO: Run Behavior\BuildLiteBehavior [ RunTime:0.000000s ]
INFO: [ app_init ] --END-- [ RunTime:0.000000s ]
INFO: [ app_begin ] --START--
INFO: Run Behavior\ReadHtmlCacheBehavior [ RunTime:0.000000s ]
INFO: [ app_begin ] --END-- [ RunTime:0.001000s ]
SQL: SHOW COLUMNS FROM `department` [ RunTime:0.0010s ]
SQL: SELECT * FROM `department`  [ RunTime:0.0000s ]
INFO: [ view_parse ] --START--
INFO: [ template_filter ] --START--
INFO: Run Behavior\ContentReplaceBehavior [ RunTime:0.000000s ]
INFO: [ template_filter ] --END-- [ RunTime:0.000000s ]
NOTIC: [8] Undefined index: department C:\wamp64\www\OA\Application\Runtime\Cache\Department\5c845b9bb6d46ccd9a162bd9cbb79eef.php 第 335 行.
NOTIC: [8] Undefined index: department C:\wamp64\www\OA\Application\Runtime\Cache\Department\5c845b9bb6d46ccd9a162bd9cbb79eef.php 第 335 行.
NOTIC: [8] Undefined index: department C:\wamp64\www\OA\Application\Runtime\Cache\Department\5c845b9bb6d46ccd9a162bd9cbb79eef.php 第 335 行.
NOTIC: [8] Undefined index: department C:\wamp64\www\OA\Application\Runtime\Cache\Department\5c845b9bb6d46ccd9a162bd9cbb79eef.php 第 335 行.
NOTIC: [8] Undefined index: department C:\wamp64\www\OA\Application\Runtime\Cache\Department\5c845b9bb6d46ccd9a162bd9cbb79eef.php 第 335 行.
NOTIC: [8] Undefined index: department C:\wamp64\www\OA\Application\Runtime\Cache\Department\5c845b9bb6d46ccd9a162bd9cbb79eef.php 第 335 行.
NOTIC: [8] Undefined index: department C:\wamp64\www\OA\Application\Runtime\Cache\Department\5c845b9bb6d46ccd9a162bd9cbb79eef.php 第 335 行.
NOTIC: [8] Undefined index: department C:\wamp64\www\OA\Application\Runtime\Cache\Department\5c845b9bb6d46ccd9a162bd9cbb79eef.php 第 335 行.
NOTIC: [8] Undefined index: department C:\wamp64\www\OA\Application\Runtime\Cache\Department\5c845b9bb6d46ccd9a162bd9cbb79eef.php 第 335 行.
NOTIC: [8] Undefined index: department C:\wamp64\www\OA\Application\Runtime\Cache\Department\5c845b9bb6d46ccd9a162bd9cbb79eef.php 第 335 行.
NOTIC: [8] Undefined index: department C:\wamp64\www\OA\Application\Runtime\Cache\Department\5c845b9bb6d46ccd9a162bd9cbb79eef.php 第 335 行.
INFO: Run Behavior\ParseTemplateBehavior [ RunTime:0.012000s ]
INFO: [ view_parse ] --END-- [ RunTime:0.012000s ]
INFO: [ view_filter ] --START--
INFO: Run Behavior\WriteHtmlCacheBehavior [ RunTime:0.001001s ]
INFO: [ view_filter ] --END-- [ RunTime:0.001001s ]
INFO: [ app_end ] --START--
INFO: Run Behavior\ShowPageTraceBehavior [ RunTime:0.001000s ]
INFO: [ app_end ] --END-- [ RunTime:0.001000s ]

[ 2017-03-14T18:15:23+08:00 ] ::1 /OA/index.php/Department/FillInfo/addDepartment
INFO: [ app_init ] --START--
INFO: Run Behavior\BuildLiteBehavior [ RunTime:0.000000s ]
INFO: [ app_init ] --END-- [ RunTime:0.001000s ]
INFO: [ app_begin ] --START--
INFO: Run Behavior\ReadHtmlCacheBehavior [ RunTime:0.001000s ]
INFO: [ app_begin ] --END-- [ RunTime:0.001000s ]
INFO: [ view_parse ] --START--
INFO: [ template_filter ] --START--
INFO: Run Behavior\ContentReplaceBehavior [ RunTime:0.001000s ]
INFO: [ template_filter ] --END-- [ RunTime:0.001000s ]
INFO: Run Behavior\ParseTemplateBehavior [ RunTime:0.011001s ]
INFO: [ view_parse ] --END-- [ RunTime:0.012001s ]
INFO: [ view_filter ] --START--
INFO: Run Behavior\WriteHtmlCacheBehavior [ RunTime:0.000000s ]
INFO: [ view_filter ] --END-- [ RunTime:0.000000s ]

[ 2017-03-14T18:15:23+08:00 ] ::1 /OA/index.php/Department/FillInfo/OA/Public/assets/js/bootstrap-datetimepicker/css/bootstrap-datetimepicker.min.css
INFO: [ app_init ] --START--
INFO: Run Behavior\BuildLiteBehavior [ RunTime:0.000000s ]
INFO: [ app_init ] --END-- [ RunTime:0.001001s ]
INFO: [ app_begin ] --START--
INFO: Run Behavior\ReadHtmlCacheBehavior [ RunTime:0.000000s ]
INFO: [ app_begin ] --END-- [ RunTime:0.000000s ]
ERR: 非法操作:OA

[ 2017-03-14T18:15:23+08:00 ] ::1 /OA/index.php/Department/FillInfo/OA/Public/assets/js/bootstrap-datetimepicker/css/bootstrap-datetimepicker.min.css
INFO: [ app_init ] --START--
INFO: Run Behavior\BuildLiteBehavior [ RunTime:0.000000s ]
INFO: [ app_init ] --END-- [ RunTime:0.001000s ]
INFO: [ app_begin ] --START--
INFO: Run Behavior\ReadHtmlCacheBehavior [ RunTime:0.001000s ]
INFO: [ app_begin ] --END-- [ RunTime:0.001000s ]
ERR: 非法操作:OA

[ 2017-03-14T18:16:20+08:00 ] ::1 /OA/index.php/Department/FillInfo/addDepartment
INFO: [ app_init ] --START--
INFO: Run Behavior\BuildLiteBehavior [ RunTime:0.000000s ]
INFO: [ app_init ] --END-- [ RunTime:0.001000s ]
INFO: [ app_begin ] --START--
INFO: Run Behavior\ReadHtmlCacheBehavior [ RunTime:0.000000s ]
INFO: [ app_begin ] --END-- [ RunTime:0.000000s ]
INFO: [ view_parse ] --START--
INFO: [ template_filter ] --START--
INFO: Run Behavior\ContentReplaceBehavior [ RunTime:0.001000s ]
INFO: [ template_filter ] --END-- [ RunTime:0.001000s ]
INFO: Run Behavior\ParseTemplateBehavior [ RunTime:0.010000s ]
INFO: [ view_parse ] --END-- [ RunTime:0.010000s ]
INFO: [ view_filter ] --START--
INFO: Run Behavior\WriteHtmlCacheBehavior [ RunTime:0.001000s ]
INFO: [ view_filter ] --END-- [ RunTime:0.001000s ]

[ 2017-03-14T18:16:20+08:00 ] ::1 /OA/index.php/Department/FillInfo/OA/Public/assets/js/bootstrap-datetimepicker/css/bootstrap-datetimepicker.min.css
INFO: [ app_init ] --START--
INFO: Run Behavior\BuildLiteBehavior [ RunTime:0.000000s ]
INFO: [ app_init ] --END-- [ RunTime:0.000000s ]
INFO: [ app_begin ] --START--
INFO: Run Behavior\ReadHtmlCacheBehavior [ RunTime:0.001000s ]
INFO: [ app_begin ] --END-- [ RunTime:0.002000s ]
ERR: 非法操作:OA

[ 2017-03-14T18:16:20+08:00 ] ::1 /OA/index.php/Department/FillInfo/OA/Public/assets/js/bootstrap-datetimepicker/css/bootstrap-datetimepicker.min.css
INFO: [ app_init ] --START--
INFO: Run Behavior\BuildLiteBehavior [ RunTime:0.000000s ]
INFO: [ app_init ] --END-- [ RunTime:0.000000s ]
INFO: [ app_begin ] --START--
INFO: Run Behavior\ReadHtmlCacheBehavior [ RunTime:0.001000s ]
INFO: [ app_begin ] --END-- [ RunTime:0.001000s ]
ERR: 非法操作:OA

[ 2017-03-14T18:18:00+08:00 ] ::1 /OA/index.php/Department/FillInfo/addDepartment
INFO: [ app_init ] --START--
INFO: Run Behavior\BuildLiteBehavior [ RunTime:0.000000s ]
INFO: [ app_init ] --END-- [ RunTime:0.000000s ]
INFO: [ app_begin ] --START--
INFO: Run Behavior\ReadHtmlCacheBehavior [ RunTime:0.001000s ]
INFO: [ app_begin ] --END-- [ RunTime:0.001000s ]
INFO: [ view_parse ] --START--
INFO: [ template_filter ] --START--
INFO: Run Behavior\ContentReplaceBehavior [ RunTime:0.000000s ]
INFO: [ template_filter ] --END-- [ RunTime:0.000000s ]
INFO: Run Behavior\ParseTemplateBehavior [ RunTime:0.012001s ]
INFO: [ view_parse ] --END-- [ RunTime:0.012001s ]
INFO: [ view_filter ] --START--
INFO: Run Behavior\WriteHtmlCacheBehavior [ RunTime:0.000000s ]
INFO: [ view_filter ] --END-- [ RunTime:0.000000s ]

[ 2017-03-14T18:18:00+08:00 ] ::1 /OA/index.php/Department/FillInfo/OA/Public/assets/js/bootstrap-datetimepicker/css/bootstrap-datetimepicker.min.css
INFO: [ app_init ] --START--
INFO: Run Behavior\BuildLiteBehavior [ RunTime:0.000000s ]
INFO: [ app_init ] --END-- [ RunTime:0.001000s ]
INFO: [ app_begin ] --START--
INFO: Run Behavior\ReadHtmlCacheBehavior [ RunTime:0.000000s ]
INFO: [ app_begin ] --END-- [ RunTime:0.000000s ]
ERR: 非法操作:OA

[ 2017-03-14T18:18:00+08:00 ] ::1 /OA/index.php/Department/FillInfo/OA/Public/assets/js/bootstrap-datetimepicker/css/bootstrap-datetimepicker.min.css
INFO: [ app_init ] --START--
INFO: Run Behavior\BuildLiteBehavior [ RunTime:0.000000s ]
INFO: [ app_init ] --END-- [ RunTime:0.000000s ]
INFO: [ app_begin ] --START--
INFO: Run Behavior\ReadHtmlCacheBehavior [ RunTime:0.000000s ]
INFO: [ app_begin ] --END-- [ RunTime:0.001000s ]
ERR: 非法操作:OA

[ 2017-03-14T18:18:28+08:00 ] ::1 /OA/index.php/Department/FillInfo/addDepartment
INFO: [ app_init ] --START--
INFO: Run Behavior\BuildLiteBehavior [ RunTime:0.001000s ]
INFO: [ app_init ] --END-- [ RunTime:0.001000s ]
INFO: [ app_begin ] --START--
INFO: Run Behavior\ReadHtmlCacheBehavior [ RunTime:0.000000s ]
INFO: [ app_begin ] --END-- [ RunTime:0.001001s ]
INFO: [ view_parse ] --START--
INFO: [ template_filter ] --START--
INFO: Run Behavior\ContentReplaceBehavior [ RunTime:0.001000s ]
INFO: [ template_filter ] --END-- [ RunTime:0.001000s ]
INFO: Run Behavior\ParseTemplateBehavior [ RunTime:0.009000s ]
INFO: [ view_parse ] --END-- [ RunTime:0.009000s ]
INFO: [ view_filter ] --START--
INFO: Run Behavior\WriteHtmlCacheBehavior [ RunTime:0.001000s ]
INFO: [ view_filter ] --END-- [ RunTime:0.001000s ]

[ 2017-03-14T18:18:28+08:00 ] ::1 /OA/index.php/Department/FillInfo/OA/Public/assets/js/bootstrap-datetimepicker/css/bootstrap-datetimepicker.min.css
INFO: [ app_init ] --START--
INFO: Run Behavior\BuildLiteBehavior [ RunTime:0.000000s ]
INFO: [ app_init ] --END-- [ RunTime:0.004000s ]
INFO: [ app_begin ] --START--
INFO: Run Behavior\ReadHtmlCacheBehavior [ RunTime:0.000000s ]
INFO: [ app_begin ] --END-- [ RunTime:0.001000s ]
ERR: 非法操作:OA

[ 2017-03-14T18:18:28+08:00 ] ::1 /OA/index.php/Department/FillInfo/OA/Public/assets/js/bootstrap-datetimepicker/css/bootstrap-datetimepicker.min.css
INFO: [ app_init ] --START--
INFO: Run Behavior\BuildLiteBehavior [ RunTime:0.000000s ]
INFO: [ app_init ] --END-- [ RunTime:0.001000s ]
INFO: [ app_begin ] --START--
INFO: Run Behavior\ReadHtmlCacheBehavior [ RunTime:0.001000s ]
INFO: [ app_begin ] --END-- [ RunTime:0.001000s ]
ERR: 非法操作:OA

[ 2017-03-14T18:18:48+08:00 ] ::1 /OA/index.php/Department/FillInfo/addDepartment
INFO: [ app_init ] --START--
INFO: Run Behavior\BuildLiteBehavior [ RunTime:0.000000s ]
INFO: [ app_init ] --END-- [ RunTime:0.001000s ]
INFO: [ app_begin ] --START--
INFO: Run Behavior\ReadHtmlCacheBehavior [ RunTime:0.001000s ]
INFO: [ app_begin ] --END-- [ RunTime:0.001000s ]
INFO: [ view_parse ] --START--
INFO: [ template_filter ] --START--
INFO: Run Behavior\ContentReplaceBehavior [ RunTime:0.001000s ]
INFO: [ template_filter ] --END-- [ RunTime:0.001000s ]
INFO: Run Behavior\ParseTemplateBehavior [ RunTime:0.009001s ]
INFO: [ view_parse ] --END-- [ RunTime:0.009001s ]
INFO: [ view_filter ] --START--
INFO: Run Behavior\WriteHtmlCacheBehavior [ RunTime:0.000000s ]
INFO: [ view_filter ] --END-- [ RunTime:0.001000s ]

[ 2017-03-14T18:18:48+08:00 ] ::1 /OA/index.php/Department/FillInfo/OA/Public/assets/js/bootstrap-datetimepicker/css/bootstrap-datetimepicker.min.css
INFO: [ app_init ] --START--
INFO: Run Behavior\BuildLiteBehavior [ RunTime:0.000000s ]
INFO: [ app_init ] --END-- [ RunTime:0.002000s ]
INFO: [ app_begin ] --START--
INFO: Run Behavior\ReadHtmlCacheBehavior [ RunTime:0.000000s ]
INFO: [ app_begin ] --END-- [ RunTime:0.001000s ]
ERR: 非法操作:OA

[ 2017-03-14T18:18:48+08:00 ] ::1 /OA/index.php/Department/FillInfo/OA/Public/assets/js/bootstrap-datetimepicker/css/bootstrap-datetimepicker.min.css
INFO: [ app_init ] --START--
INFO: Run Behavior\BuildLiteBehavior [ RunTime:0.000000s ]
INFO: [ app_init ] --END-- [ RunTime:0.000000s ]
INFO: [ app_begin ] --START--
INFO: Run Behavior\ReadHtmlCacheBehavior [ RunTime:0.000000s ]
INFO: [ app_begin ] --END-- [ RunTime:0.001000s ]
ERR: 非法操作:OA

[ 2017-03-14T18:22:46+08:00 ] ::1 /OA/index.php/Department/FillInfo/addDepartment
INFO: [ app_init ] --START--
INFO: Run Behavior\BuildLiteBehavior [ RunTime:0.000000s ]
INFO: [ app_init ] --END-- [ RunTime:0.001000s ]
INFO: [ app_begin ] --START--
INFO: Run Behavior\ReadHtmlCacheBehavior [ RunTime:0.000000s ]
INFO: [ app_begin ] --END-- [ RunTime:0.002000s ]
INFO: [ view_parse ] --START--
INFO: [ template_filter ] --START--
INFO: Run Behavior\ContentReplaceBehavior [ RunTime:0.000000s ]
INFO: [ template_filter ] --END-- [ RunTime:0.000000s ]
INFO: Run Behavior\ParseTemplateBehavior [ RunTime:0.016001s ]
INFO: [ view_parse ] --END-- [ RunTime:0.016001s ]
INFO: [ view_filter ] --START--
INFO: Run Behavior\WriteHtmlCacheBehavior [ RunTime:0.000000s ]
INFO: [ view_filter ] --END-- [ RunTime:0.000000s ]

[ 2017-03-14T18:22:46+08:00 ] ::1 /OA/index.php/Department/FillInfo/OA/Public/assets/js/bootstrap-datetimepicker/css/bootstrap-datetimepicker.min.css
INFO: [ app_init ] --START--
INFO: Run Behavior\BuildLiteBehavior [ RunTime:0.001000s ]
INFO: [ app_init ] --END-- [ RunTime:0.002000s ]
INFO: [ app_begin ] --START--
INFO: Run Behavior\ReadHtmlCacheBehavior [ RunTime:0.001000s ]
INFO: [ app_begin ] --END-- [ RunTime:0.002000s ]
ERR: 非法操作:OA

[ 2017-03-14T18:22:46+08:00 ] ::1 /OA/index.php/Department/FillInfo/OA/Public/assets/js/bootstrap-datetimepicker/css/bootstrap-datetimepicker.min.css
INFO: [ app_init ] --START--
INFO: Run Behavior\BuildLiteBehavior [ RunTime:0.000000s ]
INFO: [ app_init ] --END-- [ RunTime:0.000000s ]
INFO: [ app_begin ] --START--
INFO: Run Behavior\ReadHtmlCacheBehavior [ RunTime:0.000000s ]
INFO: [ app_begin ] --END-- [ RunTime:0.000000s ]
ERR: 非法操作:OA

[ 2017-03-14T18:23:27+08:00 ] ::1 /OA/index.php/Department/FillInfo/addDepartment.html
INFO: [ app_init ] --START--
INFO: Run Behavior\BuildLiteBehavior [ RunTime:0.000000s ]
INFO: [ app_init ] --END-- [ RunTime:0.001000s ]
INFO: [ app_begin ] --START--
INFO: Run Behavior\ReadHtmlCacheBehavior [ RunTime:0.001000s ]
INFO: [ app_begin ] --END-- [ RunTime:0.001000s ]
INFO: [ view_parse ] --START--
INFO: [ template_filter ] --START--
INFO: Run Behavior\ContentReplaceBehavior [ RunTime:0.000000s ]
INFO: [ template_filter ] --END-- [ RunTime:0.001000s ]
INFO: Run Behavior\ParseTemplateBehavior [ RunTime:0.011000s ]
INFO: [ view_parse ] --END-- [ RunTime:0.011000s ]
INFO: [ view_filter ] --START--
INFO: Run Behavior\WriteHtmlCacheBehavior [ RunTime:0.001000s ]
INFO: [ view_filter ] --END-- [ RunTime:0.001000s ]

[ 2017-03-14T18:23:27+08:00 ] ::1 /OA/index.php/Department/FillInfo/OA/Public/assets/js/bootstrap-datetimepicker/css/bootstrap-datetimepicker.min.css
INFO: [ app_init ] --START--
INFO: Run Behavior\BuildLiteBehavior [ RunTime:0.000000s ]
INFO: [ app_init ] --END-- [ RunTime:0.000000s ]
INFO: [ app_begin ] --START--
INFO: Run Behavior\ReadHtmlCacheBehavior [ RunTime:0.001000s ]
INFO: [ app_begin ] --END-- [ RunTime:0.003001s ]
ERR: 非法操作:OA

[ 2017-03-14T18:23:27+08:00 ] ::1 /OA/index.php/Department/FillInfo/OA/Public/assets/js/bootstrap-datetimepicker/css/bootstrap-datetimepicker.min.css
INFO: [ app_init ] --START--
INFO: Run Behavior\BuildLiteBehavior [ RunTime:0.000000s ]
INFO: [ app_init ] --END-- [ RunTime:0.001000s ]
INFO: [ app_begin ] --START--
INFO: Run Behavior\ReadHtmlCacheBehavior [ RunTime:0.001000s ]
INFO: [ app_begin ] --END-- [ RunTime:0.001000s ]
ERR: 非法操作:OA

[ 2017-03-14T18:23:31+08:00 ] ::1 /OA/index.php/Department/FillInfo/addDepartment.html
INFO: [ app_init ] --START--
INFO: Run Behavior\BuildLiteBehavior [ RunTime:0.000000s ]
INFO: [ app_init ] --END-- [ RunTime:0.000000s ]
INFO: [ app_begin ] --START--
INFO: Run Behavior\ReadHtmlCacheBehavior [ RunTime:0.001000s ]
INFO: [ app_begin ] --END-- [ RunTime:0.001000s ]
INFO: [ view_parse ] --START--
INFO: [ template_filter ] --START--
INFO: Run Behavior\ContentReplaceBehavior [ RunTime:0.000000s ]
INFO: [ template_filter ] --END-- [ RunTime:0.001000s ]
INFO: Run Behavior\ParseTemplateBehavior [ RunTime:0.012000s ]
INFO: [ view_parse ] --END-- [ RunTime:0.012000s ]
INFO: [ view_filter ] --START--
INFO: Run Behavior\WriteHtmlCacheBehavior [ RunTime:0.001001s ]
INFO: [ view_filter ] --END-- [ RunTime:0.001001s ]

[ 2017-03-14T18:23:31+08:00 ] ::1 /OA/index.php/Department/FillInfo/OA/Public/assets/js/bootstrap-datetimepicker/css/bootstrap-datetimepicker.min.css
INFO: [ app_init ] --START--
INFO: Run Behavior\BuildLiteBehavior [ RunTime:0.000000s ]
INFO: [ app_init ] --END-- [ RunTime:0.000000s ]
INFO: [ app_begin ] --START--
INFO: Run Behavior\ReadHtmlCacheBehavior [ RunTime:0.000000s ]
INFO: [ app_begin ] --END-- [ RunTime:0.000000s ]
ERR: 非法操作:OA

[ 2017-03-14T18:23:31+08:00 ] ::1 /OA/index.php/Department/FillInfo/OA/Public/assets/js/bootstrap-datetimepicker/css/bootstrap-datetimepicker.min.css
INFO: [ app_init ] --START--
INFO: Run Behavior\BuildLiteBehavior [ RunTime:0.000000s ]
INFO: [ app_init ] --END-- [ RunTime:0.001000s ]
INFO: [ app_begin ] --START--
INFO: Run Behavior\ReadHtmlCacheBehavior [ RunTime:0.000000s ]
INFO: [ app_begin ] --END-- [ RunTime:0.001000s ]
ERR: 非法操作:OA

[ 2017-03-14T18:46:29+08:00 ] ::1 /OA/index.php/Department/List/showList
INFO: [ app_init ] --START--
INFO: Run Behavior\BuildLiteBehavior [ RunTime:0.000000s ]
INFO: [ app_init ] --END-- [ RunTime:0.001000s ]
INFO: [ app_begin ] --START--
INFO: Run Behavior\ReadHtmlCacheBehavior [ RunTime:0.001000s ]
INFO: [ app_begin ] --END-- [ RunTime:0.001000s ]
SQL: SHOW COLUMNS FROM `department` [ RunTime:0.0010s ]
SQL: SELECT * FROM `department`  [ RunTime:0.0000s ]
INFO: [ view_parse ] --START--
INFO: [ template_filter ] --START--
INFO: Run Behavior\ContentReplaceBehavior [ RunTime:0.000000s ]
INFO: [ template_filter ] --END-- [ RunTime:0.000000s ]
NOTIC: [8] Undefined index: department C:\wamp64\www\OA\Application\Runtime\Cache\Department\5c845b9bb6d46ccd9a162bd9cbb79eef.php 第 335 行.
NOTIC: [8] Undefined index: department C:\wamp64\www\OA\Application\Runtime\Cache\Department\5c845b9bb6d46ccd9a162bd9cbb79eef.php 第 335 行.
NOTIC: [8] Undefined index: department C:\wamp64\www\OA\Application\Runtime\Cache\Department\5c845b9bb6d46ccd9a162bd9cbb79eef.php 第 335 行.
NOTIC: [8] Undefined index: department C:\wamp64\www\OA\Application\Runtime\Cache\Department\5c845b9bb6d46ccd9a162bd9cbb79eef.php 第 335 行.
NOTIC: [8] Undefined index: department C:\wamp64\www\OA\Application\Runtime\Cache\Department\5c845b9bb6d46ccd9a162bd9cbb79eef.php 第 335 行.
NOTIC: [8] Undefined index: department C:\wamp64\www\OA\Application\Runtime\Cache\Department\5c845b9bb6d46ccd9a162bd9cbb79eef.php 第 335 行.
NOTIC: [8] Undefined index: department C:\wamp64\www\OA\Application\Runtime\Cache\Department\5c845b9bb6d46ccd9a162bd9cbb79eef.php 第 335 行.
NOTIC: [8] Undefined index: department C:\wamp64\www\OA\Application\Runtime\Cache\Department\5c845b9bb6d46ccd9a162bd9cbb79eef.php 第 335 行.
NOTIC: [8] Undefined index: department C:\wamp64\www\OA\Application\Runtime\Cache\Department\5c845b9bb6d46ccd9a162bd9cbb79eef.php 第 335 行.
NOTIC: [8] Undefined index: department C:\wamp64\www\OA\Application\Runtime\Cache\Department\5c845b9bb6d46ccd9a162bd9cbb79eef.php 第 335 行.
NOTIC: [8] Undefined index: department C:\wamp64\www\OA\Application\Runtime\Cache\Department\5c845b9bb6d46ccd9a162bd9cbb79eef.php 第 335 行.
INFO: Run Behavior\ParseTemplateBehavior [ RunTime:0.020002s ]
INFO: [ view_parse ] --END-- [ RunTime:0.020002s ]
INFO: [ view_filter ] --START--
INFO: Run Behavior\WriteHtmlCacheBehavior [ RunTime:0.000000s ]
INFO: [ view_filter ] --END-- [ RunTime:0.001000s ]
INFO: [ app_end ] --START--
INFO: Run Behavior\ShowPageTraceBehavior [ RunTime:0.000000s ]
INFO: [ app_end ] --END-- [ RunTime:0.001000s ]

[ 2017-03-14T18:47:50+08:00 ] ::1 /OA/index.php/Department/List/showList
INFO: [ app_init ] --START--
INFO: Run Behavior\BuildLiteBehavior [ RunTime:0.000000s ]
INFO: [ app_init ] --END-- [ RunTime:0.002000s ]
INFO: [ app_begin ] --START--
INFO: Run Behavior\ReadHtmlCacheBehavior [ RunTime:0.001000s ]
INFO: [ app_begin ] --END-- [ RunTime:0.001000s ]
SQL: SHOW COLUMNS FROM `department` [ RunTime:0.0010s ]
SQL: SELECT * FROM `department`  [ RunTime:0.0000s ]
INFO: [ view_parse ] --START--
INFO: [ template_filter ] --START--
INFO: Run Behavior\ContentReplaceBehavior [ RunTime:0.000000s ]
INFO: [ template_filter ] --END-- [ RunTime:0.001000s ]
NOTIC: [8] Undefined index: department C:\wamp64\www\OA\Application\Runtime\Cache\Department\5c845b9bb6d46ccd9a162bd9cbb79eef.php 第 335 行.
NOTIC: [8] Undefined index: department C:\wamp64\www\OA\Application\Runtime\Cache\Department\5c845b9bb6d46ccd9a162bd9cbb79eef.php 第 335 行.
NOTIC: [8] Undefined index: department C:\wamp64\www\OA\Application\Runtime\Cache\Department\5c845b9bb6d46ccd9a162bd9cbb79eef.php 第 335 行.
NOTIC: [8] Undefined index: department C:\wamp64\www\OA\Application\Runtime\Cache\Department\5c845b9bb6d46ccd9a162bd9cbb79eef.php 第 335 行.
NOTIC: [8] Undefined index: department C:\wamp64\www\OA\Application\Runtime\Cache\Department\5c845b9bb6d46ccd9a162bd9cbb79eef.php 第 335 行.
NOTIC: [8] Undefined index: department C:\wamp64\www\OA\Application\Runtime\Cache\Department\5c845b9bb6d46ccd9a162bd9cbb79eef.php 第 335 行.
NOTIC: [8] Undefined index: department C:\wamp64\www\OA\Application\Runtime\Cache\Department\5c845b9bb6d46ccd9a162bd9cbb79eef.php 第 335 行.
NOTIC: [8] Undefined index: department C:\wamp64\www\OA\Application\Runtime\Cache\Department\5c845b9bb6d46ccd9a162bd9cbb79eef.php 第 335 行.
NOTIC: [8] Undefined index: department C:\wamp64\www\OA\Application\Runtime\Cache\Department\5c845b9bb6d46ccd9a162bd9cbb79eef.php 第 335 行.
NOTIC: [8] Undefined index: department C:\wamp64\www\OA\Application\Runtime\Cache\Department\5c845b9bb6d46ccd9a162bd9cbb79eef.php 第 335 行.
NOTIC: [8] Undefined index: department C:\wamp64\www\OA\Application\Runtime\Cache\Department\5c845b9bb6d46ccd9a162bd9cbb79eef.php 第 335 行.
INFO: Run Behavior\ParseTemplateBehavior [ RunTime:0.014001s ]
INFO: [ view_parse ] --END-- [ RunTime:0.014001s ]
INFO: [ view_filter ] --START--
INFO: Run Behavior\WriteHtmlCacheBehavior [ RunTime:0.000000s ]
INFO: [ view_filter ] --END-- [ RunTime:0.001000s ]
INFO: [ app_end ] --START--
INFO: Run Behavior\ShowPageTraceBehavior [ RunTime:0.000000s ]
INFO: [ app_end ] --END-- [ RunTime:0.001000s ]

[ 2017-03-14T18:47:55+08:00 ] ::1 /OA/index.php/Department/FillInfo/addDepartment
INFO: [ app_init ] --START--
INFO: Run Behavior\BuildLiteBehavior [ RunTime:0.000000s ]
INFO: [ app_init ] --END-- [ RunTime:0.001000s ]
INFO: [ app_begin ] --START--
INFO: Run Behavior\ReadHtmlCacheBehavior [ RunTime:0.001000s ]
INFO: [ app_begin ] --END-- [ RunTime:0.001000s ]
INFO: [ view_parse ] --START--
INFO: [ template_filter ] --START--
INFO: Run Behavior\ContentReplaceBehavior [ RunTime:0.001000s ]
INFO: [ template_filter ] --END-- [ RunTime:0.001000s ]
INFO: Run Behavior\ParseTemplateBehavior [ RunTime:0.018001s ]
INFO: [ view_parse ] --END-- [ RunTime:0.019001s ]
INFO: [ view_filter ] --START--
INFO: Run Behavior\WriteHtmlCacheBehavior [ RunTime:0.000000s ]
INFO: [ view_filter ] --END-- [ RunTime:0.000000s ]

[ 2017-03-14T18:47:55+08:00 ] ::1 /OA/index.php/Department/FillInfo/OA/Public/assets/js/bootstrap-datetimepicker/css/bootstrap-datetimepicker.min.css
INFO: [ app_init ] --START--
INFO: Run Behavior\BuildLiteBehavior [ RunTime:0.000000s ]
INFO: [ app_init ] --END-- [ RunTime:0.002001s ]
INFO: [ app_begin ] --START--
INFO: Run Behavior\ReadHtmlCacheBehavior [ RunTime:0.001000s ]
INFO: [ app_begin ] --END-- [ RunTime:0.001000s ]
ERR: 非法操作:OA

[ 2017-03-14T18:47:55+08:00 ] ::1 /OA/index.php/Department/FillInfo/OA/Public/assets/js/bootstrap-datetimepicker/css/bootstrap-datetimepicker.min.css
INFO: [ app_init ] --START--
INFO: Run Behavior\BuildLiteBehavior [ RunTime:0.000000s ]
INFO: [ app_init ] --END-- [ RunTime:0.000000s ]
INFO: [ app_begin ] --START--
INFO: Run Behavior\ReadHtmlCacheBehavior [ RunTime:0.001000s ]
INFO: [ app_begin ] --END-- [ RunTime:0.001000s ]
ERR: 非法操作:OA

